#
# There is insufficient memory for the Java Runtime Environment to continue.
# Native memory allocation (malloc) failed to allocate 1356800 bytes for Chunk::new
# Possible reasons:
#   The system is out of physical RAM or swap space
#   The process is running with CompressedOops enabled, and the Java Heap may be blocking the growth of the native heap
# Possible solutions:
#   Reduce memory load on the system
#   Increase physical memory or swap space
#   Check if swap backing store is full
#   Decrease Java heap size (-Xmx/-Xms)
#   Decrease number of Java threads
#   Decrease Java thread stack sizes (-Xss)
#   Set larger code cache with -XX:ReservedCodeCacheSize=
#   JVM is running with Unscaled Compressed Oops mode in which the Java heap is
#     placed in the first 4GB address space. The Java Heap base address is the
#     maximum limit for the native heap growth. Please use -XX:HeapBaseMinAddress
#     to set the Java Heap base and to place the Java Heap above 4GB virtual address.
# This output file may be truncated or incomplete.
#
#  Out of Memory Error (arena.cpp:168), pid=12508, tid=21296
#
# JRE version: Java(TM) SE Runtime Environment (21.0.4+8) (build 21.0.4+8-LTS-274)
# Java VM: Java HotSpot(TM) 64-Bit Server VM (21.0.4+8-LTS-274, mixed mode, sharing, tiered, compressed oops, compressed class ptrs, g1 gc, windows-amd64)
# No core dump will be written. Minidumps are not enabled by default on client versions of Windows
#

---------------  S U M M A R Y ------------

Command Line: --add-opens=java.base/java.util=ALL-UNNAMED --add-opens=java.base/java.lang=ALL-UNNAMED --add-opens=java.base/java.lang.invoke=ALL-UNNAMED --add-opens=java.prefs/java.util.prefs=ALL-UNNAMED --add-opens=java.base/java.nio.charset=ALL-UNNAMED --add-opens=java.base/java.net=ALL-UNNAMED --add-opens=java.base/java.util.concurrent.atomic=ALL-UNNAMED -XX:MaxMetaspaceSize=384m -XX:+HeapDumpOnOutOfMemoryError -Xms256m -Xmx512m -Dfile.encoding=UTF-8 -Duser.country=VN -Duser.language=vi -Duser.variant -javaagent:C:\Users\taing\.gradle\wrapper\dists\gradle-8.8-bin\dl7vupf4psengwqhwktix4v1\gradle-8.8\lib\agents\gradle-instrumentation-agent-8.8.jar org.gradle.launcher.daemon.bootstrap.GradleDaemon 8.8

Host: Intel(R) Core(TM) i5-10300H CPU @ 2.50GHz, 8 cores, 15G,  Windows 11 , 64 bit Build 26100 (10.0.26100.5074)
Time: Thu Sep 25 08:31:27 2025 SE Asia Standard Time elapsed time: 16.973595 seconds (0d 0h 0m 16s)

---------------  T H R E A D  ---------------

Current thread (0x00000249a02c7aa0):  JavaThread "C2 CompilerThread0" daemon [_thread_in_native, id=21296, stack(0x000000b42ca00000,0x000000b42cb00000) (1024K)]


Current CompileTask:
C2:  16973 10875       4       org.gradle.cache.internal.btree.FreeListBlockStore::read (12 bytes)

Stack: [0x000000b42ca00000,0x000000b42cb00000]
Native frames: (J=compiled Java code, j=interpreted, Vv=VM code, C=native code)
V  [jvm.dll+0x6c8e59]
V  [jvm.dll+0x853181]
V  [jvm.dll+0x8556ae]
V  [jvm.dll+0x855d83]
V  [jvm.dll+0x27d526]
V  [jvm.dll+0xc4aad]
V  [jvm.dll+0xc4fe3]
V  [jvm.dll+0x3b400c]
V  [jvm.dll+0x1df439]
V  [jvm.dll+0x2463d2]
V  [jvm.dll+0x24585f]
V  [jvm.dll+0x1c69de]
V  [jvm.dll+0x254d49]
V  [jvm.dll+0x2532da]
V  [jvm.dll+0x3ed426]
V  [jvm.dll+0x7fd65b]
V  [jvm.dll+0x6c753d]
C  [ucrtbase.dll+0x37b0]
C  [KERNEL32.DLL+0x2e8d7]
C  [ntdll.dll+0x8d9c]


---------------  P R O C E S S  ---------------

Threads class SMR info:
_java_thread_list=0x00000249be482210, length=70, elements={
0x000002498349d970, 0x00000249a02a9700, 0x00000249a02abce0, 0x00000249a02aec60,
0x00000249a02af6c0, 0x00000249a02b0c90, 0x00000249a02b43a0, 0x00000249a02c7aa0,
0x00000249a02c9310, 0x00000249a03863e0, 0x00000249a0538b50, 0x00000249bae4edf0,
0x00000249bac81c50, 0x00000249ba4b9f20, 0x00000249bafa5f90, 0x00000249bb03e850,
0x00000249bafa7560, 0x00000249bafa8280, 0x00000249bafa8910, 0x00000249bafa9cc0,
0x00000249bbe04480, 0x00000249bbe030d0, 0x00000249bbe06550, 0x00000249bbe06be0,
0x00000249bbe07900, 0x00000249bbe07270, 0x00000249bbe07f90, 0x00000249bbe08620,
0x00000249bb5946a0, 0x00000249bcad3a80, 0x00000249bcad0c90, 0x00000249bcad2040,
0x00000249bcad4110, 0x00000249bcad47a0, 0x00000249bcad1320, 0x00000249bcad4e30,
0x00000249bcad6f00, 0x00000249bcad54c0, 0x00000249bcad5b50, 0x00000249bcad61e0,
0x00000249bcad6870, 0x00000249bd1853d0, 0x00000249be4ddde0, 0x00000249be4dd750,
0x00000249be4de470, 0x00000249be4db680, 0x00000249be4dd0c0, 0x00000249be4daff0,
0x00000249be4deb00, 0x00000249a05e8730, 0x00000249be4df190, 0x00000249be4dbd10,
0x00000249be4dc3a0, 0x00000249be4df820, 0x00000249be4dfeb0, 0x00000249be4dca30,
0x00000249be4e0bd0, 0x00000249be4e0540, 0x00000249be4e18f0, 0x00000249be4e1f80,
0x00000249be4e2610, 0x00000249bd2784e0, 0x00000249bd279200, 0x00000249bd279f20,
0x00000249bd2777c0, 0x00000249bd277e50, 0x00000249bd277130, 0x00000249bd278b70,
0x00000249bd27ac40, 0x00000249bb2e3450
}

Java Threads: ( => current thread )
  0x000002498349d970 JavaThread "main"                              [_thread_blocked, id=13168, stack(0x000000b42bc00000,0x000000b42bd00000) (1024K)]
  0x00000249a02a9700 JavaThread "Reference Handler"          daemon [_thread_blocked, id=24588, stack(0x000000b42c400000,0x000000b42c500000) (1024K)]
  0x00000249a02abce0 JavaThread "Finalizer"                  daemon [_thread_blocked, id=21352, stack(0x000000b42c500000,0x000000b42c600000) (1024K)]
  0x00000249a02aec60 JavaThread "Signal Dispatcher"          daemon [_thread_blocked, id=25536, stack(0x000000b42c600000,0x000000b42c700000) (1024K)]
  0x00000249a02af6c0 JavaThread "Attach Listener"            daemon [_thread_blocked, id=9272, stack(0x000000b42c700000,0x000000b42c800000) (1024K)]
  0x00000249a02b0c90 JavaThread "Service Thread"             daemon [_thread_blocked, id=22968, stack(0x000000b42c800000,0x000000b42c900000) (1024K)]
  0x00000249a02b43a0 JavaThread "Monitor Deflation Thread"   daemon [_thread_blocked, id=13032, stack(0x000000b42c900000,0x000000b42ca00000) (1024K)]
=>0x00000249a02c7aa0 JavaThread "C2 CompilerThread0"         daemon [_thread_in_native, id=21296, stack(0x000000b42ca00000,0x000000b42cb00000) (1024K)]
  0x00000249a02c9310 JavaThread "C1 CompilerThread0"         daemon [_thread_blocked, id=17896, stack(0x000000b42cb00000,0x000000b42cc00000) (1024K)]
  0x00000249a03863e0 JavaThread "Common-Cleaner"             daemon [_thread_blocked, id=14620, stack(0x000000b42cc00000,0x000000b42cd00000) (1024K)]
  0x00000249a0538b50 JavaThread "Notification Thread"        daemon [_thread_blocked, id=13244, stack(0x000000b42cd00000,0x000000b42ce00000) (1024K)]
  0x00000249bae4edf0 JavaThread "Daemon health stats"               [_thread_blocked, id=20160, stack(0x000000b42d400000,0x000000b42d500000) (1024K)]
  0x00000249bac81c50 JavaThread "Incoming local TCP Connector on port 61281"        [_thread_in_native, id=20600, stack(0x000000b42d500000,0x000000b42d600000) (1024K)]
  0x00000249ba4b9f20 JavaThread "Daemon periodic checks"            [_thread_blocked, id=17128, stack(0x000000b42d600000,0x000000b42d700000) (1024K)]
  0x00000249bafa5f90 JavaThread "Daemon"                            [_thread_blocked, id=24972, stack(0x000000b42d700000,0x000000b42d800000) (1024K)]
  0x00000249bb03e850 JavaThread "Daemon worker"                     [_thread_blocked, id=4176, stack(0x000000b42da00000,0x000000b42db00000) (1024K)]
  0x00000249bafa7560 JavaThread "Cache worker for journal cache (C:\Users\taing\.gradle\caches\journal-1)"        [_thread_blocked, id=8208, stack(0x000000b42de00000,0x000000b42df00000) (1024K)]
  0x00000249bafa8280 JavaThread "File lock request listener"        [_thread_in_native, id=23648, stack(0x000000b42df00000,0x000000b42e000000) (1024K)]
  0x00000249bafa8910 JavaThread "Cache worker for file hash cache (C:\Users\taing\.gradle\caches\8.8\fileHashes)"        [_thread_blocked, id=11464, stack(0x000000b42e000000,0x000000b42e100000) (1024K)]
  0x00000249bafa9cc0 JavaThread "File watcher server"        daemon [_thread_in_native, id=25792, stack(0x000000b42e600000,0x000000b42e700000) (1024K)]
  0x00000249bbe04480 JavaThread "File watcher consumer"      daemon [_thread_blocked, id=2036, stack(0x000000b42e700000,0x000000b42e800000) (1024K)]
  0x00000249bbe030d0 JavaThread "Cache worker for file content cache (C:\Users\taing\.gradle\caches\8.8\fileContent)"        [_thread_blocked, id=25360, stack(0x000000b42e900000,0x000000b42ea00000) (1024K)]
  0x00000249bbe06550 JavaThread "jar transforms"                    [_thread_blocked, id=20048, stack(0x000000b42ec00000,0x000000b42ed00000) (1024K)]
  0x00000249bbe06be0 JavaThread "jar transforms Thread 2"           [_thread_blocked, id=13920, stack(0x000000b42ed00000,0x000000b42ee00000) (1024K)]
  0x00000249bbe07900 JavaThread "jar transforms Thread 3"           [_thread_blocked, id=21736, stack(0x000000b42ee00000,0x000000b42ef00000) (1024K)]
  0x00000249bbe07270 JavaThread "jar transforms Thread 4"           [_thread_blocked, id=10724, stack(0x000000b42f100000,0x000000b42f200000) (1024K)]
  0x00000249bbe07f90 JavaThread "jar transforms Thread 5"           [_thread_blocked, id=19588, stack(0x000000b42f200000,0x000000b42f300000) (1024K)]
  0x00000249bbe08620 JavaThread "jar transforms Thread 6"           [_thread_blocked, id=15252, stack(0x000000b42f300000,0x000000b42f400000) (1024K)]
  0x00000249bb5946a0 JavaThread "jar transforms Thread 7"           [_thread_blocked, id=25240, stack(0x000000b42f500000,0x000000b42f600000) (1024K)]
  0x00000249bcad3a80 JavaThread "Memory manager"                    [_thread_blocked, id=9200, stack(0x000000b430b00000,0x000000b430c00000) (1024K)]
  0x00000249bcad0c90 JavaThread "jar transforms Thread 8"           [_thread_blocked, id=10640, stack(0x000000b430c00000,0x000000b430d00000) (1024K)]
  0x00000249bcad2040 JavaThread "ForkJoinPool.commonPool-worker-1" daemon [_thread_blocked, id=2868, stack(0x000000b430d00000,0x000000b430e00000) (1024K)]
  0x00000249bcad4110 JavaThread "ForkJoinPool.commonPool-worker-2" daemon [_thread_blocked, id=12256, stack(0x000000b430e00000,0x000000b430f00000) (1024K)]
  0x00000249bcad47a0 JavaThread "ForkJoinPool.commonPool-worker-3" daemon [_thread_blocked, id=8388, stack(0x000000b430f00000,0x000000b431000000) (1024K)]
  0x00000249bcad1320 JavaThread "ForkJoinPool.commonPool-worker-4" daemon [_thread_blocked, id=24252, stack(0x000000b431000000,0x000000b431100000) (1024K)]
  0x00000249bcad4e30 JavaThread "ForkJoinPool.commonPool-worker-5" daemon [_thread_blocked, id=10772, stack(0x000000b431100000,0x000000b431200000) (1024K)]
  0x00000249bcad6f00 JavaThread "ForkJoinPool.commonPool-worker-6" daemon [_thread_blocked, id=8404, stack(0x000000b431200000,0x000000b431300000) (1024K)]
  0x00000249bcad54c0 JavaThread "ForkJoinPool.commonPool-worker-7" daemon [_thread_blocked, id=21820, stack(0x000000b431300000,0x000000b431400000) (1024K)]
  0x00000249bcad5b50 JavaThread "Exec process"               daemon [_thread_in_native, id=25492, stack(0x000000b431400000,0x000000b431500000) (1024K)]
  0x00000249bcad61e0 JavaThread "Exec process Thread 2"      daemon [_thread_in_native, id=18960, stack(0x000000b431500000,0x000000b431600000) (1024K)]
  0x00000249bcad6870 JavaThread "Exec process Thread 3"      daemon [_thread_in_native, id=2512, stack(0x000000b431600000,0x000000b431700000) (1024K)]
  0x00000249bd1853d0 JavaThread "included builds"                   [_thread_blocked, id=17184, stack(0x000000b435000000,0x000000b435100000) (1024K)]
  0x00000249be4ddde0 JavaThread "VFS cleanup"                       [_thread_blocked, id=20076, stack(0x000000b42db00000,0x000000b42dc00000) (1024K)]
  0x00000249be4dd750 JavaThread "Handler for socket connection from /127.0.0.1:61281 to /127.0.0.1:61285"        [_thread_in_native, id=17828, stack(0x000000b42ce00000,0x000000b42cf00000) (1024K)]
  0x00000249be4de470 JavaThread "Cancel handler"                    [_thread_blocked, id=11664, stack(0x000000b42d800000,0x000000b42d900000) (1024K)]
  0x00000249be4db680 JavaThread "Asynchronous log dispatcher for DefaultDaemonConnection: socket connection from /127.0.0.1:61281 to /127.0.0.1:61285"        [_thread_blocked, id=11584, stack(0x000000b42d900000,0x000000b42da00000) (1024K)]
  0x00000249be4dd0c0 JavaThread "Stdin handler"                     [_thread_blocked, id=23736, stack(0x000000b42dc00000,0x000000b42dd00000) (1024K)]
  0x00000249be4daff0 JavaThread "Daemon client event forwarder"        [_thread_blocked, id=2012, stack(0x000000b42dd00000,0x000000b42de00000) (1024K)]
  0x00000249be4deb00 JavaThread "Cache worker for file hash cache (D:\RaTruong\GenZFashionHuyen\DATN_HP_20\DoAnTotNghiep_GenZFashion\.gradle\8.8\fileHashes)"        [_thread_blocked, id=15656, stack(0x000000b42e100000,0x000000b42e200000) (1024K)]
  0x00000249a05e8730 JavaThread "C2 CompilerThread1"         daemon [_thread_blocked, id=10484, stack(0x000000b42e500000,0x000000b42e600000) (1024K)]
  0x00000249be4df190 JavaThread "Cache worker for checksums cache (D:\RaTruong\GenZFashionHuyen\DATN_HP_20\DoAnTotNghiep_GenZFashion\.gradle\8.8\checksums)"        [_thread_blocked, id=11704, stack(0x000000b42e800000,0x000000b42e900000) (1024K)]
  0x00000249be4dbd10 JavaThread "Cache worker for cache directory md-rule (C:\Users\taing\.gradle\caches\8.8\md-rule)"        [_thread_blocked, id=15216, stack(0x000000b42ea00000,0x000000b42eb00000) (1024K)]
  0x00000249be4dc3a0 JavaThread "Cache worker for cache directory md-supplier (C:\Users\taing\.gradle\caches\8.8\md-supplier)"        [_thread_blocked, id=20352, stack(0x000000b42eb00000,0x000000b42ec00000) (1024K)]
  0x00000249be4df820 JavaThread "Unconstrained build operations"        [_thread_blocked, id=20096, stack(0x000000b42ef00000,0x000000b42f000000) (1024K)]
  0x00000249be4dfeb0 JavaThread "Cache worker for Build Output Cleanup Cache (D:\RaTruong\GenZFashionHuyen\DATN_HP_20\DoAnTotNghiep_GenZFashion\.gradle\buildOutputCleanup)"        [_thread_blocked, id=19756, stack(0x000000b42f000000,0x000000b42f100000) (1024K)]
  0x00000249be4dca30 JavaThread "Unconstrained build operations Thread 2"        [_thread_blocked, id=19020, stack(0x000000b42f400000,0x000000b42f500000) (1024K)]
  0x00000249be4e0bd0 JavaThread "Unconstrained build operations Thread 3"        [_thread_blocked, id=12432, stack(0x000000b42f600000,0x000000b42f700000) (1024K)]
  0x00000249be4e0540 JavaThread "Unconstrained build operations Thread 4"        [_thread_blocked, id=24900, stack(0x000000b42f700000,0x000000b42f800000) (1024K)]
  0x00000249be4e18f0 JavaThread "Unconstrained build operations Thread 5"        [_thread_blocked, id=6028, stack(0x000000b42f800000,0x000000b42f900000) (1024K)]
  0x00000249be4e1f80 JavaThread "Unconstrained build operations Thread 6"        [_thread_blocked, id=20884, stack(0x000000b42f900000,0x000000b42fa00000) (1024K)]
  0x00000249be4e2610 JavaThread "Unconstrained build operations Thread 7"        [_thread_blocked, id=21624, stack(0x000000b42fa00000,0x000000b42fb00000) (1024K)]
  0x00000249bd2784e0 JavaThread "Unconstrained build operations Thread 8"        [_thread_blocked, id=10408, stack(0x000000b42fb00000,0x000000b42fc00000) (1024K)]
  0x00000249bd279200 JavaThread "Unconstrained build operations Thread 9"        [_thread_blocked, id=4312, stack(0x000000b42fc00000,0x000000b42fd00000) (1024K)]
  0x00000249bd279f20 JavaThread "Unconstrained build operations Thread 10"        [_thread_blocked, id=13040, stack(0x000000b42fd00000,0x000000b42fe00000) (1024K)]
  0x00000249bd2777c0 JavaThread "Unconstrained build operations Thread 11"        [_thread_blocked, id=2732, stack(0x000000b42fe00000,0x000000b42ff00000) (1024K)]
  0x00000249bd277e50 JavaThread "Unconstrained build operations Thread 12"        [_thread_blocked, id=9288, stack(0x000000b42ff00000,0x000000b430000000) (1024K)]
  0x00000249bd277130 JavaThread "Unconstrained build operations Thread 13"        [_thread_blocked, id=25340, stack(0x000000b430000000,0x000000b430100000) (1024K)]
  0x00000249bd278b70 JavaThread "Unconstrained build operations Thread 14"        [_thread_blocked, id=8260, stack(0x000000b430100000,0x000000b430200000) (1024K)]
  0x00000249bd27ac40 JavaThread "Unconstrained build operations Thread 15"        [_thread_blocked, id=20796, stack(0x000000b430200000,0x000000b430300000) (1024K)]
  0x00000249bb2e3450 JavaThread "C2 CompilerThread2"         daemon [_thread_blocked, id=21784, stack(0x000000b430300000,0x000000b430400000) (1024K)]
Total: 70

Other Threads:
  0x00000249a028b160 VMThread "VM Thread"                           [id=15896, stack(0x000000b42c300000,0x000000b42c400000) (1024K)]
  0x00000249a026eb70 WatcherThread "VM Periodic Task Thread"        [id=3292, stack(0x000000b42c200000,0x000000b42c300000) (1024K)]
  0x0000024985679ad0 WorkerThread "GC Thread#0"                     [id=25956, stack(0x000000b42bd00000,0x000000b42be00000) (1024K)]
  0x00000249ba1c1730 WorkerThread "GC Thread#1"                     [id=5208, stack(0x000000b42cf00000,0x000000b42d000000) (1024K)]
  0x00000249ba1c1ad0 WorkerThread "GC Thread#2"                     [id=22860, stack(0x000000b42d000000,0x000000b42d100000) (1024K)]
  0x00000249ba1c1e70 WorkerThread "GC Thread#3"                     [id=1000, stack(0x000000b42d100000,0x000000b42d200000) (1024K)]
  0x00000249ba1b2880 WorkerThread "GC Thread#4"                     [id=26024, stack(0x000000b42d200000,0x000000b42d300000) (1024K)]
  0x00000249ba1b2c20 WorkerThread "GC Thread#5"                     [id=11260, stack(0x000000b42d300000,0x000000b42d400000) (1024K)]
  0x00000249bdb6a6d0 WorkerThread "GC Thread#6"                     [id=23320, stack(0x000000b42e200000,0x000000b42e300000) (1024K)]
  0x00000249bdb6ae80 WorkerThread "GC Thread#7"                     [id=8128, stack(0x000000b42e300000,0x000000b42e400000) (1024K)]
  0x000002498567e9c0 ConcurrentGCThread "G1 Main Marker"            [id=16024, stack(0x000000b42be00000,0x000000b42bf00000) (1024K)]
  0x0000024985680250 WorkerThread "G1 Conc#0"                       [id=22012, stack(0x000000b42bf00000,0x000000b42c000000) (1024K)]
  0x00000249bc801ee0 WorkerThread "G1 Conc#1"                       [id=21380, stack(0x000000b42e400000,0x000000b42e500000) (1024K)]
  0x00000249a0140690 ConcurrentGCThread "G1 Refine#0"               [id=23120, stack(0x000000b42c000000,0x000000b42c100000) (1024K)]
  0x00000249a0140eb0 ConcurrentGCThread "G1 Service"                [id=16624, stack(0x000000b42c100000,0x000000b42c200000) (1024K)]
Total: 15

Threads with active compile tasks:
C2 CompilerThread0    16991 10875       4       org.gradle.cache.internal.btree.FreeListBlockStore::read (12 bytes)
Total: 1

VM state: not at safepoint (normal execution)

VM Mutex/Monitor currently owned by a thread: None

Heap address: 0x00000000e0000000, size: 512 MB, Compressed Oops mode: 32-bit

CDS archive(s) mapped at: [0x00000249a1000000-0x00000249a1c90000-0x00000249a1c90000), size 13172736, SharedBaseAddress: 0x00000249a1000000, ArchiveRelocationMode: 1.
Compressed class space mapped at: 0x00000249a2000000-0x00000249b6000000, reserved size: 335544320
Narrow klass base: 0x00000249a1000000, Narrow klass shift: 0, Narrow klass range: 0x100000000

GC Precious Log:
 CardTable entry size: 512
 Card Set container configuration: InlinePtr #cards 5 size 8 Array Of Cards #cards 12 size 40 Howl #buckets 4 coarsen threshold 1843 Howl Bitmap #cards 512 size 80 coarsen threshold 460 Card regions per heap region 1 cards per card region 2048
 CPUs: 8 total, 8 available
 Memory: 16215M
 Large Page Support: Disabled
 NUMA Support: Disabled
 Compressed Oops: Enabled (32-bit)
 Heap Region Size: 1M
 Heap Min Capacity: 256M
 Heap Initial Capacity: 256M
 Heap Max Capacity: 512M
 Pre-touch: Disabled
 Parallel Workers: 8
 Concurrent Workers: 2
 Concurrent Refinement Workers: 8
 Periodic GC: Disabled

Heap:
 garbage-first heap   total 262144K, used 170430K [0x00000000e0000000, 0x0000000100000000)
  region size 1024K, 116 young (118784K), 8 survivors (8192K)
 Metaspace       used 61259K, committed 63424K, reserved 393216K
  class space    used 8732K, committed 9792K, reserved 327680K

Heap Regions: E=young(eden), S=young(survivor), O=old, HS=humongous(starts), HC=humongous(continues), CS=collection set, F=free, TAMS=top-at-mark-start, PB=parsable bottom
|   0|0x00000000e0000000, 0x00000000e0100000, 0x00000000e0100000|100%|HS|  |TAMS 0x00000000e0000000| PB 0x00000000e0000000| Complete 
|   1|0x00000000e0100000, 0x00000000e0200000, 0x00000000e0200000|100%|HC|  |TAMS 0x00000000e0100000| PB 0x00000000e0100000| Complete 
|   2|0x00000000e0200000, 0x00000000e0300000, 0x00000000e0300000|100%|HC|  |TAMS 0x00000000e0200000| PB 0x00000000e0200000| Complete 
|   3|0x00000000e0300000, 0x00000000e0400000, 0x00000000e0400000|100%|HC|  |TAMS 0x00000000e0300000| PB 0x00000000e0300000| Complete 
|   4|0x00000000e0400000, 0x00000000e0500000, 0x00000000e0500000|100%| O|  |TAMS 0x00000000e0400000| PB 0x00000000e0400000| Untracked 
|   5|0x00000000e0500000, 0x00000000e0600000, 0x00000000e0600000|100%| O|  |TAMS 0x00000000e0500000| PB 0x00000000e0500000| Untracked 
|   6|0x00000000e0600000, 0x00000000e0700000, 0x00000000e0700000|100%| O|  |TAMS 0x00000000e0600000| PB 0x00000000e0600000| Untracked 
|   7|0x00000000e0700000, 0x00000000e0800000, 0x00000000e0800000|100%| O|  |TAMS 0x00000000e0700000| PB 0x00000000e0700000| Untracked 
|   8|0x00000000e0800000, 0x00000000e0900000, 0x00000000e0900000|100%| O|  |TAMS 0x00000000e0800000| PB 0x00000000e0800000| Untracked 
|   9|0x00000000e0900000, 0x00000000e0a00000, 0x00000000e0a00000|100%| O|  |TAMS 0x00000000e0900000| PB 0x00000000e0900000| Untracked 
|  10|0x00000000e0a00000, 0x00000000e0b00000, 0x00000000e0b00000|100%| O|  |TAMS 0x00000000e0a00000| PB 0x00000000e0a00000| Untracked 
|  11|0x00000000e0b00000, 0x00000000e0c00000, 0x00000000e0c00000|100%|HS|  |TAMS 0x00000000e0b00000| PB 0x00000000e0b00000| Complete 
|  12|0x00000000e0c00000, 0x00000000e0d00000, 0x00000000e0d00000|100%| O|  |TAMS 0x00000000e0c00000| PB 0x00000000e0c00000| Untracked 
|  13|0x00000000e0d00000, 0x00000000e0e00000, 0x00000000e0e00000|100%| O|  |TAMS 0x00000000e0d00000| PB 0x00000000e0d00000| Untracked 
|  14|0x00000000e0e00000, 0x00000000e0f00000, 0x00000000e0f00000|100%| O|  |TAMS 0x00000000e0e00000| PB 0x00000000e0e00000| Untracked 
|  15|0x00000000e0f00000, 0x00000000e1000000, 0x00000000e1000000|100%| O|  |TAMS 0x00000000e0f00000| PB 0x00000000e0f00000| Untracked 
|  16|0x00000000e1000000, 0x00000000e1100000, 0x00000000e1100000|100%| O|  |TAMS 0x00000000e1000000| PB 0x00000000e1000000| Untracked 
|  17|0x00000000e1100000, 0x00000000e1200000, 0x00000000e1200000|100%| O|  |TAMS 0x00000000e1100000| PB 0x00000000e1100000| Untracked 
|  18|0x00000000e1200000, 0x00000000e1300000, 0x00000000e1300000|100%| O|  |TAMS 0x00000000e1200000| PB 0x00000000e1200000| Untracked 
|  19|0x00000000e1300000, 0x00000000e1400000, 0x00000000e1400000|100%| O|  |TAMS 0x00000000e1300000| PB 0x00000000e1300000| Untracked 
|  20|0x00000000e1400000, 0x00000000e1500000, 0x00000000e1500000|100%| O|  |TAMS 0x00000000e1400000| PB 0x00000000e1400000| Untracked 
|  21|0x00000000e1500000, 0x00000000e1600000, 0x00000000e1600000|100%| O|  |TAMS 0x00000000e1500000| PB 0x00000000e1500000| Untracked 
|  22|0x00000000e1600000, 0x00000000e1700000, 0x00000000e1700000|100%| O|  |TAMS 0x00000000e1600000| PB 0x00000000e1600000| Untracked 
|  23|0x00000000e1700000, 0x00000000e1800000, 0x00000000e1800000|100%| O|  |TAMS 0x00000000e1700000| PB 0x00000000e1700000| Untracked 
|  24|0x00000000e1800000, 0x00000000e1900000, 0x00000000e1900000|100%| O|  |TAMS 0x00000000e1800000| PB 0x00000000e1800000| Untracked 
|  25|0x00000000e1900000, 0x00000000e1a00000, 0x00000000e1a00000|100%| O|  |TAMS 0x00000000e1900000| PB 0x00000000e1900000| Untracked 
|  26|0x00000000e1a00000, 0x00000000e1b00000, 0x00000000e1b00000|100%| O|  |TAMS 0x00000000e1a00000| PB 0x00000000e1a00000| Untracked 
|  27|0x00000000e1b00000, 0x00000000e1c00000, 0x00000000e1c00000|100%| O|  |TAMS 0x00000000e1b00000| PB 0x00000000e1b00000| Untracked 
|  28|0x00000000e1c00000, 0x00000000e1d00000, 0x00000000e1d00000|100%| O|  |TAMS 0x00000000e1c00000| PB 0x00000000e1c00000| Untracked 
|  29|0x00000000e1d00000, 0x00000000e1e00000, 0x00000000e1e00000|100%| O|  |TAMS 0x00000000e1d00000| PB 0x00000000e1d00000| Untracked 
|  30|0x00000000e1e00000, 0x00000000e1f00000, 0x00000000e1f00000|100%| O|Cm|TAMS 0x00000000e1e00000| PB 0x00000000e1e00000| Complete 
|  31|0x00000000e1f00000, 0x00000000e2000000, 0x00000000e2000000|100%| O|  |TAMS 0x00000000e1f00000| PB 0x00000000e1f00000| Untracked 
|  32|0x00000000e2000000, 0x00000000e2100000, 0x00000000e2100000|100%| O|  |TAMS 0x00000000e2000000| PB 0x00000000e2000000| Untracked 
|  33|0x00000000e2100000, 0x00000000e2200000, 0x00000000e2200000|100%| O|  |TAMS 0x00000000e2100000| PB 0x00000000e2100000| Untracked 
|  34|0x00000000e2200000, 0x00000000e2300000, 0x00000000e2300000|100%| O|  |TAMS 0x00000000e2200000| PB 0x00000000e2200000| Untracked 
|  35|0x00000000e2300000, 0x00000000e2400000, 0x00000000e2400000|100%| O|  |TAMS 0x00000000e2300000| PB 0x00000000e2300000| Untracked 
|  36|0x00000000e2400000, 0x00000000e2500000, 0x00000000e2500000|100%| O|  |TAMS 0x00000000e2400000| PB 0x00000000e2400000| Untracked 
|  37|0x00000000e2500000, 0x00000000e2600000, 0x00000000e2600000|100%| O|  |TAMS 0x00000000e2500000| PB 0x00000000e2500000| Untracked 
|  38|0x00000000e2600000, 0x00000000e2700000, 0x00000000e2700000|100%| O|  |TAMS 0x00000000e2600000| PB 0x00000000e2600000| Untracked 
|  39|0x00000000e2700000, 0x00000000e2800000, 0x00000000e2800000|100%| O|  |TAMS 0x00000000e2700000| PB 0x00000000e2700000| Untracked 
|  40|0x00000000e2800000, 0x00000000e2900000, 0x00000000e2900000|100%| O|  |TAMS 0x00000000e2800000| PB 0x00000000e2800000| Untracked 
|  41|0x00000000e2900000, 0x00000000e2a00000, 0x00000000e2a00000|100%| O|  |TAMS 0x00000000e2900000| PB 0x00000000e2900000| Untracked 
|  42|0x00000000e2a00000, 0x00000000e2b00000, 0x00000000e2b00000|100%| O|  |TAMS 0x00000000e2a00000| PB 0x00000000e2a00000| Untracked 
|  43|0x00000000e2b00000, 0x00000000e2c00000, 0x00000000e2c00000|100%| O|  |TAMS 0x00000000e2b00000| PB 0x00000000e2b00000| Untracked 
|  44|0x00000000e2c00000, 0x00000000e2d00000, 0x00000000e2d00000|100%| O|  |TAMS 0x00000000e2c00000| PB 0x00000000e2c00000| Untracked 
|  45|0x00000000e2d00000, 0x00000000e2e00000, 0x00000000e2e00000|100%| O|  |TAMS 0x00000000e2d00000| PB 0x00000000e2d00000| Untracked 
|  46|0x00000000e2e00000, 0x00000000e2f00000, 0x00000000e2f00000|100%| O|  |TAMS 0x00000000e2e00000| PB 0x00000000e2e00000| Untracked 
|  47|0x00000000e2f00000, 0x00000000e3000000, 0x00000000e3000000|100%| O|  |TAMS 0x00000000e2f00000| PB 0x00000000e2f00000| Untracked 
|  48|0x00000000e3000000, 0x00000000e3100000, 0x00000000e3100000|100%| O|  |TAMS 0x00000000e3000000| PB 0x00000000e3000000| Untracked 
|  49|0x00000000e3100000, 0x00000000e3200000, 0x00000000e3200000|100%| O|  |TAMS 0x00000000e3100000| PB 0x00000000e3100000| Untracked 
|  50|0x00000000e3200000, 0x00000000e3300000, 0x00000000e3300000|100%| O|  |TAMS 0x00000000e3200000| PB 0x00000000e3200000| Untracked 
|  51|0x00000000e3300000, 0x00000000e336f810, 0x00000000e3400000| 43%| O|  |TAMS 0x00000000e3300000| PB 0x00000000e3300000| Untracked 
|  52|0x00000000e3400000, 0x00000000e3400000, 0x00000000e3500000|  0%| F|  |TAMS 0x00000000e3400000| PB 0x00000000e3400000| Untracked 
|  53|0x00000000e3500000, 0x00000000e3500000, 0x00000000e3600000|  0%| F|  |TAMS 0x00000000e3500000| PB 0x00000000e3500000| Untracked 
|  54|0x00000000e3600000, 0x00000000e3600000, 0x00000000e3700000|  0%| F|  |TAMS 0x00000000e3600000| PB 0x00000000e3600000| Untracked 
|  55|0x00000000e3700000, 0x00000000e3700000, 0x00000000e3800000|  0%| F|  |TAMS 0x00000000e3700000| PB 0x00000000e3700000| Untracked 
|  56|0x00000000e3800000, 0x00000000e3800000, 0x00000000e3900000|  0%| F|  |TAMS 0x00000000e3800000| PB 0x00000000e3800000| Untracked 
|  57|0x00000000e3900000, 0x00000000e3900000, 0x00000000e3a00000|  0%| F|  |TAMS 0x00000000e3900000| PB 0x00000000e3900000| Untracked 
|  58|0x00000000e3a00000, 0x00000000e3a00000, 0x00000000e3b00000|  0%| F|  |TAMS 0x00000000e3a00000| PB 0x00000000e3a00000| Untracked 
|  59|0x00000000e3b00000, 0x00000000e3b00000, 0x00000000e3c00000|  0%| F|  |TAMS 0x00000000e3b00000| PB 0x00000000e3b00000| Untracked 
|  60|0x00000000e3c00000, 0x00000000e3c00000, 0x00000000e3d00000|  0%| F|  |TAMS 0x00000000e3c00000| PB 0x00000000e3c00000| Untracked 
|  61|0x00000000e3d00000, 0x00000000e3d00000, 0x00000000e3e00000|  0%| F|  |TAMS 0x00000000e3d00000| PB 0x00000000e3d00000| Untracked 
|  62|0x00000000e3e00000, 0x00000000e3e00000, 0x00000000e3f00000|  0%| F|  |TAMS 0x00000000e3e00000| PB 0x00000000e3e00000| Untracked 
|  63|0x00000000e3f00000, 0x00000000e3f00000, 0x00000000e4000000|  0%| F|  |TAMS 0x00000000e3f00000| PB 0x00000000e3f00000| Untracked 
|  64|0x00000000e4000000, 0x00000000e4000000, 0x00000000e4100000|  0%| F|  |TAMS 0x00000000e4000000| PB 0x00000000e4000000| Untracked 
|  65|0x00000000e4100000, 0x00000000e4100000, 0x00000000e4200000|  0%| F|  |TAMS 0x00000000e4100000| PB 0x00000000e4100000| Untracked 
|  66|0x00000000e4200000, 0x00000000e4200000, 0x00000000e4300000|  0%| F|  |TAMS 0x00000000e4200000| PB 0x00000000e4200000| Untracked 
|  67|0x00000000e4300000, 0x00000000e4300000, 0x00000000e4400000|  0%| F|  |TAMS 0x00000000e4300000| PB 0x00000000e4300000| Untracked 
|  68|0x00000000e4400000, 0x00000000e4400000, 0x00000000e4500000|  0%| F|  |TAMS 0x00000000e4400000| PB 0x00000000e4400000| Untracked 
|  69|0x00000000e4500000, 0x00000000e4500000, 0x00000000e4600000|  0%| F|  |TAMS 0x00000000e4500000| PB 0x00000000e4500000| Untracked 
|  70|0x00000000e4600000, 0x00000000e4600000, 0x00000000e4700000|  0%| F|  |TAMS 0x00000000e4600000| PB 0x00000000e4600000| Untracked 
|  71|0x00000000e4700000, 0x00000000e4700000, 0x00000000e4800000|  0%| F|  |TAMS 0x00000000e4700000| PB 0x00000000e4700000| Untracked 
|  72|0x00000000e4800000, 0x00000000e4800000, 0x00000000e4900000|  0%| F|  |TAMS 0x00000000e4800000| PB 0x00000000e4800000| Untracked 
|  73|0x00000000e4900000, 0x00000000e4900000, 0x00000000e4a00000|  0%| F|  |TAMS 0x00000000e4900000| PB 0x00000000e4900000| Untracked 
|  74|0x00000000e4a00000, 0x00000000e4a00000, 0x00000000e4b00000|  0%| F|  |TAMS 0x00000000e4a00000| PB 0x00000000e4a00000| Untracked 
|  75|0x00000000e4b00000, 0x00000000e4b00000, 0x00000000e4c00000|  0%| F|  |TAMS 0x00000000e4b00000| PB 0x00000000e4b00000| Untracked 
|  76|0x00000000e4c00000, 0x00000000e4c00000, 0x00000000e4d00000|  0%| F|  |TAMS 0x00000000e4c00000| PB 0x00000000e4c00000| Untracked 
|  77|0x00000000e4d00000, 0x00000000e4d00000, 0x00000000e4e00000|  0%| F|  |TAMS 0x00000000e4d00000| PB 0x00000000e4d00000| Untracked 
|  78|0x00000000e4e00000, 0x00000000e4e00000, 0x00000000e4f00000|  0%| F|  |TAMS 0x00000000e4e00000| PB 0x00000000e4e00000| Untracked 
|  79|0x00000000e4f00000, 0x00000000e4f00000, 0x00000000e5000000|  0%| F|  |TAMS 0x00000000e4f00000| PB 0x00000000e4f00000| Untracked 
|  80|0x00000000e5000000, 0x00000000e5000000, 0x00000000e5100000|  0%| F|  |TAMS 0x00000000e5000000| PB 0x00000000e5000000| Untracked 
|  81|0x00000000e5100000, 0x00000000e5100000, 0x00000000e5200000|  0%| F|  |TAMS 0x00000000e5100000| PB 0x00000000e5100000| Untracked 
|  82|0x00000000e5200000, 0x00000000e5200000, 0x00000000e5300000|  0%| F|  |TAMS 0x00000000e5200000| PB 0x00000000e5200000| Untracked 
|  83|0x00000000e5300000, 0x00000000e5300000, 0x00000000e5400000|  0%| F|  |TAMS 0x00000000e5300000| PB 0x00000000e5300000| Untracked 
|  84|0x00000000e5400000, 0x00000000e5400000, 0x00000000e5500000|  0%| F|  |TAMS 0x00000000e5400000| PB 0x00000000e5400000| Untracked 
|  85|0x00000000e5500000, 0x00000000e5500000, 0x00000000e5600000|  0%| F|  |TAMS 0x00000000e5500000| PB 0x00000000e5500000| Untracked 
|  86|0x00000000e5600000, 0x00000000e5600000, 0x00000000e5700000|  0%| F|  |TAMS 0x00000000e5600000| PB 0x00000000e5600000| Untracked 
|  87|0x00000000e5700000, 0x00000000e5700000, 0x00000000e5800000|  0%| F|  |TAMS 0x00000000e5700000| PB 0x00000000e5700000| Untracked 
|  88|0x00000000e5800000, 0x00000000e5800000, 0x00000000e5900000|  0%| F|  |TAMS 0x00000000e5800000| PB 0x00000000e5800000| Untracked 
|  89|0x00000000e5900000, 0x00000000e5900000, 0x00000000e5a00000|  0%| F|  |TAMS 0x00000000e5900000| PB 0x00000000e5900000| Untracked 
|  90|0x00000000e5a00000, 0x00000000e5a00000, 0x00000000e5b00000|  0%| F|  |TAMS 0x00000000e5a00000| PB 0x00000000e5a00000| Untracked 
|  91|0x00000000e5b00000, 0x00000000e5b00000, 0x00000000e5c00000|  0%| F|  |TAMS 0x00000000e5b00000| PB 0x00000000e5b00000| Untracked 
|  92|0x00000000e5c00000, 0x00000000e5c00000, 0x00000000e5d00000|  0%| F|  |TAMS 0x00000000e5c00000| PB 0x00000000e5c00000| Untracked 
|  93|0x00000000e5d00000, 0x00000000e5d00000, 0x00000000e5e00000|  0%| F|  |TAMS 0x00000000e5d00000| PB 0x00000000e5d00000| Untracked 
|  94|0x00000000e5e00000, 0x00000000e5e00000, 0x00000000e5f00000|  0%| F|  |TAMS 0x00000000e5e00000| PB 0x00000000e5e00000| Untracked 
|  95|0x00000000e5f00000, 0x00000000e5f00000, 0x00000000e6000000|  0%| F|  |TAMS 0x00000000e5f00000| PB 0x00000000e5f00000| Untracked 
|  96|0x00000000e6000000, 0x00000000e6000000, 0x00000000e6100000|  0%| F|  |TAMS 0x00000000e6000000| PB 0x00000000e6000000| Untracked 
|  97|0x00000000e6100000, 0x00000000e6100000, 0x00000000e6200000|  0%| F|  |TAMS 0x00000000e6100000| PB 0x00000000e6100000| Untracked 
|  98|0x00000000e6200000, 0x00000000e6200000, 0x00000000e6300000|  0%| F|  |TAMS 0x00000000e6200000| PB 0x00000000e6200000| Untracked 
|  99|0x00000000e6300000, 0x00000000e6300000, 0x00000000e6400000|  0%| F|  |TAMS 0x00000000e6300000| PB 0x00000000e6300000| Untracked 
| 100|0x00000000e6400000, 0x00000000e6400000, 0x00000000e6500000|  0%| F|  |TAMS 0x00000000e6400000| PB 0x00000000e6400000| Untracked 
| 101|0x00000000e6500000, 0x00000000e6500000, 0x00000000e6600000|  0%| F|  |TAMS 0x00000000e6500000| PB 0x00000000e6500000| Untracked 
| 102|0x00000000e6600000, 0x00000000e6600000, 0x00000000e6700000|  0%| F|  |TAMS 0x00000000e6600000| PB 0x00000000e6600000| Untracked 
| 103|0x00000000e6700000, 0x00000000e6700000, 0x00000000e6800000|  0%| F|  |TAMS 0x00000000e6700000| PB 0x00000000e6700000| Untracked 
| 104|0x00000000e6800000, 0x00000000e6800000, 0x00000000e6900000|  0%| F|  |TAMS 0x00000000e6800000| PB 0x00000000e6800000| Untracked 
| 105|0x00000000e6900000, 0x00000000e6900000, 0x00000000e6a00000|  0%| F|  |TAMS 0x00000000e6900000| PB 0x00000000e6900000| Untracked 
| 106|0x00000000e6a00000, 0x00000000e6a00000, 0x00000000e6b00000|  0%| F|  |TAMS 0x00000000e6a00000| PB 0x00000000e6a00000| Untracked 
| 107|0x00000000e6b00000, 0x00000000e6b00000, 0x00000000e6c00000|  0%| F|  |TAMS 0x00000000e6b00000| PB 0x00000000e6b00000| Untracked 
| 108|0x00000000e6c00000, 0x00000000e6c00000, 0x00000000e6d00000|  0%| F|  |TAMS 0x00000000e6c00000| PB 0x00000000e6c00000| Untracked 
| 109|0x00000000e6d00000, 0x00000000e6d00000, 0x00000000e6e00000|  0%| F|  |TAMS 0x00000000e6d00000| PB 0x00000000e6d00000| Untracked 
| 110|0x00000000e6e00000, 0x00000000e6e00000, 0x00000000e6f00000|  0%| F|  |TAMS 0x00000000e6e00000| PB 0x00000000e6e00000| Untracked 
| 111|0x00000000e6f00000, 0x00000000e6f00000, 0x00000000e7000000|  0%| F|  |TAMS 0x00000000e6f00000| PB 0x00000000e6f00000| Untracked 
| 112|0x00000000e7000000, 0x00000000e7000000, 0x00000000e7100000|  0%| F|  |TAMS 0x00000000e7000000| PB 0x00000000e7000000| Untracked 
| 113|0x00000000e7100000, 0x00000000e7100000, 0x00000000e7200000|  0%| F|  |TAMS 0x00000000e7100000| PB 0x00000000e7100000| Untracked 
| 114|0x00000000e7200000, 0x00000000e7200000, 0x00000000e7300000|  0%| F|  |TAMS 0x00000000e7200000| PB 0x00000000e7200000| Untracked 
| 115|0x00000000e7300000, 0x00000000e7300000, 0x00000000e7400000|  0%| F|  |TAMS 0x00000000e7300000| PB 0x00000000e7300000| Untracked 
| 116|0x00000000e7400000, 0x00000000e7400000, 0x00000000e7500000|  0%| F|  |TAMS 0x00000000e7400000| PB 0x00000000e7400000| Untracked 
| 117|0x00000000e7500000, 0x00000000e7500000, 0x00000000e7600000|  0%| F|  |TAMS 0x00000000e7500000| PB 0x00000000e7500000| Untracked 
| 118|0x00000000e7600000, 0x00000000e7600000, 0x00000000e7700000|  0%| F|  |TAMS 0x00000000e7600000| PB 0x00000000e7600000| Untracked 
| 119|0x00000000e7700000, 0x00000000e7700000, 0x00000000e7800000|  0%| F|  |TAMS 0x00000000e7700000| PB 0x00000000e7700000| Untracked 
| 120|0x00000000e7800000, 0x00000000e7800000, 0x00000000e7900000|  0%| F|  |TAMS 0x00000000e7800000| PB 0x00000000e7800000| Untracked 
| 121|0x00000000e7900000, 0x00000000e7900000, 0x00000000e7a00000|  0%| F|  |TAMS 0x00000000e7900000| PB 0x00000000e7900000| Untracked 
| 122|0x00000000e7a00000, 0x00000000e7a00000, 0x00000000e7b00000|  0%| F|  |TAMS 0x00000000e7a00000| PB 0x00000000e7a00000| Untracked 
| 123|0x00000000e7b00000, 0x00000000e7b00000, 0x00000000e7c00000|  0%| F|  |TAMS 0x00000000e7b00000| PB 0x00000000e7b00000| Untracked 
| 124|0x00000000e7c00000, 0x00000000e7c00000, 0x00000000e7d00000|  0%| F|  |TAMS 0x00000000e7c00000| PB 0x00000000e7c00000| Untracked 
| 125|0x00000000e7d00000, 0x00000000e7d00000, 0x00000000e7e00000|  0%| F|  |TAMS 0x00000000e7d00000| PB 0x00000000e7d00000| Untracked 
| 126|0x00000000e7e00000, 0x00000000e7e00000, 0x00000000e7f00000|  0%| F|  |TAMS 0x00000000e7e00000| PB 0x00000000e7e00000| Untracked 
| 127|0x00000000e7f00000, 0x00000000e7f00000, 0x00000000e8000000|  0%| F|  |TAMS 0x00000000e7f00000| PB 0x00000000e7f00000| Untracked 
| 128|0x00000000e8000000, 0x00000000e8000000, 0x00000000e8100000|  0%| F|  |TAMS 0x00000000e8000000| PB 0x00000000e8000000| Untracked 
| 129|0x00000000e8100000, 0x00000000e8100000, 0x00000000e8200000|  0%| F|  |TAMS 0x00000000e8100000| PB 0x00000000e8100000| Untracked 
| 130|0x00000000e8200000, 0x00000000e8200000, 0x00000000e8300000|  0%| F|  |TAMS 0x00000000e8200000| PB 0x00000000e8200000| Untracked 
| 131|0x00000000e8300000, 0x00000000e8300000, 0x00000000e8400000|  0%| F|  |TAMS 0x00000000e8300000| PB 0x00000000e8300000| Untracked 
| 132|0x00000000e8400000, 0x00000000e8400000, 0x00000000e8500000|  0%| F|  |TAMS 0x00000000e8400000| PB 0x00000000e8400000| Untracked 
| 133|0x00000000e8500000, 0x00000000e8500000, 0x00000000e8600000|  0%| F|  |TAMS 0x00000000e8500000| PB 0x00000000e8500000| Untracked 
| 134|0x00000000e8600000, 0x00000000e8600000, 0x00000000e8700000|  0%| F|  |TAMS 0x00000000e8600000| PB 0x00000000e8600000| Untracked 
| 135|0x00000000e8700000, 0x00000000e8700000, 0x00000000e8800000|  0%| F|  |TAMS 0x00000000e8700000| PB 0x00000000e8700000| Untracked 
| 136|0x00000000e8800000, 0x00000000e8800000, 0x00000000e8900000|  0%| F|  |TAMS 0x00000000e8800000| PB 0x00000000e8800000| Untracked 
| 137|0x00000000e8900000, 0x00000000e8900000, 0x00000000e8a00000|  0%| F|  |TAMS 0x00000000e8900000| PB 0x00000000e8900000| Untracked 
| 138|0x00000000e8a00000, 0x00000000e8a00000, 0x00000000e8b00000|  0%| F|  |TAMS 0x00000000e8a00000| PB 0x00000000e8a00000| Untracked 
| 139|0x00000000e8b00000, 0x00000000e8b00000, 0x00000000e8c00000|  0%| F|  |TAMS 0x00000000e8b00000| PB 0x00000000e8b00000| Untracked 
| 140|0x00000000e8c00000, 0x00000000e8c5bcb0, 0x00000000e8d00000| 35%| E|  |TAMS 0x00000000e8c00000| PB 0x00000000e8c00000| Complete 
| 141|0x00000000e8d00000, 0x00000000e8e00000, 0x00000000e8e00000|100%| E|CS|TAMS 0x00000000e8d00000| PB 0x00000000e8d00000| Complete 
| 142|0x00000000e8e00000, 0x00000000e8f00000, 0x00000000e8f00000|100%| E|CS|TAMS 0x00000000e8e00000| PB 0x00000000e8e00000| Complete 
| 143|0x00000000e8f00000, 0x00000000e9000000, 0x00000000e9000000|100%| E|CS|TAMS 0x00000000e8f00000| PB 0x00000000e8f00000| Complete 
| 144|0x00000000e9000000, 0x00000000e9100000, 0x00000000e9100000|100%| E|CS|TAMS 0x00000000e9000000| PB 0x00000000e9000000| Complete 
| 145|0x00000000e9100000, 0x00000000e9200000, 0x00000000e9200000|100%| E|CS|TAMS 0x00000000e9100000| PB 0x00000000e9100000| Complete 
| 146|0x00000000e9200000, 0x00000000e9300000, 0x00000000e9300000|100%| E|CS|TAMS 0x00000000e9200000| PB 0x00000000e9200000| Complete 
| 147|0x00000000e9300000, 0x00000000e9400000, 0x00000000e9400000|100%| E|CS|TAMS 0x00000000e9300000| PB 0x00000000e9300000| Complete 
| 148|0x00000000e9400000, 0x00000000e9500000, 0x00000000e9500000|100%| E|CS|TAMS 0x00000000e9400000| PB 0x00000000e9400000| Complete 
| 149|0x00000000e9500000, 0x00000000e9600000, 0x00000000e9600000|100%| E|CS|TAMS 0x00000000e9500000| PB 0x00000000e9500000| Complete 
| 150|0x00000000e9600000, 0x00000000e9700000, 0x00000000e9700000|100%| E|CS|TAMS 0x00000000e9600000| PB 0x00000000e9600000| Complete 
| 151|0x00000000e9700000, 0x00000000e9800000, 0x00000000e9800000|100%| E|CS|TAMS 0x00000000e9700000| PB 0x00000000e9700000| Complete 
| 152|0x00000000e9800000, 0x00000000e9900000, 0x00000000e9900000|100%| E|CS|TAMS 0x00000000e9800000| PB 0x00000000e9800000| Complete 
| 153|0x00000000e9900000, 0x00000000e9a00000, 0x00000000e9a00000|100%| E|CS|TAMS 0x00000000e9900000| PB 0x00000000e9900000| Complete 
| 154|0x00000000e9a00000, 0x00000000e9b00000, 0x00000000e9b00000|100%| E|CS|TAMS 0x00000000e9a00000| PB 0x00000000e9a00000| Complete 
| 155|0x00000000e9b00000, 0x00000000e9c00000, 0x00000000e9c00000|100%| E|CS|TAMS 0x00000000e9b00000| PB 0x00000000e9b00000| Complete 
| 156|0x00000000e9c00000, 0x00000000e9d00000, 0x00000000e9d00000|100%| E|CS|TAMS 0x00000000e9c00000| PB 0x00000000e9c00000| Complete 
| 157|0x00000000e9d00000, 0x00000000e9e00000, 0x00000000e9e00000|100%| E|CS|TAMS 0x00000000e9d00000| PB 0x00000000e9d00000| Complete 
| 158|0x00000000e9e00000, 0x00000000e9f00000, 0x00000000e9f00000|100%| E|CS|TAMS 0x00000000e9e00000| PB 0x00000000e9e00000| Complete 
| 159|0x00000000e9f00000, 0x00000000ea000000, 0x00000000ea000000|100%| E|CS|TAMS 0x00000000e9f00000| PB 0x00000000e9f00000| Complete 
| 160|0x00000000ea000000, 0x00000000ea100000, 0x00000000ea100000|100%| E|CS|TAMS 0x00000000ea000000| PB 0x00000000ea000000| Complete 
| 161|0x00000000ea100000, 0x00000000ea200000, 0x00000000ea200000|100%| E|CS|TAMS 0x00000000ea100000| PB 0x00000000ea100000| Complete 
| 162|0x00000000ea200000, 0x00000000ea300000, 0x00000000ea300000|100%| E|CS|TAMS 0x00000000ea200000| PB 0x00000000ea200000| Complete 
| 163|0x00000000ea300000, 0x00000000ea400000, 0x00000000ea400000|100%| E|CS|TAMS 0x00000000ea300000| PB 0x00000000ea300000| Complete 
| 164|0x00000000ea400000, 0x00000000ea500000, 0x00000000ea500000|100%| E|CS|TAMS 0x00000000ea400000| PB 0x00000000ea400000| Complete 
| 165|0x00000000ea500000, 0x00000000ea600000, 0x00000000ea600000|100%| E|CS|TAMS 0x00000000ea500000| PB 0x00000000ea500000| Complete 
| 166|0x00000000ea600000, 0x00000000ea700000, 0x00000000ea700000|100%| E|CS|TAMS 0x00000000ea600000| PB 0x00000000ea600000| Complete 
| 167|0x00000000ea700000, 0x00000000ea800000, 0x00000000ea800000|100%| E|CS|TAMS 0x00000000ea700000| PB 0x00000000ea700000| Complete 
| 168|0x00000000ea800000, 0x00000000ea900000, 0x00000000ea900000|100%| E|CS|TAMS 0x00000000ea800000| PB 0x00000000ea800000| Complete 
| 169|0x00000000ea900000, 0x00000000eaa00000, 0x00000000eaa00000|100%| E|CS|TAMS 0x00000000ea900000| PB 0x00000000ea900000| Complete 
| 170|0x00000000eaa00000, 0x00000000eab00000, 0x00000000eab00000|100%| E|CS|TAMS 0x00000000eaa00000| PB 0x00000000eaa00000| Complete 
| 171|0x00000000eab00000, 0x00000000eac00000, 0x00000000eac00000|100%| E|CS|TAMS 0x00000000eab00000| PB 0x00000000eab00000| Complete 
| 172|0x00000000eac00000, 0x00000000ead00000, 0x00000000ead00000|100%| E|CS|TAMS 0x00000000eac00000| PB 0x00000000eac00000| Complete 
| 173|0x00000000ead00000, 0x00000000eae00000, 0x00000000eae00000|100%| E|CS|TAMS 0x00000000ead00000| PB 0x00000000ead00000| Complete 
| 174|0x00000000eae00000, 0x00000000eaf00000, 0x00000000eaf00000|100%| E|CS|TAMS 0x00000000eae00000| PB 0x00000000eae00000| Complete 
| 175|0x00000000eaf00000, 0x00000000eb000000, 0x00000000eb000000|100%| E|CS|TAMS 0x00000000eaf00000| PB 0x00000000eaf00000| Complete 
| 176|0x00000000eb000000, 0x00000000eb100000, 0x00000000eb100000|100%| E|CS|TAMS 0x00000000eb000000| PB 0x00000000eb000000| Complete 
| 177|0x00000000eb100000, 0x00000000eb200000, 0x00000000eb200000|100%| E|CS|TAMS 0x00000000eb100000| PB 0x00000000eb100000| Complete 
| 178|0x00000000eb200000, 0x00000000eb300000, 0x00000000eb300000|100%| S|CS|TAMS 0x00000000eb200000| PB 0x00000000eb200000| Complete 
| 179|0x00000000eb300000, 0x00000000eb400000, 0x00000000eb400000|100%| S|CS|TAMS 0x00000000eb300000| PB 0x00000000eb300000| Complete 
| 180|0x00000000eb400000, 0x00000000eb500000, 0x00000000eb500000|100%| S|CS|TAMS 0x00000000eb400000| PB 0x00000000eb400000| Complete 
| 181|0x00000000eb500000, 0x00000000eb600000, 0x00000000eb600000|100%| S|CS|TAMS 0x00000000eb500000| PB 0x00000000eb500000| Complete 
| 182|0x00000000eb600000, 0x00000000eb700000, 0x00000000eb700000|100%| S|CS|TAMS 0x00000000eb600000| PB 0x00000000eb600000| Complete 
| 183|0x00000000eb700000, 0x00000000eb800000, 0x00000000eb800000|100%| S|CS|TAMS 0x00000000eb700000| PB 0x00000000eb700000| Complete 
| 184|0x00000000eb800000, 0x00000000eb900000, 0x00000000eb900000|100%| S|CS|TAMS 0x00000000eb800000| PB 0x00000000eb800000| Complete 
| 185|0x00000000eb900000, 0x00000000eba00000, 0x00000000eba00000|100%| S|CS|TAMS 0x00000000eb900000| PB 0x00000000eb900000| Complete 
| 186|0x00000000eba00000, 0x00000000ebb00000, 0x00000000ebb00000|100%| E|CS|TAMS 0x00000000eba00000| PB 0x00000000eba00000| Complete 
| 187|0x00000000ebb00000, 0x00000000ebc00000, 0x00000000ebc00000|100%| E|CS|TAMS 0x00000000ebb00000| PB 0x00000000ebb00000| Complete 
| 188|0x00000000ebc00000, 0x00000000ebd00000, 0x00000000ebd00000|100%| E|CS|TAMS 0x00000000ebc00000| PB 0x00000000ebc00000| Complete 
| 189|0x00000000ebd00000, 0x00000000ebe00000, 0x00000000ebe00000|100%| E|CS|TAMS 0x00000000ebd00000| PB 0x00000000ebd00000| Complete 
| 190|0x00000000ebe00000, 0x00000000ebf00000, 0x00000000ebf00000|100%| E|CS|TAMS 0x00000000ebe00000| PB 0x00000000ebe00000| Complete 
| 191|0x00000000ebf00000, 0x00000000ec000000, 0x00000000ec000000|100%| E|CS|TAMS 0x00000000ebf00000| PB 0x00000000ebf00000| Complete 
| 192|0x00000000ec000000, 0x00000000ec100000, 0x00000000ec100000|100%| E|CS|TAMS 0x00000000ec000000| PB 0x00000000ec000000| Complete 
| 193|0x00000000ec100000, 0x00000000ec200000, 0x00000000ec200000|100%| E|CS|TAMS 0x00000000ec100000| PB 0x00000000ec100000| Complete 
| 194|0x00000000ec200000, 0x00000000ec300000, 0x00000000ec300000|100%| E|CS|TAMS 0x00000000ec200000| PB 0x00000000ec200000| Complete 
| 195|0x00000000ec300000, 0x00000000ec400000, 0x00000000ec400000|100%| E|CS|TAMS 0x00000000ec300000| PB 0x00000000ec300000| Complete 
| 196|0x00000000ec400000, 0x00000000ec500000, 0x00000000ec500000|100%| E|CS|TAMS 0x00000000ec400000| PB 0x00000000ec400000| Complete 
| 197|0x00000000ec500000, 0x00000000ec600000, 0x00000000ec600000|100%| E|CS|TAMS 0x00000000ec500000| PB 0x00000000ec500000| Complete 
| 198|0x00000000ec600000, 0x00000000ec700000, 0x00000000ec700000|100%| E|CS|TAMS 0x00000000ec600000| PB 0x00000000ec600000| Complete 
| 199|0x00000000ec700000, 0x00000000ec800000, 0x00000000ec800000|100%| E|CS|TAMS 0x00000000ec700000| PB 0x00000000ec700000| Complete 
| 200|0x00000000ec800000, 0x00000000ec900000, 0x00000000ec900000|100%| E|CS|TAMS 0x00000000ec800000| PB 0x00000000ec800000| Complete 
| 201|0x00000000ec900000, 0x00000000eca00000, 0x00000000eca00000|100%| E|CS|TAMS 0x00000000ec900000| PB 0x00000000ec900000| Complete 
| 202|0x00000000eca00000, 0x00000000ecb00000, 0x00000000ecb00000|100%| E|CS|TAMS 0x00000000eca00000| PB 0x00000000eca00000| Complete 
| 203|0x00000000ecb00000, 0x00000000ecc00000, 0x00000000ecc00000|100%| E|CS|TAMS 0x00000000ecb00000| PB 0x00000000ecb00000| Complete 
| 204|0x00000000ecc00000, 0x00000000ecd00000, 0x00000000ecd00000|100%| E|CS|TAMS 0x00000000ecc00000| PB 0x00000000ecc00000| Complete 
| 205|0x00000000ecd00000, 0x00000000ece00000, 0x00000000ece00000|100%| E|CS|TAMS 0x00000000ecd00000| PB 0x00000000ecd00000| Complete 
| 206|0x00000000ece00000, 0x00000000ecf00000, 0x00000000ecf00000|100%| E|CS|TAMS 0x00000000ece00000| PB 0x00000000ece00000| Complete 
| 207|0x00000000ecf00000, 0x00000000ed000000, 0x00000000ed000000|100%| E|CS|TAMS 0x00000000ecf00000| PB 0x00000000ecf00000| Complete 
| 208|0x00000000ed000000, 0x00000000ed100000, 0x00000000ed100000|100%| E|CS|TAMS 0x00000000ed000000| PB 0x00000000ed000000| Complete 
| 209|0x00000000ed100000, 0x00000000ed200000, 0x00000000ed200000|100%| E|CS|TAMS 0x00000000ed100000| PB 0x00000000ed100000| Complete 
| 210|0x00000000ed200000, 0x00000000ed300000, 0x00000000ed300000|100%| E|CS|TAMS 0x00000000ed200000| PB 0x00000000ed200000| Complete 
| 211|0x00000000ed300000, 0x00000000ed400000, 0x00000000ed400000|100%| E|CS|TAMS 0x00000000ed300000| PB 0x00000000ed300000| Complete 
| 212|0x00000000ed400000, 0x00000000ed500000, 0x00000000ed500000|100%| E|CS|TAMS 0x00000000ed400000| PB 0x00000000ed400000| Complete 
| 213|0x00000000ed500000, 0x00000000ed600000, 0x00000000ed600000|100%| E|CS|TAMS 0x00000000ed500000| PB 0x00000000ed500000| Complete 
| 214|0x00000000ed600000, 0x00000000ed700000, 0x00000000ed700000|100%| E|CS|TAMS 0x00000000ed600000| PB 0x00000000ed600000| Complete 
| 215|0x00000000ed700000, 0x00000000ed800000, 0x00000000ed800000|100%| E|CS|TAMS 0x00000000ed700000| PB 0x00000000ed700000| Complete 
| 216|0x00000000ed800000, 0x00000000ed900000, 0x00000000ed900000|100%| E|CS|TAMS 0x00000000ed800000| PB 0x00000000ed800000| Complete 
| 217|0x00000000ed900000, 0x00000000eda00000, 0x00000000eda00000|100%| E|CS|TAMS 0x00000000ed900000| PB 0x00000000ed900000| Complete 
| 218|0x00000000eda00000, 0x00000000edb00000, 0x00000000edb00000|100%| E|CS|TAMS 0x00000000eda00000| PB 0x00000000eda00000| Complete 
| 219|0x00000000edb00000, 0x00000000edc00000, 0x00000000edc00000|100%| E|CS|TAMS 0x00000000edb00000| PB 0x00000000edb00000| Complete 
| 220|0x00000000edc00000, 0x00000000edd00000, 0x00000000edd00000|100%| E|CS|TAMS 0x00000000edc00000| PB 0x00000000edc00000| Complete 
| 221|0x00000000edd00000, 0x00000000ede00000, 0x00000000ede00000|100%| E|CS|TAMS 0x00000000edd00000| PB 0x00000000edd00000| Complete 
| 222|0x00000000ede00000, 0x00000000edf00000, 0x00000000edf00000|100%| E|CS|TAMS 0x00000000ede00000| PB 0x00000000ede00000| Complete 
| 223|0x00000000edf00000, 0x00000000ee000000, 0x00000000ee000000|100%| E|CS|TAMS 0x00000000edf00000| PB 0x00000000edf00000| Complete 
| 224|0x00000000ee000000, 0x00000000ee100000, 0x00000000ee100000|100%| E|CS|TAMS 0x00000000ee000000| PB 0x00000000ee000000| Complete 
| 225|0x00000000ee100000, 0x00000000ee200000, 0x00000000ee200000|100%| E|CS|TAMS 0x00000000ee100000| PB 0x00000000ee100000| Complete 
| 226|0x00000000ee200000, 0x00000000ee300000, 0x00000000ee300000|100%| E|CS|TAMS 0x00000000ee200000| PB 0x00000000ee200000| Complete 
| 227|0x00000000ee300000, 0x00000000ee400000, 0x00000000ee400000|100%| E|CS|TAMS 0x00000000ee300000| PB 0x00000000ee300000| Complete 
| 228|0x00000000ee400000, 0x00000000ee500000, 0x00000000ee500000|100%| E|CS|TAMS 0x00000000ee400000| PB 0x00000000ee400000| Complete 
| 229|0x00000000ee500000, 0x00000000ee600000, 0x00000000ee600000|100%| E|CS|TAMS 0x00000000ee500000| PB 0x00000000ee500000| Complete 
| 230|0x00000000ee600000, 0x00000000ee700000, 0x00000000ee700000|100%| E|CS|TAMS 0x00000000ee600000| PB 0x00000000ee600000| Complete 
| 231|0x00000000ee700000, 0x00000000ee800000, 0x00000000ee800000|100%| E|CS|TAMS 0x00000000ee700000| PB 0x00000000ee700000| Complete 
| 232|0x00000000ee800000, 0x00000000ee900000, 0x00000000ee900000|100%| E|CS|TAMS 0x00000000ee800000| PB 0x00000000ee800000| Complete 
| 233|0x00000000ee900000, 0x00000000eea00000, 0x00000000eea00000|100%| E|CS|TAMS 0x00000000ee900000| PB 0x00000000ee900000| Complete 
| 234|0x00000000eea00000, 0x00000000eeb00000, 0x00000000eeb00000|100%| E|CS|TAMS 0x00000000eea00000| PB 0x00000000eea00000| Complete 
| 235|0x00000000eeb00000, 0x00000000eec00000, 0x00000000eec00000|100%| E|CS|TAMS 0x00000000eeb00000| PB 0x00000000eeb00000| Complete 
| 236|0x00000000eec00000, 0x00000000eed00000, 0x00000000eed00000|100%| E|CS|TAMS 0x00000000eec00000| PB 0x00000000eec00000| Complete 
| 237|0x00000000eed00000, 0x00000000eee00000, 0x00000000eee00000|100%| E|CS|TAMS 0x00000000eed00000| PB 0x00000000eed00000| Complete 
| 238|0x00000000eee00000, 0x00000000eef00000, 0x00000000eef00000|100%| E|CS|TAMS 0x00000000eee00000| PB 0x00000000eee00000| Complete 
| 239|0x00000000eef00000, 0x00000000ef000000, 0x00000000ef000000|100%| E|CS|TAMS 0x00000000eef00000| PB 0x00000000eef00000| Complete 
| 240|0x00000000ef000000, 0x00000000ef100000, 0x00000000ef100000|100%| E|CS|TAMS 0x00000000ef000000| PB 0x00000000ef000000| Complete 
| 241|0x00000000ef100000, 0x00000000ef200000, 0x00000000ef200000|100%| E|CS|TAMS 0x00000000ef100000| PB 0x00000000ef100000| Complete 
| 242|0x00000000ef200000, 0x00000000ef300000, 0x00000000ef300000|100%| E|CS|TAMS 0x00000000ef200000| PB 0x00000000ef200000| Complete 
| 243|0x00000000ef300000, 0x00000000ef400000, 0x00000000ef400000|100%| E|CS|TAMS 0x00000000ef300000| PB 0x00000000ef300000| Complete 
| 244|0x00000000ef400000, 0x00000000ef500000, 0x00000000ef500000|100%| E|CS|TAMS 0x00000000ef400000| PB 0x00000000ef400000| Complete 
| 245|0x00000000ef500000, 0x00000000ef600000, 0x00000000ef600000|100%| E|CS|TAMS 0x00000000ef500000| PB 0x00000000ef500000| Complete 
| 246|0x00000000ef600000, 0x00000000ef700000, 0x00000000ef700000|100%| E|CS|TAMS 0x00000000ef600000| PB 0x00000000ef600000| Complete 
| 247|0x00000000ef700000, 0x00000000ef800000, 0x00000000ef800000|100%| E|CS|TAMS 0x00000000ef700000| PB 0x00000000ef700000| Complete 
| 248|0x00000000ef800000, 0x00000000ef900000, 0x00000000ef900000|100%| E|CS|TAMS 0x00000000ef800000| PB 0x00000000ef800000| Complete 
| 249|0x00000000ef900000, 0x00000000efa00000, 0x00000000efa00000|100%| E|CS|TAMS 0x00000000ef900000| PB 0x00000000ef900000| Complete 
| 250|0x00000000efa00000, 0x00000000efb00000, 0x00000000efb00000|100%| E|CS|TAMS 0x00000000efa00000| PB 0x00000000efa00000| Complete 
| 251|0x00000000efb00000, 0x00000000efc00000, 0x00000000efc00000|100%| E|CS|TAMS 0x00000000efb00000| PB 0x00000000efb00000| Complete 
| 252|0x00000000efc00000, 0x00000000efd00000, 0x00000000efd00000|100%| E|CS|TAMS 0x00000000efc00000| PB 0x00000000efc00000| Complete 
| 253|0x00000000efd00000, 0x00000000efe00000, 0x00000000efe00000|100%| E|CS|TAMS 0x00000000efd00000| PB 0x00000000efd00000| Complete 
| 254|0x00000000efe00000, 0x00000000eff00000, 0x00000000eff00000|100%| E|CS|TAMS 0x00000000efe00000| PB 0x00000000efe00000| Complete 
| 255|0x00000000eff00000, 0x00000000f0000000, 0x00000000f0000000|100%| E|CS|TAMS 0x00000000eff00000| PB 0x00000000eff00000| Complete 

Card table byte_map: [0x000002499cef0000,0x000002499cff0000] _byte_map_base: 0x000002499c7f0000

Marking Bits: (CMBitMap*) 0x000002498567a0e0
 Bits: [0x000002499cff0000, 0x000002499d7f0000)

Polling page: 0x0000024983450000

Metaspace:

Usage:
  Non-class:     51.30 MB used.
      Class:      8.53 MB used.
       Both:     59.82 MB used.

Virtual space:
  Non-class space:       64.00 MB reserved,      52.38 MB ( 82%) committed,  1 nodes.
      Class space:      320.00 MB reserved,       9.56 MB (  3%) committed,  1 nodes.
             Both:      384.00 MB reserved,      61.94 MB ( 16%) committed. 

Chunk freelists:
   Non-Class:  11.17 MB
       Class:  6.40 MB
        Both:  17.57 MB

MaxMetaspaceSize: 384.00 MB
CompressedClassSpaceSize: 320.00 MB
Initial GC threshold: 21.00 MB
Current GC threshold: 98.06 MB
CDS: on
 - commit_granule_bytes: 65536.
 - commit_granule_words: 8192.
 - virtual_space_node_default_size: 8388608.
 - enlarge_chunks_in_place: 1.
 - use_allocation_guard: 0.


Internal statistics:

num_allocs_failed_limit: 9.
num_arena_births: 3746.
num_arena_deaths: 0.
num_vsnodes_births: 2.
num_vsnodes_deaths: 0.
num_space_committed: 991.
num_space_uncommitted: 0.
num_chunks_returned_to_freelist: 9.
num_chunks_taken_from_freelist: 6827.
num_chunk_merges: 6.
num_chunk_splits: 4340.
num_chunks_enlarged: 2600.
num_inconsistent_stats: 0.

CodeHeap 'non-profiled nmethods': size=120000Kb used=6057Kb max_used=6057Kb free=113942Kb
 bounds [0x0000024995590000, 0x0000024995b80000, 0x000002499cac0000]
CodeHeap 'profiled nmethods': size=120000Kb used=20496Kb max_used=20496Kb free=99503Kb
 bounds [0x000002498dac0000, 0x000002498eed0000, 0x0000024994ff0000]
CodeHeap 'non-nmethods': size=5760Kb used=2743Kb max_used=2855Kb free=3016Kb
 bounds [0x0000024994ff0000, 0x00000249952d0000, 0x0000024995590000]
 total_blobs=11193 nmethods=10323 adapters=774
 compilation: enabled
              stopped_count=0, restarted_count=0
 full_count=0

Compilation events (20 events):
Event: 16.844 Thread 0x00000249a05e8730 nmethod 10947 0x0000024995b70e10 code [0x0000024995b710a0, 0x0000024995b72528]
Event: 16.844 Thread 0x00000249a05e8730 10968       4       org.gradle.internal.time.MonotonicClock::advance (33 bytes)
Event: 16.845 Thread 0x00000249a02c9310 10993       3       java.util.HashMap$KeySpliterator::characteristics (30 bytes)
Event: 16.845 Thread 0x00000249a02c9310 nmethod 10993 0x000002498eec2c90 code [0x000002498eec2e20, 0x000002498eec2fc8]
Event: 16.845 Thread 0x00000249a05e8730 nmethod 10968 0x0000024995b73310 code [0x0000024995b734a0, 0x0000024995b735b0]
Event: 16.846 Thread 0x00000249a05e8730 10967       4       org.gradle.internal.time.MonotonicClock::syncIsDue (28 bytes)
Event: 16.846 Thread 0x00000249a05e8730 nmethod 10967 0x0000024995b73690 code [0x0000024995b73820, 0x0000024995b73920]
Event: 16.846 Thread 0x00000249a05e8730 10971       4       org.gradle.internal.time.MonotonicClock::getCurrentTime (70 bytes)
Event: 16.850 Thread 0x00000249a05e8730 nmethod 10971 0x0000024995b73a10 code [0x0000024995b73be0, 0x0000024995b73f70]
Event: 16.850 Thread 0x00000249a05e8730 10961       4       org.gradle.tooling.internal.provider.runner.ClientBuildEventGenerator$Disabled::accept (20 bytes)
Event: 16.851 Thread 0x00000249a05e8730 nmethod 10961 0x0000024995b74290 code [0x0000024995b74420, 0x0000024995b74568]
Event: 16.869 Thread 0x00000249bb2e3450 nmethod 10960 0x0000024995b74690 code [0x0000024995b74a20, 0x0000024995b764d8]
Event: 16.924 Thread 0x00000249bb2e3450 10994       4       org.objectweb.asm.ClassWriter::visitMethod (57 bytes)
Event: 16.925 Thread 0x00000249a02c9310 10995       3       org.gradle.internal.dispatch.ProxyDispatchAdapter$DispatchingInvocationHandler::<init> (7 bytes)
Event: 16.925 Thread 0x00000249a02c9310 nmethod 10995 0x000002498eec3090 code [0x000002498eec3240, 0x000002498eec34c0]
Event: 16.925 Thread 0x00000249a02c9310 10996       3       org.gradle.internal.dispatch.ProxyDispatchAdapter$DispatchingInvocationHandler::<init> (15 bytes)
Event: 16.925 Thread 0x00000249a02c9310 nmethod 10996 0x000002498eec3590 code [0x000002498eec3740, 0x000002498eec3960]
Event: 16.925 Thread 0x00000249a02c9310 10997       3       java.lang.ProcessEnvironment::addToEnv (20 bytes)
Event: 16.925 Thread 0x00000249a02c9310 nmethod 10997 0x000002498eec3a10 code [0x000002498eec3c00, 0x000002498eec3f78]
Event: 16.953 Thread 0x00000249bb2e3450 nmethod 10994 0x0000024995b77910 code [0x0000024995b77c00, 0x0000024995b79828]

GC Heap History (16 events):
Event: 0.543 GC heap before
{Heap before GC invocations=0 (full 0):
 garbage-first heap   total 262144K, used 27648K [0x00000000e0000000, 0x0000000100000000)
  region size 1024K, 23 young (23552K), 0 survivors (0K)
 Metaspace       used 2442K, committed 2624K, reserved 393216K
  class space    used 278K, committed 384K, reserved 327680K
}
Event: 0.546 GC heap after
{Heap after GC invocations=1 (full 0):
 garbage-first heap   total 262144K, used 10837K [0x00000000e0000000, 0x0000000100000000)
  region size 1024K, 3 young (3072K), 3 survivors (3072K)
 Metaspace       used 2442K, committed 2624K, reserved 393216K
  class space    used 278K, committed 384K, reserved 327680K
}
Event: 0.983 GC heap before
{Heap before GC invocations=1 (full 0):
 garbage-first heap   total 262144K, used 38485K [0x00000000e0000000, 0x0000000100000000)
  region size 1024K, 31 young (31744K), 3 survivors (3072K)
 Metaspace       used 4168K, committed 4416K, reserved 393216K
  class space    used 516K, committed 640K, reserved 327680K
}
Event: 0.986 GC heap after
{Heap after GC invocations=2 (full 0):
 garbage-first heap   total 262144K, used 11971K [0x00000000e0000000, 0x0000000100000000)
  region size 1024K, 2 young (2048K), 2 survivors (2048K)
 Metaspace       used 4168K, committed 4416K, reserved 393216K
  class space    used 516K, committed 640K, reserved 327680K
}
Event: 2.531 GC heap before
{Heap before GC invocations=2 (full 0):
 garbage-first heap   total 262144K, used 114371K [0x00000000e0000000, 0x0000000100000000)
  region size 1024K, 100 young (102400K), 2 survivors (2048K)
 Metaspace       used 18902K, committed 19456K, reserved 393216K
  class space    used 2700K, committed 2944K, reserved 327680K
}
Event: 2.539 GC heap after
{Heap after GC invocations=3 (full 0):
 garbage-first heap   total 262144K, used 22966K [0x00000000e0000000, 0x0000000100000000)
  region size 1024K, 11 young (11264K), 11 survivors (11264K)
 Metaspace       used 18902K, committed 19456K, reserved 393216K
  class space    used 2700K, committed 2944K, reserved 327680K
}
Event: 2.765 GC heap before
{Heap before GC invocations=3 (full 0):
 garbage-first heap   total 262144K, used 38326K [0x00000000e0000000, 0x0000000100000000)
  region size 1024K, 27 young (27648K), 11 survivors (11264K)
 Metaspace       used 20836K, committed 21504K, reserved 393216K
  class space    used 3023K, committed 3328K, reserved 327680K
}
Event: 2.770 GC heap after
{Heap after GC invocations=4 (full 0):
 garbage-first heap   total 262144K, used 24258K [0x00000000e0000000, 0x0000000100000000)
  region size 1024K, 12 young (12288K), 12 survivors (12288K)
 Metaspace       used 20836K, committed 21504K, reserved 393216K
  class space    used 3023K, committed 3328K, reserved 327680K
}
Event: 3.913 GC heap before
{Heap before GC invocations=5 (full 0):
 garbage-first heap   total 262144K, used 112322K [0x00000000e0000000, 0x0000000100000000)
  region size 1024K, 100 young (102400K), 12 survivors (12288K)
 Metaspace       used 34814K, committed 35968K, reserved 393216K
  class space    used 5055K, committed 5632K, reserved 327680K
}
Event: 3.924 GC heap after
{Heap after GC invocations=6 (full 0):
 garbage-first heap   total 262144K, used 31263K [0x00000000e0000000, 0x0000000100000000)
  region size 1024K, 8 young (8192K), 8 survivors (8192K)
 Metaspace       used 34814K, committed 35968K, reserved 393216K
  class space    used 5055K, committed 5632K, reserved 327680K
}
Event: 5.494 GC heap before
{Heap before GC invocations=7 (full 0):
 garbage-first heap   total 262144K, used 185887K [0x00000000e0000000, 0x0000000100000000)
  region size 1024K, 153 young (156672K), 8 survivors (8192K)
 Metaspace       used 48636K, committed 50240K, reserved 393216K
  class space    used 6965K, committed 7744K, reserved 327680K
}
Event: 5.505 GC heap after
{Heap after GC invocations=8 (full 0):
 garbage-first heap   total 262144K, used 40951K [0x00000000e0000000, 0x0000000100000000)
  region size 1024K, 18 young (18432K), 18 survivors (18432K)
 Metaspace       used 48636K, committed 50240K, reserved 393216K
  class space    used 6965K, committed 7744K, reserved 327680K
}
Event: 7.257 GC heap before
{Heap before GC invocations=8 (full 0):
 garbage-first heap   total 262144K, used 179191K [0x00000000e0000000, 0x0000000100000000)
  region size 1024K, 153 young (156672K), 18 survivors (18432K)
 Metaspace       used 57159K, committed 59136K, reserved 393216K
  class space    used 8177K, committed 9152K, reserved 327680K
}
Event: 7.273 GC heap after
{Heap after GC invocations=9 (full 0):
 garbage-first heap   total 262144K, used 51482K [0x00000000e0000000, 0x0000000100000000)
  region size 1024K, 20 young (20480K), 20 survivors (20480K)
 Metaspace       used 57159K, committed 59136K, reserved 393216K
  class space    used 8177K, committed 9152K, reserved 327680K
}
Event: 7.886 GC heap before
{Heap before GC invocations=9 (full 0):
 garbage-first heap   total 262144K, used 122138K [0x00000000e0000000, 0x0000000100000000)
  region size 1024K, 90 young (92160K), 20 survivors (20480K)
 Metaspace       used 58124K, committed 60096K, reserved 393216K
  class space    used 8235K, committed 9216K, reserved 327680K
}
Event: 7.908 GC heap after
{Heap after GC invocations=10 (full 0):
 garbage-first heap   total 262144K, used 60862K [0x00000000e0000000, 0x0000000100000000)
  region size 1024K, 8 young (8192K), 8 survivors (8192K)
 Metaspace       used 58124K, committed 60096K, reserved 393216K
  class space    used 8235K, committed 9216K, reserved 327680K
}

Dll operation events (15 events):
Event: 0.010 Loaded shared library C:\Program Files\Java\jdk-21\bin\java.dll
Event: 0.037 Loaded shared library C:\Program Files\Java\jdk-21\bin\jsvml.dll
Event: 0.082 Loaded shared library C:\Program Files\Java\jdk-21\bin\zip.dll
Event: 0.087 Loaded shared library C:\Program Files\Java\jdk-21\bin\instrument.dll
Event: 0.090 Loaded shared library C:\Program Files\Java\jdk-21\bin\net.dll
Event: 0.093 Loaded shared library C:\Program Files\Java\jdk-21\bin\nio.dll
Event: 0.097 Loaded shared library C:\Program Files\Java\jdk-21\bin\zip.dll
Event: 0.317 Loaded shared library C:\Program Files\Java\jdk-21\bin\jimage.dll
Event: 0.404 Loaded shared library C:\Program Files\Java\jdk-21\bin\verify.dll
Event: 0.529 Loaded shared library C:\Users\taing\.gradle\native\c067742578af261105cb4f569cf0c3c89f3d7b1fecec35dd04571415982c5e48\windows-amd64\native-platform.dll
Event: 0.540 Loaded shared library C:\Users\taing\.gradle\native\100fb08df4bc3b14c8652ba06237920a3bd2aa13389f12d3474272988ae205f9\windows-amd64\native-platform-file-events.dll
Event: 1.435 Loaded shared library C:\Program Files\Java\jdk-21\bin\management.dll
Event: 1.438 Loaded shared library C:\Program Files\Java\jdk-21\bin\management_ext.dll
Event: 1.628 Loaded shared library C:\Program Files\Java\jdk-21\bin\extnet.dll
Event: 1.727 Loaded shared library C:\Program Files\Java\jdk-21\bin\sunmscapi.dll

Deoptimization events (20 events):
Event: 16.773 Thread 0x00000249bb03e850 Uncommon trap: trap_request=0xffffff45 fr.pc=0x00000249959e7bc8 relative=0x0000000000000d28
Event: 16.773 Thread 0x00000249bb03e850 Uncommon trap: reason=unstable_if action=reinterpret pc=0x00000249959e7bc8 method=org.gradle.api.internal.artifacts.dependencies.DefaultImmutableVersionConstraint.<init>(Ljava/lang/String;Ljava/lang/String;Ljava/lang/String;Ljava/util/List;Ljava/lang/Stri
Event: 16.773 Thread 0x00000249bb03e850 DEOPT PACKING pc=0x00000249959e7bc8 sp=0x000000b42daf82c0
Event: 16.773 Thread 0x00000249bb03e850 DEOPT UNPACKING pc=0x00000249950446a2 sp=0x000000b42daf8210 mode 2
Event: 16.800 Thread 0x00000249bb03e850 Uncommon trap: trap_request=0xffffff45 fr.pc=0x0000024995b21054 relative=0x00000000000001d4
Event: 16.800 Thread 0x00000249bb03e850 Uncommon trap: reason=unstable_if action=reinterpret pc=0x0000024995b21054 method=org.gradle.internal.snapshot.VfsRelativePath.isPrefix(Ljava/lang/String;ILjava/lang/String;ILorg/gradle/internal/snapshot/CaseSensitivity;)Z @ 101 c2
Event: 16.800 Thread 0x00000249bb03e850 DEOPT PACKING pc=0x0000024995b21054 sp=0x000000b42daf4900
Event: 16.800 Thread 0x00000249bb03e850 DEOPT UNPACKING pc=0x00000249950446a2 sp=0x000000b42daf47e0 mode 2
Event: 16.805 Thread 0x00000249bb03e850 Uncommon trap: trap_request=0xffffff45 fr.pc=0x00000249958aed44 relative=0x0000000000000704
Event: 16.805 Thread 0x00000249bb03e850 Uncommon trap: reason=unstable_if action=reinterpret pc=0x00000249958aed44 method=org.gradle.internal.snapshot.VfsRelativePath.isPrefix(Ljava/lang/String;ILjava/lang/String;ILorg/gradle/internal/snapshot/CaseSensitivity;)Z @ 101 c2
Event: 16.805 Thread 0x00000249bb03e850 DEOPT PACKING pc=0x00000249958aed44 sp=0x000000b42daf6be0
Event: 16.805 Thread 0x00000249bb03e850 DEOPT UNPACKING pc=0x00000249950446a2 sp=0x000000b42daf6ae8 mode 2
Event: 16.806 Thread 0x00000249bd27ac40 Uncommon trap: trap_request=0xffffff45 fr.pc=0x00000249958a2890 relative=0x00000000000007d0
Event: 16.806 Thread 0x00000249bd27ac40 Uncommon trap: reason=unstable_if action=reinterpret pc=0x00000249958a2890 method=org.gradle.internal.snapshot.VfsRelativePath.isPrefix(Ljava/lang/String;ILjava/lang/String;ILorg/gradle/internal/snapshot/CaseSensitivity;)Z @ 101 c2
Event: 16.806 Thread 0x00000249bd27ac40 DEOPT PACKING pc=0x00000249958a2890 sp=0x000000b4302fc9a0
Event: 16.806 Thread 0x00000249bd27ac40 DEOPT UNPACKING pc=0x00000249950446a2 sp=0x000000b4302fc950 mode 2
Event: 16.840 Thread 0x00000249bb03e850 Uncommon trap: trap_request=0xffffffc6 fr.pc=0x00000249957c9b50 relative=0x0000000000000430
Event: 16.840 Thread 0x00000249bb03e850 Uncommon trap: reason=bimorphic_or_optimized_type_check action=maybe_recompile pc=0x00000249957c9b50 method=java.util.Spliterators$IteratorSpliterator.tryAdvance(Ljava/util/function/Consumer;)Z @ 50 c2
Event: 16.840 Thread 0x00000249bb03e850 DEOPT PACKING pc=0x00000249957c9b50 sp=0x000000b42daf9240
Event: 16.840 Thread 0x00000249bb03e850 DEOPT UNPACKING pc=0x00000249950446a2 sp=0x000000b42daf91e0 mode 2

Classes loaded (20 events):
Event: 8.655 Loading class java/util/stream/ReferencePipeline$4$1
Event: 8.655 Loading class java/util/stream/ReferencePipeline$4$1 done
Event: 8.723 Loading class java/util/concurrent/ConcurrentSkipListMap$KeySet
Event: 8.727 Loading class java/util/concurrent/ConcurrentSkipListMap$KeySet done
Event: 8.727 Loading class java/util/concurrent/ConcurrentSkipListMap$KeyIterator
Event: 8.727 Loading class java/util/concurrent/ConcurrentSkipListMap$KeyIterator done
Event: 8.869 Loading class java/util/concurrent/ConcurrentLinkedQueue$Itr
Event: 8.869 Loading class java/util/concurrent/ConcurrentLinkedQueue$Itr done
Event: 8.926 Loading class java/util/concurrent/LinkedBlockingDeque$Itr
Event: 8.929 Loading class java/util/concurrent/LinkedBlockingDeque$AbstractItr
Event: 8.931 Loading class java/util/concurrent/LinkedBlockingDeque$AbstractItr done
Event: 8.931 Loading class java/util/concurrent/LinkedBlockingDeque$Itr done
Event: 8.949 Loading class java/util/concurrent/CompletableFuture$AsyncRun
Event: 8.951 Loading class java/util/concurrent/CompletableFuture$AsyncRun done
Event: 16.711 Loading class jdk/internal/math/FormattedFPDecimal
Event: 16.711 Loading class jdk/internal/math/FormattedFPDecimal done
Event: 16.711 Loading class sun/text/resources/cldr/FormatData_en
Event: 16.712 Loading class sun/text/resources/cldr/FormatData_en done
Event: 16.747 Loading class java/util/AbstractList$ListItr
Event: 16.747 Loading class java/util/AbstractList$ListItr done

Classes unloaded (0 events):
No events

Classes redefined (0 events):
No events

Internal exceptions (20 events):
Event: 8.723 Thread 0x00000249bd186e10 Exception <a 'java/lang/IncompatibleClassChangeError'{0x00000000ea546dd8}: Found class java.lang.Object, but interface was expected> (0x00000000ea546dd8) 
thrown [s\open\src\hotspot\share\interpreter\linkResolver.cpp, line 840]
Event: 8.728 Thread 0x00000249bd186e10 Exception <a 'java/lang/NoSuchMethodError'{0x00000000ea557940}: static Ljava/lang/Object;.<clinit>()V> (0x00000000ea557940) 
thrown [s\open\src\hotspot\share\prims\jni.cpp, line 1111]
Event: 8.818 Thread 0x00000249bd186e10 Exception <a 'java/lang/NoSuchMethodError'{0x00000000e9d94388}: 'int java.lang.invoke.DirectMethodHandle$Holder.invokeStaticInit(java.lang.Object, java.lang.Object, java.lang.Object, java.lang.Object, java.lang.Object)'> (0x00000000e9d94388) 
thrown [s\open\src\hotspot\share\interpreter\linkResolver.cpp, line 773]
Event: 8.855 Thread 0x00000249bafa7bf0 Exception <a 'java/lang/NoSuchMethodError'{0x00000000eaa60798}: static Lorg/gradle/internal/build/event/types/DefaultTaskFinishedProgressEvent;.<clinit>()V> (0x00000000eaa60798) 
thrown [s\open\src\hotspot\share\prims\jni.cpp, line 1111]
Event: 8.857 Thread 0x00000249bafa7bf0 Exception <a 'java/lang/NoSuchMethodError'{0x00000000e9b23010}: static Lorg/gradle/internal/build/event/types/DefaultTaskSuccessResult;.<clinit>()V> (0x00000000e9b23010) 
thrown [s\open\src\hotspot\share\prims\jni.cpp, line 1111]
Event: 8.857 Thread 0x00000249bafa7bf0 Exception <a 'java/lang/NoSuchMethodError'{0x00000000e9b242c8}: static Lorg/gradle/internal/build/event/types/AbstractTaskResult;.<clinit>()V> (0x00000000e9b242c8) 
thrown [s\open\src\hotspot\share\prims\jni.cpp, line 1111]
Event: 8.857 Thread 0x00000249bafa7bf0 Exception <a 'java/lang/NoSuchMethodError'{0x00000000e9b25838}: static Lorg/gradle/internal/build/event/types/AbstractResult;.<clinit>()V> (0x00000000e9b25838) 
thrown [s\open\src\hotspot\share\prims\jni.cpp, line 1111]
Event: 8.873 Thread 0x00000249bb03e850 Exception <a 'java/lang/NoSuchMethodError'{0x00000000eb0f1428}: 'void java.lang.invoke.DirectMethodHandle$Holder.invokeInterface(java.lang.Object, java.lang.Object, java.lang.Object, int)'> (0x00000000eb0f1428) 
thrown [s\open\src\hotspot\share\interpreter\linkResolver.cpp, line 773]
Event: 8.873 Thread 0x00000249bb03e850 Exception <a 'java/lang/IncompatibleClassChangeError'{0x00000000eb0f4f58}: Found class java.lang.Object, but interface was expected> (0x00000000eb0f4f58) 
thrown [s\open\src\hotspot\share\interpreter\linkResolver.cpp, line 840]
Event: 8.873 Thread 0x00000249bb03e850 Exception <a 'java/lang/NoSuchMethodError'{0x00000000eb0f94d8}: 'void java.lang.invoke.DelegatingMethodHandle$Holder.reinvoke_L(java.lang.Object, java.lang.Object, java.lang.Object, int)'> (0x00000000eb0f94d8) 
thrown [s\open\src\hotspot\share\interpreter\linkResolver.cpp, line 773]
Event: 8.875 Thread 0x00000249bb03e850 Exception <a 'java/lang/NoSuchMethodError'{0x00000000e9bc2d00}: 'void java.lang.invoke.DirectMethodHandle$Holder.invokeVirtual(java.lang.Object, java.lang.Object)'> (0x00000000e9bc2d00) 
thrown [s\open\src\hotspot\share\interpreter\linkResolver.cpp, line 773]
Event: 8.894 Thread 0x00000249bb03e850 Exception <a 'java/lang/IncompatibleClassChangeError'{0x00000000e9a7f878}: Found class java.lang.Object, but interface was expected> (0x00000000e9a7f878) 
thrown [s\open\src\hotspot\share\interpreter\linkResolver.cpp, line 840]
Event: 8.904 Thread 0x00000249bb03e850 Exception <a 'java/lang/IncompatibleClassChangeError'{0x00000000e9aafe08}: Found class java.lang.Object, but interface was expected> (0x00000000e9aafe08) 
thrown [s\open\src\hotspot\share\interpreter\linkResolver.cpp, line 840]
Event: 16.751 Thread 0x00000249bb03e850 Exception <a 'sun/nio/fs/WindowsException'{0x00000000e93c71c8}> (0x00000000e93c71c8) 
thrown [s\open\src\hotspot\share\prims\jni.cpp, line 520]
Event: 16.752 Thread 0x00000249bb03e850 Exception <a 'sun/nio/fs/WindowsException'{0x00000000e93c86a8}> (0x00000000e93c86a8) 
thrown [s\open\src\hotspot\share\prims\jni.cpp, line 520]
Event: 16.752 Thread 0x00000249bb03e850 Exception <a 'sun/nio/fs/WindowsException'{0x00000000e93c9b78}> (0x00000000e93c9b78) 
thrown [s\open\src\hotspot\share\prims\jni.cpp, line 520]
Event: 16.752 Thread 0x00000249bb03e850 Exception <a 'sun/nio/fs/WindowsException'{0x00000000e93cb028}> (0x00000000e93cb028) 
thrown [s\open\src\hotspot\share\prims\jni.cpp, line 520]
Event: 16.831 Thread 0x00000249bb03e850 Exception <a 'java/lang/NoClassDefFoundError'{0x00000000e8d1f3d8}: org/jetbrains/kotlin/gradle/plugin/KotlinPluginWrapper> (0x00000000e8d1f3d8) 
thrown [s\open\src\hotspot\share\oops\constantPool.cpp, line 873]
Event: 16.831 Thread 0x00000249bb03e850 Exception <a 'java/lang/NoClassDefFoundError'{0x00000000e8d21530}: org/graalvm/buildtools/gradle/NativeImagePlugin> (0x00000000e8d21530) 
thrown [s\open\src\hotspot\share\oops\constantPool.cpp, line 873]
Event: 16.831 Thread 0x00000249bb03e850 Exception <a 'java/lang/NoClassDefFoundError'{0x00000000e8d23678}: org/cyclonedx/gradle/CycloneDxPlugin> (0x00000000e8d23678) 
thrown [s\open\src\hotspot\share\oops\constantPool.cpp, line 873]

ZGC Phase Switch (0 events):
No events

VM Operations (20 events):
Event: 8.877 Executing VM operation: HandshakeAllThreads (Deoptimize)
Event: 8.877 Executing VM operation: HandshakeAllThreads (Deoptimize) done
Event: 8.953 Executing VM operation: ICBufferFull
Event: 8.953 Executing VM operation: ICBufferFull done
Event: 9.955 Executing VM operation: Cleanup
Event: 9.955 Executing VM operation: Cleanup done
Event: 10.960 Executing VM operation: Cleanup
Event: 10.960 Executing VM operation: Cleanup done
Event: 11.739 Executing VM operation: HandshakeAllThreads (Deoptimize)
Event: 11.739 Executing VM operation: HandshakeAllThreads (Deoptimize) done
Event: 11.741 Executing VM operation: HandshakeAllThreads (Deoptimize)
Event: 11.741 Executing VM operation: HandshakeAllThreads (Deoptimize) done
Event: 12.744 Executing VM operation: Cleanup
Event: 12.744 Executing VM operation: Cleanup done
Event: 15.774 Executing VM operation: Cleanup
Event: 15.774 Executing VM operation: Cleanup done
Event: 16.748 Executing VM operation: HandshakeAllThreads (Deoptimize)
Event: 16.748 Executing VM operation: HandshakeAllThreads (Deoptimize) done
Event: 16.783 Executing VM operation: ICBufferFull
Event: 16.783 Executing VM operation: ICBufferFull done

Events (20 events):
Event: 16.726 Thread 0x00000249be4df190 Thread added: 0x00000249be4df190
Event: 16.729 Thread 0x00000249be4dbd10 Thread added: 0x00000249be4dbd10
Event: 16.731 Thread 0x00000249be4dc3a0 Thread added: 0x00000249be4dc3a0
Event: 16.746 Thread 0x00000249be4df820 Thread added: 0x00000249be4df820
Event: 16.771 Thread 0x00000249be4dfeb0 Thread added: 0x00000249be4dfeb0
Event: 16.792 Thread 0x00000249be4dca30 Thread added: 0x00000249be4dca30
Event: 16.792 Thread 0x00000249be4e0bd0 Thread added: 0x00000249be4e0bd0
Event: 16.792 Thread 0x00000249be4e0540 Thread added: 0x00000249be4e0540
Event: 16.792 Thread 0x00000249be4e18f0 Thread added: 0x00000249be4e18f0
Event: 16.793 Thread 0x00000249be4e1f80 Thread added: 0x00000249be4e1f80
Event: 16.793 Thread 0x00000249be4e2610 Thread added: 0x00000249be4e2610
Event: 16.793 Thread 0x00000249bd2784e0 Thread added: 0x00000249bd2784e0
Event: 16.802 Thread 0x00000249bd279200 Thread added: 0x00000249bd279200
Event: 16.802 Thread 0x00000249bd279f20 Thread added: 0x00000249bd279f20
Event: 16.803 Thread 0x00000249bd2777c0 Thread added: 0x00000249bd2777c0
Event: 16.803 Thread 0x00000249bd277e50 Thread added: 0x00000249bd277e50
Event: 16.803 Thread 0x00000249bd277130 Thread added: 0x00000249bd277130
Event: 16.804 Thread 0x00000249bd278b70 Thread added: 0x00000249bd278b70
Event: 16.804 Thread 0x00000249bd27ac40 Thread added: 0x00000249bd27ac40
Event: 16.805 Thread 0x00000249bb2e3450 Thread added: 0x00000249bb2e3450


Dynamic libraries:
0x00007ff6f0f80000 - 0x00007ff6f0f90000 	C:\Program Files\Java\jdk-21\bin\java.exe
0x00007ff8613e0000 - 0x00007ff861649000 	C:\WINDOWS\SYSTEM32\ntdll.dll
0x00007ff860320000 - 0x00007ff8603e9000 	C:\WINDOWS\System32\KERNEL32.DLL
0x00007ff85e630000 - 0x00007ff85ea23000 	C:\WINDOWS\System32\KERNELBASE.dll
0x00007ff85f060000 - 0x00007ff85f1ab000 	C:\WINDOWS\System32\ucrtbase.dll
0x00007ff82d010000 - 0x00007ff82d029000 	C:\Program Files\Java\jdk-21\bin\jli.dll
0x00007ff827810000 - 0x00007ff82782b000 	C:\Program Files\Java\jdk-21\bin\VCRUNTIME140.dll
0x00007ff85fd20000 - 0x00007ff85fdd4000 	C:\WINDOWS\System32\ADVAPI32.dll
0x00007ff85fea0000 - 0x00007ff85ff49000 	C:\WINDOWS\System32\msvcrt.dll
0x00007ff85fdf0000 - 0x00007ff85fe96000 	C:\WINDOWS\System32\sechost.dll
0x00007ff85f580000 - 0x00007ff85f698000 	C:\WINDOWS\System32\RPCRT4.dll
0x00007ff85fb30000 - 0x00007ff85fcf4000 	C:\WINDOWS\System32\USER32.dll
0x00007ff848aa0000 - 0x00007ff848d33000 	C:\WINDOWS\WinSxS\amd64_microsoft.windows.common-controls_6595b64144ccf1df_6.0.26100.5074_none_3e0d6f78e32fd63f\COMCTL32.dll
0x00007ff85ecd0000 - 0x00007ff85ecf7000 	C:\WINDOWS\System32\win32u.dll
0x00007ff8606c0000 - 0x00007ff8606eb000 	C:\WINDOWS\System32\GDI32.dll
0x00007ff85ef30000 - 0x00007ff85f05d000 	C:\WINDOWS\System32\gdi32full.dll
0x00007ff85ed00000 - 0x00007ff85eda3000 	C:\WINDOWS\System32\msvcp_win.dll
0x00007ff84fb30000 - 0x00007ff84fb3b000 	C:\WINDOWS\SYSTEM32\VERSION.dll
0x00007ff860580000 - 0x00007ff8605af000 	C:\WINDOWS\System32\IMM32.DLL
0x00007ff85b780000 - 0x00007ff85b78c000 	C:\Program Files\Java\jdk-21\bin\vcruntime140_1.dll
0x00007ff803da0000 - 0x00007ff803e2e000 	C:\Program Files\Java\jdk-21\bin\msvcp140.dll
0x00007fffd5b00000 - 0x00007fffd6813000 	C:\Program Files\Java\jdk-21\bin\server\jvm.dll
0x00007ff8603f0000 - 0x00007ff860464000 	C:\WINDOWS\System32\WS2_32.dll
0x00007ff85e3d0000 - 0x00007ff85e42e000 	C:\WINDOWS\SYSTEM32\POWRPROF.dll
0x00007ff84bfd0000 - 0x00007ff84c005000 	C:\WINDOWS\SYSTEM32\WINMM.dll
0x00007ff85e3b0000 - 0x00007ff85e3c4000 	C:\WINDOWS\SYSTEM32\UMPDC.dll
0x00007ff85d310000 - 0x00007ff85d32b000 	C:\WINDOWS\SYSTEM32\kernel.appcore.dll
0x00007ff82d080000 - 0x00007ff82d08a000 	C:\Program Files\Java\jdk-21\bin\jimage.dll
0x00007ff85ba30000 - 0x00007ff85bc72000 	C:\WINDOWS\SYSTEM32\DBGHELP.DLL
0x00007ff860f30000 - 0x00007ff8612ab000 	C:\WINDOWS\System32\combase.dll
0x00007ff8612b0000 - 0x00007ff861387000 	C:\WINDOWS\System32\OLEAUT32.dll
0x00007ff838270000 - 0x00007ff8382ad000 	C:\WINDOWS\SYSTEM32\dbgcore.DLL
0x00007ff85ec30000 - 0x00007ff85ecc9000 	C:\WINDOWS\System32\bcryptPrimitives.dll
0x00007ff849e70000 - 0x00007ff849e7f000 	C:\Program Files\Java\jdk-21\bin\instrument.dll
0x00007ff82a110000 - 0x00007ff82a12f000 	C:\Program Files\Java\jdk-21\bin\java.dll
0x00007ff8607e0000 - 0x00007ff860f2d000 	C:\WINDOWS\System32\SHELL32.dll
0x00007ff85eac0000 - 0x00007ff85ec2c000 	C:\WINDOWS\System32\wintypes.dll
0x00007ff85c1b0000 - 0x00007ff85ca09000 	C:\WINDOWS\SYSTEM32\windows.storage.dll
0x00007ff85f1b0000 - 0x00007ff85f2a0000 	C:\WINDOWS\System32\SHCORE.dll
0x00007ff860770000 - 0x00007ff8607d2000 	C:\WINDOWS\System32\shlwapi.dll
0x00007ff85e490000 - 0x00007ff85e4b9000 	C:\WINDOWS\SYSTEM32\profapi.dll
0x00007fffeff40000 - 0x00007ffff0017000 	C:\Program Files\Java\jdk-21\bin\jsvml.dll
0x00007ff82a0f0000 - 0x00007ff82a108000 	C:\Program Files\Java\jdk-21\bin\zip.dll
0x00007ff849e60000 - 0x00007ff849e70000 	C:\Program Files\Java\jdk-21\bin\net.dll
0x00007ff851e20000 - 0x00007ff851f3f000 	C:\WINDOWS\SYSTEM32\WINHTTP.dll
0x00007ff85d870000 - 0x00007ff85d8db000 	C:\WINDOWS\system32\mswsock.dll
0x00007ff827010000 - 0x00007ff827026000 	C:\Program Files\Java\jdk-21\bin\nio.dll
0x00007ff82a610000 - 0x00007ff82a620000 	C:\Program Files\Java\jdk-21\bin\verify.dll
0x00007ff82a150000 - 0x00007ff82a177000 	C:\Users\taing\.gradle\native\c067742578af261105cb4f569cf0c3c89f3d7b1fecec35dd04571415982c5e48\windows-amd64\native-platform.dll
0x00007fffefdf0000 - 0x00007fffeff34000 	C:\Users\taing\.gradle\native\100fb08df4bc3b14c8652ba06237920a3bd2aa13389f12d3474272988ae205f9\windows-amd64\native-platform-file-events.dll
0x00007ff82a370000 - 0x00007ff82a37a000 	C:\Program Files\Java\jdk-21\bin\management.dll
0x00007ff826d90000 - 0x00007ff826d9b000 	C:\Program Files\Java\jdk-21\bin\management_ext.dll
0x00007ff85fde0000 - 0x00007ff85fde8000 	C:\WINDOWS\System32\PSAPI.DLL
0x00007ff85dc40000 - 0x00007ff85dc5b000 	C:\WINDOWS\SYSTEM32\CRYPTSP.dll
0x00007ff85d270000 - 0x00007ff85d2ab000 	C:\WINDOWS\system32\rsaenh.dll
0x00007ff85d910000 - 0x00007ff85d93b000 	C:\WINDOWS\SYSTEM32\USERENV.dll
0x00007ff85e460000 - 0x00007ff85e486000 	C:\WINDOWS\SYSTEM32\bcrypt.dll
0x00007ff85daa0000 - 0x00007ff85daac000 	C:\WINDOWS\SYSTEM32\CRYPTBASE.dll
0x00007ff85cd10000 - 0x00007ff85cd44000 	C:\WINDOWS\SYSTEM32\IPHLPAPI.DLL
0x00007ff860310000 - 0x00007ff86031a000 	C:\WINDOWS\System32\NSI.dll
0x00007ff826d80000 - 0x00007ff826d89000 	C:\Program Files\Java\jdk-21\bin\extnet.dll
0x00007ff820ad0000 - 0x00007ff820ade000 	C:\Program Files\Java\jdk-21\bin\sunmscapi.dll
0x00007ff85edb0000 - 0x00007ff85ef27000 	C:\WINDOWS\System32\CRYPT32.dll
0x00007ff85dd90000 - 0x00007ff85ddc0000 	C:\WINDOWS\SYSTEM32\ncrypt.dll
0x00007ff85dd40000 - 0x00007ff85dd7f000 	C:\WINDOWS\SYSTEM32\NTASN1.dll
0x00007ff821870000 - 0x00007ff821878000 	C:\WINDOWS\system32\wshunix.dll
0x00007ff85b2d0000 - 0x00007ff85b36e000 	C:\WINDOWS\system32\apphelp.dll

dbghelp: loaded successfully - version: 4.0.5 - missing functions: none
symbol engine: initialized successfully - sym options: 0x614 - pdb path: .;C:\Program Files\Java\jdk-21\bin;C:\WINDOWS\SYSTEM32;C:\WINDOWS\WinSxS\amd64_microsoft.windows.common-controls_6595b64144ccf1df_6.0.26100.5074_none_3e0d6f78e32fd63f;C:\Program Files\Java\jdk-21\bin\server;C:\Users\taing\.gradle\native\c067742578af261105cb4f569cf0c3c89f3d7b1fecec35dd04571415982c5e48\windows-amd64;C:\Users\taing\.gradle\native\100fb08df4bc3b14c8652ba06237920a3bd2aa13389f12d3474272988ae205f9\windows-amd64

VM Arguments:
jvm_args: --add-opens=java.base/java.util=ALL-UNNAMED --add-opens=java.base/java.lang=ALL-UNNAMED --add-opens=java.base/java.lang.invoke=ALL-UNNAMED --add-opens=java.prefs/java.util.prefs=ALL-UNNAMED --add-opens=java.base/java.nio.charset=ALL-UNNAMED --add-opens=java.base/java.net=ALL-UNNAMED --add-opens=java.base/java.util.concurrent.atomic=ALL-UNNAMED -XX:MaxMetaspaceSize=384m -XX:+HeapDumpOnOutOfMemoryError -Xms256m -Xmx512m -Dfile.encoding=UTF-8 -Duser.country=VN -Duser.language=vi -Duser.variant -javaagent:C:\Users\taing\.gradle\wrapper\dists\gradle-8.8-bin\dl7vupf4psengwqhwktix4v1\gradle-8.8\lib\agents\gradle-instrumentation-agent-8.8.jar 
java_command: org.gradle.launcher.daemon.bootstrap.GradleDaemon 8.8
java_class_path (initial): C:\Users\taing\.gradle\wrapper\dists\gradle-8.8-bin\dl7vupf4psengwqhwktix4v1\gradle-8.8\lib\gradle-launcher-8.8.jar
Launcher Type: SUN_STANDARD

[Global flags]
     intx CICompilerCount                          = 4                                         {product} {ergonomic}
   size_t CompressedClassSpaceSize                 = 335544320                                 {product} {ergonomic}
     uint ConcGCThreads                            = 2                                         {product} {ergonomic}
     uint G1ConcRefinementThreads                  = 8                                         {product} {ergonomic}
   size_t G1HeapRegionSize                         = 1048576                                   {product} {ergonomic}
    uintx GCDrainStackTargetSize                   = 64                                        {product} {ergonomic}
     bool HeapDumpOnOutOfMemoryError               = true                                   {manageable} {command line}
   size_t InitialHeapSize                          = 268435456                                 {product} {command line}
   size_t MarkStackSize                            = 4194304                                   {product} {ergonomic}
   size_t MaxHeapSize                              = 536870912                                 {product} {command line}
   size_t MaxMetaspaceSize                         = 402653184                                 {product} {command line}
   size_t MaxNewSize                               = 321912832                                 {product} {ergonomic}
   size_t MinHeapDeltaBytes                        = 1048576                                   {product} {ergonomic}
   size_t MinHeapSize                              = 268435456                                 {product} {command line}
    uintx NonNMethodCodeHeapSize                   = 5839372                                {pd product} {ergonomic}
    uintx NonProfiledCodeHeapSize                  = 122909434                              {pd product} {ergonomic}
    uintx ProfiledCodeHeapSize                     = 122909434                              {pd product} {ergonomic}
    uintx ReservedCodeCacheSize                    = 251658240                              {pd product} {ergonomic}
     bool SegmentedCodeCache                       = true                                      {product} {ergonomic}
   size_t SoftMaxHeapSize                          = 536870912                              {manageable} {ergonomic}
     bool UseCompressedOops                        = true                           {product lp64_product} {ergonomic}
     bool UseG1GC                                  = true                                      {product} {ergonomic}
     bool UseLargePagesIndividualAllocation        = false                                  {pd product} {ergonomic}

Logging:
Log output configuration:
 #0: stdout all=warning uptime,level,tags foldmultilines=false
 #1: stderr all=off uptime,level,tags foldmultilines=false

Environment Variables:
PATH=C:\Program Files\Common Files\Oracle\Java\javapath;C:\Program Files (x86)\Common Files\Oracle\Java\java8path;C:\Program Files (x86)\Common Files\Oracle\Java\javapath;C:\WINDOWS\system32;C:\WINDOWS;C:\WINDOWS\System32\Wbem;C:\WINDOWS\System32\WindowsPowerShell\v1.0\;C:\WINDOWS\System32\OpenSSH\;C:\Program Files (x86)\Microsoft SQL Server\160\Tools\Binn\;C:\Program Files\Microsoft SQL Server\160\Tools\Binn\;C:\Program Files\Microsoft SQL Server\Client SDK\ODBC\170\Tools\Binn\;C:\Program Files\Microsoft SQL Server\160\DTS\Binn\;C:\Program Files (x86)\Microsoft SQL Server\160\DTS\Binn\;C:\Program Files\Azure Data Studio\bin;C:\Program Files\dotnet\;C:\Program Files (x86)\NVIDIA Corporation\PhysX\Common;C:\Program Files\NVIDIA Corporation\NVIDIA NvDLISR;C:\Program Files\nodejs\;C:\Program Files\Docker\Docker\resources\bin;c:\Users\taing\AppData\Local\Programs\cursor\resources\app\bin;C:\Program Files\Git\cmd;C:\Program Files\Cloudflare\Cloudflare WARP\;C:\Program Files (x86)\IVI Foundation\VISA\WinNT\Bin;C:\WINDOWS\system32;C:\WINDOWS;C:\WINDOWS\System32\Wbem;C:\WINDOWS\System32\WindowsPowerShell\v1.0\;C:\WINDOWS\System32\OpenSSH\;c:\page;C:\Users\taing\AppData\Local\Programs\Python\Python313\Scripts\;C:\Users\taing\AppData\Local\Programs\Python\Python313\;C:\Users\taing\AppData\Local\Microsoft\WindowsApps;C:\Users\taing\AppData\Local\Programs\Microsoft VS Code\bin;C:\Users\taing\AppData\Local\GitHubDesktop\bin;C:\Users\taing\AppData\Roaming\npm;C:\Users\taing\.lmstudio\bin;C:\Program Files\JetBrains\IntelliJ IDEA 2024.3\bin;C:\Program Files\JetBrains\IntelliJ IDEA Community Edition 2025.1\bin;C:\Users\taing\AppData\Local\Microsoft\WindowsApps
USERNAME=taing
OS=Windows_NT
PROCESSOR_IDENTIFIER=Intel64 Family 6 Model 165 Stepping 2, GenuineIntel
TMP=C:\Users\taing\AppData\Local\Temp
TEMP=C:\Users\taing\AppData\Local\Temp




Periodic native trim disabled

---------------  S Y S T E M  ---------------

OS:
 Windows 11 , 64 bit Build 26100 (10.0.26100.5074)
OS uptime: 0 days 21:18 hours
Hyper-V role detected

CPU: total 8 (initial active 8) (4 cores per cpu, 2 threads per core) family 6 model 165 stepping 2 microcode 0xe0, cx8, cmov, fxsr, ht, mmx, 3dnowpref, sse, sse2, sse3, ssse3, sse4.1, sse4.2, popcnt, lzcnt, tsc, tscinvbit, avx, avx2, aes, erms, clmul, bmi1, bmi2, adx, fma, vzeroupper, clflush, clflushopt, hv, rdtscp, f16c
Processor Information for all 8 processors :
  Max Mhz: 2496, Current Mhz: 2496, Mhz Limit: 2496

Memory: 4k page, system-wide physical 16215M (1741M free)
TotalPageFile size 22674M (AvailPageFile size 6M)
current process WorkingSet (physical memory assigned to process): 441M, peak: 462M
current process commit charge ("private bytes"): 522M, peak: 538M

vm_info: Java HotSpot(TM) 64-Bit Server VM (21.0.4+8-LTS-274) for windows-amd64 JRE (21.0.4+8-LTS-274), built on 2024-06-05T05:23:33Z by "mach5one" with MS VC++ 17.6 (VS2022)

END.
