#
# There is insufficient memory for the Java Runtime Environment to continue.
# Native memory allocation (malloc) failed to allocate 1105936 bytes for Chunk::new
# Possible reasons:
#   The system is out of physical RAM or swap space
#   The process is running with CompressedOops enabled, and the Java Heap may be blocking the growth of the native heap
# Possible solutions:
#   Reduce memory load on the system
#   Increase physical memory or swap space
#   Check if swap backing store is full
#   Decrease Java heap size (-Xmx/-Xms)
#   Decrease number of Java threads
#   Decrease Java thread stack sizes (-Xss)
#   Set larger code cache with -XX:ReservedCodeCacheSize=
#   JVM is running with Unscaled Compressed Oops mode in which the Java heap is
#     placed in the first 4GB address space. The Java Heap base address is the
#     maximum limit for the native heap growth. Please use -XX:HeapBaseMinAddress
#     to set the Java Heap base and to place the Java Heap above 4GB virtual address.
# This output file may be truncated or incomplete.
#
#  Out of Memory Error (arena.cpp:168), pid=10452, tid=144
#
# JRE version: Java(TM) SE Runtime Environment (21.0.4+8) (build 21.0.4+8-LTS-274)
# Java VM: Java HotSpot(TM) 64-Bit Server VM (21.0.4+8-LTS-274, mixed mode, sharing, tiered, compressed oops, compressed class ptrs, g1 gc, windows-amd64)
# No core dump will be written. Minidumps are not enabled by default on client versions of Windows
#

---------------  S U M M A R Y ------------

Command Line: --add-opens=java.base/java.util=ALL-UNNAMED --add-opens=java.base/java.lang=ALL-UNNAMED --add-opens=java.base/java.lang.invoke=ALL-UNNAMED --add-opens=java.prefs/java.util.prefs=ALL-UNNAMED --add-opens=java.base/java.nio.charset=ALL-UNNAMED --add-opens=java.base/java.net=ALL-UNNAMED --add-opens=java.base/java.util.concurrent.atomic=ALL-UNNAMED -XX:MaxMetaspaceSize=384m -XX:+HeapDumpOnOutOfMemoryError -Xms256m -Xmx512m -Dfile.encoding=UTF-8 -Duser.country=VN -Duser.language=vi -Duser.variant -javaagent:C:\Users\taing\.gradle\wrapper\dists\gradle-8.8-bin\dl7vupf4psengwqhwktix4v1\gradle-8.8\lib\agents\gradle-instrumentation-agent-8.8.jar org.gradle.launcher.daemon.bootstrap.GradleDaemon 8.8

Host: Intel(R) Core(TM) i5-10300H CPU @ 2.50GHz, 8 cores, 15G,  Windows 11 , 64 bit Build 26100 (10.0.26100.5074)
Time: Tue Sep 23 14:06:38 2025 SE Asia Standard Time elapsed time: 42.762049 seconds (0d 0h 0m 42s)

---------------  T H R E A D  ---------------

Current thread (0x0000028ef67fef40):  JavaThread "C2 CompilerThread0" daemon [_thread_in_native, id=144, stack(0x000000fd96700000,0x000000fd96800000) (1024K)]


Current CompileTask:
C2:  42762 6546 %     4       org.gradle.internal.instantiation.generator.AbstractClassGenerator::inspectType @ 77 (560 bytes)

Stack: [0x000000fd96700000,0x000000fd96800000]
Native frames: (J=compiled Java code, j=interpreted, Vv=VM code, C=native code)
V  [jvm.dll+0x6c8e59]
V  [jvm.dll+0x853181]
V  [jvm.dll+0x8556ae]
V  [jvm.dll+0x855d83]
V  [jvm.dll+0x27d526]
V  [jvm.dll+0xc4aad]
V  [jvm.dll+0xc4fe3]
V  [jvm.dll+0x3b3fd2]
V  [jvm.dll+0x1df243]
V  [jvm.dll+0x2463d2]
V  [jvm.dll+0x24585f]
V  [jvm.dll+0x1c69de]
V  [jvm.dll+0x254d49]
V  [jvm.dll+0x2532da]
V  [jvm.dll+0x3ed426]
V  [jvm.dll+0x7fd65b]
V  [jvm.dll+0x6c753d]
C  [ucrtbase.dll+0x37b0]
C  [KERNEL32.DLL+0x2e8d7]
C  [ntdll.dll+0x8d9c]


---------------  P R O C E S S  ---------------

Threads class SMR info:
_java_thread_list=0x0000028efdf74df0, length=66, elements={
0x0000028ed96cdb80, 0x0000028ef66dd410, 0x0000028ef66de120, 0x0000028ef67fa5b0,
0x0000028ef67fb010, 0x0000028ef67fda80, 0x0000028ef67fe4e0, 0x0000028ef67fef40,
0x0000028ef68356d0, 0x0000028ef66a6fd0, 0x0000028ef6a615a0, 0x0000028efc55eb50,
0x0000028efbc1bd80, 0x0000028efb8c7f20, 0x0000028efbd04860, 0x0000028efbd04ed0,
0x0000028efb98cb30, 0x0000028efb98d640, 0x0000028efc621010, 0x0000028efc61fc60,
0x0000028efc61e220, 0x0000028efc61db90, 0x0000028efc61f5d0, 0x0000028efc61e8b0,
0x0000028efc620980, 0x0000028e95ce0f80, 0x0000028e95ce29c0, 0x0000028e95ce0260,
0x0000028e95ce1610, 0x0000028e95ce2330, 0x0000028e95cdf540, 0x0000028e95ce1ca0,
0x0000028e95ce3050, 0x0000028e95ce57b0, 0x0000028e95ce3d70, 0x0000028e95ce5e40,
0x0000028e95ce4400, 0x0000028e95ce4a90, 0x0000028efda887f0, 0x0000028efda89510,
0x0000028efda8af50, 0x0000028efda89ba0, 0x0000028efda8a230, 0x0000028efda8a8c0,
0x0000028efda8b5e0, 0x0000028efda88160, 0x0000028efda8e3d0, 0x0000028efda8d020,
0x0000028efda8c990, 0x0000028efda8c300, 0x0000028efda8ea60, 0x0000028efda8f0f0,
0x0000028efda8d6b0, 0x0000028efda8bc70, 0x0000028efda8dd40, 0x0000028efda8f780,
0x0000028efd0d3490, 0x0000028efd0d2770, 0x0000028efd0d1a50, 0x0000028efd0d3b20,
0x0000028efd0d41b0, 0x0000028efd0d0d30, 0x0000028efd0d20e0, 0x0000028efd0d2e00,
0x0000028efc9c1ec0, 0x0000028efc9c3330
}

Java Threads: ( => current thread )
  0x0000028ed96cdb80 JavaThread "main"                              [_thread_blocked, id=15992, stack(0x000000fd95900000,0x000000fd95a00000) (1024K)]
  0x0000028ef66dd410 JavaThread "Reference Handler"          daemon [_thread_blocked, id=24988, stack(0x000000fd96100000,0x000000fd96200000) (1024K)]
  0x0000028ef66de120 JavaThread "Finalizer"                  daemon [_thread_blocked, id=22472, stack(0x000000fd96200000,0x000000fd96300000) (1024K)]
  0x0000028ef67fa5b0 JavaThread "Signal Dispatcher"          daemon [_thread_blocked, id=24744, stack(0x000000fd96300000,0x000000fd96400000) (1024K)]
  0x0000028ef67fb010 JavaThread "Attach Listener"            daemon [_thread_blocked, id=14456, stack(0x000000fd96400000,0x000000fd96500000) (1024K)]
  0x0000028ef67fda80 JavaThread "Service Thread"             daemon [_thread_blocked, id=20816, stack(0x000000fd96500000,0x000000fd96600000) (1024K)]
  0x0000028ef67fe4e0 JavaThread "Monitor Deflation Thread"   daemon [_thread_blocked, id=21692, stack(0x000000fd96600000,0x000000fd96700000) (1024K)]
=>0x0000028ef67fef40 JavaThread "C2 CompilerThread0"         daemon [_thread_in_native, id=144, stack(0x000000fd96700000,0x000000fd96800000) (1024K)]
  0x0000028ef68356d0 JavaThread "C1 CompilerThread0"         daemon [_thread_blocked, id=25332, stack(0x000000fd96800000,0x000000fd96900000) (1024K)]
  0x0000028ef66a6fd0 JavaThread "Common-Cleaner"             daemon [_thread_blocked, id=1536, stack(0x000000fd96900000,0x000000fd96a00000) (1024K)]
  0x0000028ef6a615a0 JavaThread "Notification Thread"        daemon [_thread_blocked, id=9152, stack(0x000000fd96a00000,0x000000fd96b00000) (1024K)]
  0x0000028efc55eb50 JavaThread "Daemon health stats"               [_thread_blocked, id=24884, stack(0x000000fd97100000,0x000000fd97200000) (1024K)]
  0x0000028efbc1bd80 JavaThread "Incoming local TCP Connector on port 53026"        [_thread_in_native, id=24508, stack(0x000000fd97200000,0x000000fd97300000) (1024K)]
  0x0000028efb8c7f20 JavaThread "Daemon periodic checks"            [_thread_blocked, id=22608, stack(0x000000fd97300000,0x000000fd97400000) (1024K)]
  0x0000028efbd04860 JavaThread "Daemon"                            [_thread_blocked, id=10804, stack(0x000000fd97400000,0x000000fd97500000) (1024K)]
  0x0000028efbd04ed0 JavaThread "Handler for socket connection from /127.0.0.1:53026 to /127.0.0.1:53027"        [_thread_in_native, id=8284, stack(0x000000fd97500000,0x000000fd97600000) (1024K)]
  0x0000028efb98cb30 JavaThread "Cancel handler"                    [_thread_blocked, id=3448, stack(0x000000fd97600000,0x000000fd97700000) (1024K)]
  0x0000028efb98d640 JavaThread "Daemon worker"                     [_thread_in_native, id=18356, stack(0x000000fd97700000,0x000000fd97800000) (1024K)]
  0x0000028efc621010 JavaThread "Asynchronous log dispatcher for DefaultDaemonConnection: socket connection from /127.0.0.1:53026 to /127.0.0.1:53027"        [_thread_blocked, id=14256, stack(0x000000fd97800000,0x000000fd97900000) (1024K)]
  0x0000028efc61fc60 JavaThread "Stdin handler"                     [_thread_blocked, id=24664, stack(0x000000fd97900000,0x000000fd97a00000) (1024K)]
  0x0000028efc61e220 JavaThread "Daemon client event forwarder"        [_thread_blocked, id=19324, stack(0x000000fd97a00000,0x000000fd97b00000) (1024K)]
  0x0000028efc61db90 JavaThread "Cache worker for journal cache (C:\Users\taing\.gradle\caches\journal-1)"        [_thread_blocked, id=9440, stack(0x000000fd97000000,0x000000fd97100000) (1024K)]
  0x0000028efc61f5d0 JavaThread "File lock request listener"        [_thread_in_native, id=15004, stack(0x000000fd97b00000,0x000000fd97c00000) (1024K)]
  0x0000028efc61e8b0 JavaThread "Cache worker for file hash cache (C:\Users\taing\.gradle\caches\8.8\fileHashes)"        [_thread_blocked, id=19684, stack(0x000000fd97d00000,0x000000fd97e00000) (1024K)]
  0x0000028efc620980 JavaThread "Cache worker for file hash cache (D:\RaTruong\GenZFashionHuyen\DATN_HP_29\DoAnTotNghiep_MiniatureCrafts\.gradle\8.8\fileHashes)"        [_thread_blocked, id=18104, stack(0x000000fd98000000,0x000000fd98100000) (1024K)]
  0x0000028e95ce0f80 JavaThread "File watcher server"        daemon [_thread_in_native, id=10764, stack(0x000000fd98100000,0x000000fd98200000) (1024K)]
  0x0000028e95ce29c0 JavaThread "File watcher consumer"      daemon [_thread_blocked, id=5852, stack(0x000000fd98200000,0x000000fd98300000) (1024K)]
  0x0000028e95ce0260 JavaThread "Cache worker for checksums cache (D:\RaTruong\GenZFashionHuyen\DATN_HP_29\DoAnTotNghiep_MiniatureCrafts\.gradle\8.8\checksums)"        [_thread_blocked, id=1724, stack(0x000000fd98300000,0x000000fd98400000) (1024K)]
  0x0000028e95ce1610 JavaThread "Cache worker for file content cache (C:\Users\taing\.gradle\caches\8.8\fileContent)"        [_thread_blocked, id=16396, stack(0x000000fd98400000,0x000000fd98500000) (1024K)]
  0x0000028e95ce2330 JavaThread "Cache worker for cache directory md-rule (C:\Users\taing\.gradle\caches\8.8\md-rule)"        [_thread_blocked, id=2628, stack(0x000000fd98500000,0x000000fd98600000) (1024K)]
  0x0000028e95cdf540 JavaThread "Cache worker for cache directory md-supplier (C:\Users\taing\.gradle\caches\8.8\md-supplier)"        [_thread_blocked, id=5028, stack(0x000000fd98600000,0x000000fd98700000) (1024K)]
  0x0000028e95ce1ca0 JavaThread "jar transforms"                    [_thread_blocked, id=25172, stack(0x000000fd98900000,0x000000fd98a00000) (1024K)]
  0x0000028e95ce3050 JavaThread "jar transforms Thread 2"           [_thread_blocked, id=8320, stack(0x000000fd98800000,0x000000fd98900000) (1024K)]
  0x0000028e95ce57b0 JavaThread "jar transforms Thread 3"           [_thread_blocked, id=22260, stack(0x000000fd98b00000,0x000000fd98c00000) (1024K)]
  0x0000028e95ce3d70 JavaThread "Unconstrained build operations"        [_thread_blocked, id=18840, stack(0x000000fd98700000,0x000000fd98800000) (1024K)]
  0x0000028e95ce5e40 JavaThread "Unconstrained build operations Thread 2"        [_thread_blocked, id=21192, stack(0x000000fd98a00000,0x000000fd98b00000) (1024K)]
  0x0000028e95ce4400 JavaThread "jar transforms Thread 4"           [_thread_blocked, id=524, stack(0x000000fd98c00000,0x000000fd98d00000) (1024K)]
  0x0000028e95ce4a90 JavaThread "jar transforms Thread 5"           [_thread_blocked, id=12392, stack(0x000000fd98d00000,0x000000fd98e00000) (1024K)]
  0x0000028efda887f0 JavaThread "jar transforms Thread 6"           [_thread_blocked, id=6628, stack(0x000000fd98e00000,0x000000fd98f00000) (1024K)]
  0x0000028efda89510 JavaThread "jar transforms Thread 7"           [_thread_blocked, id=18200, stack(0x000000fd98f00000,0x000000fd99000000) (1024K)]
  0x0000028efda8af50 JavaThread "jar transforms Thread 8"           [_thread_blocked, id=20756, stack(0x000000fd99000000,0x000000fd99100000) (1024K)]
  0x0000028efda89ba0 JavaThread "Cache worker for Build Output Cleanup Cache (D:\RaTruong\GenZFashionHuyen\DATN_HP_29\DoAnTotNghiep_MiniatureCrafts\.gradle\buildOutputCleanup)"        [_thread_blocked, id=22756, stack(0x000000fd99200000,0x000000fd99300000) (1024K)]
  0x0000028efda8a230 JavaThread "Unconstrained build operations Thread 3"        [_thread_blocked, id=15200, stack(0x000000fd99100000,0x000000fd99200000) (1024K)]
  0x0000028efda8a8c0 JavaThread "Unconstrained build operations Thread 4"        [_thread_blocked, id=24504, stack(0x000000fd99300000,0x000000fd99400000) (1024K)]
  0x0000028efda8b5e0 JavaThread "Unconstrained build operations Thread 5"        [_thread_blocked, id=3884, stack(0x000000fd99400000,0x000000fd99500000) (1024K)]
  0x0000028efda88160 JavaThread "Unconstrained build operations Thread 6"        [_thread_blocked, id=21332, stack(0x000000fd99500000,0x000000fd99600000) (1024K)]
  0x0000028efda8e3d0 JavaThread "Unconstrained build operations Thread 7"        [_thread_blocked, id=20336, stack(0x000000fd99600000,0x000000fd99700000) (1024K)]
  0x0000028efda8d020 JavaThread "Unconstrained build operations Thread 8"        [_thread_blocked, id=1800, stack(0x000000fd99700000,0x000000fd99800000) (1024K)]
  0x0000028efda8c990 JavaThread "Unconstrained build operations Thread 9"        [_thread_blocked, id=12480, stack(0x000000fd99800000,0x000000fd99900000) (1024K)]
  0x0000028efda8c300 JavaThread "Unconstrained build operations Thread 10"        [_thread_blocked, id=21508, stack(0x000000fd99900000,0x000000fd99a00000) (1024K)]
  0x0000028efda8ea60 JavaThread "Unconstrained build operations Thread 11"        [_thread_blocked, id=25304, stack(0x000000fd99a00000,0x000000fd99b00000) (1024K)]
  0x0000028efda8f0f0 JavaThread "Unconstrained build operations Thread 12"        [_thread_blocked, id=6160, stack(0x000000fd99b00000,0x000000fd99c00000) (1024K)]
  0x0000028efda8d6b0 JavaThread "Unconstrained build operations Thread 13"        [_thread_blocked, id=16240, stack(0x000000fd99c00000,0x000000fd99d00000) (1024K)]
  0x0000028efda8bc70 JavaThread "Unconstrained build operations Thread 14"        [_thread_blocked, id=21676, stack(0x000000fd99d00000,0x000000fd99e00000) (1024K)]
  0x0000028efda8dd40 JavaThread "Unconstrained build operations Thread 15"        [_thread_blocked, id=18868, stack(0x000000fd99e00000,0x000000fd99f00000) (1024K)]
  0x0000028efda8f780 JavaThread "Unconstrained build operations Thread 16"        [_thread_blocked, id=21524, stack(0x000000fd99f00000,0x000000fd9a000000) (1024K)]
  0x0000028efd0d3490 JavaThread "Unconstrained build operations Thread 17"        [_thread_blocked, id=4312, stack(0x000000fd9a000000,0x000000fd9a100000) (1024K)]
  0x0000028efd0d2770 JavaThread "Unconstrained build operations Thread 18"        [_thread_blocked, id=18080, stack(0x000000fd9a100000,0x000000fd9a200000) (1024K)]
  0x0000028efd0d1a50 JavaThread "Unconstrained build operations Thread 19"        [_thread_blocked, id=10852, stack(0x000000fd9a200000,0x000000fd9a300000) (1024K)]
  0x0000028efd0d3b20 JavaThread "Unconstrained build operations Thread 20"        [_thread_blocked, id=9668, stack(0x000000fd9a300000,0x000000fd9a400000) (1024K)]
  0x0000028efd0d41b0 JavaThread "Unconstrained build operations Thread 21"        [_thread_blocked, id=19936, stack(0x000000fd9a400000,0x000000fd9a500000) (1024K)]
  0x0000028efd0d0d30 JavaThread "Unconstrained build operations Thread 22"        [_thread_blocked, id=20628, stack(0x000000fd9a500000,0x000000fd9a600000) (1024K)]
  0x0000028efd0d20e0 JavaThread "Unconstrained build operations Thread 23"        [_thread_blocked, id=11728, stack(0x000000fd9a600000,0x000000fd9a700000) (1024K)]
  0x0000028efd0d2e00 JavaThread "Memory manager"                    [_thread_blocked, id=19128, stack(0x000000fd9a700000,0x000000fd9a800000) (1024K)]
  0x0000028efc9c1ec0 JavaThread "C2 CompilerThread1"         daemon [_thread_in_native, id=21228, stack(0x000000fd9a800000,0x000000fd9a900000) (1024K)]
  0x0000028efc9c3330 JavaThread "C2 CompilerThread2"         daemon [_thread_in_native, id=1792, stack(0x000000fd9a900000,0x000000fd9aa00000) (1024K)]
Total: 66

Other Threads:
  0x0000028ef66bb8e0 VMThread "VM Thread"                           [id=2516, stack(0x000000fd96000000,0x000000fd96100000) (1024K)]
  0x0000028ef66a46c0 WatcherThread "VM Periodic Task Thread"        [id=7452, stack(0x000000fd95f00000,0x000000fd96000000) (1024K)]
  0x0000028edbae8fc0 WorkerThread "GC Thread#0"                     [id=7820, stack(0x000000fd95a00000,0x000000fd95b00000) (1024K)]
  0x0000028efb1853d0 WorkerThread "GC Thread#1"                     [id=17144, stack(0x000000fd96b00000,0x000000fd96c00000) (1024K)]
  0x0000028efb2dab30 WorkerThread "GC Thread#2"                     [id=20504, stack(0x000000fd96c00000,0x000000fd96d00000) (1024K)]
  0x0000028efba54ec0 WorkerThread "GC Thread#3"                     [id=13248, stack(0x000000fd96d00000,0x000000fd96e00000) (1024K)]
  0x0000028efba55260 WorkerThread "GC Thread#4"                     [id=940, stack(0x000000fd96e00000,0x000000fd96f00000) (1024K)]
  0x0000028efba55600 WorkerThread "GC Thread#5"                     [id=8632, stack(0x000000fd96f00000,0x000000fd97000000) (1024K)]
  0x0000028efca92480 WorkerThread "GC Thread#6"                     [id=4408, stack(0x000000fd97c00000,0x000000fd97d00000) (1024K)]
  0x0000028efca936a0 WorkerThread "GC Thread#7"                     [id=15772, stack(0x000000fd97e00000,0x000000fd97f00000) (1024K)]
  0x0000028edbaedeb0 ConcurrentGCThread "G1 Main Marker"            [id=19708, stack(0x000000fd95b00000,0x000000fd95c00000) (1024K)]
  0x0000028edbaee8c0 WorkerThread "G1 Conc#0"                       [id=2896, stack(0x000000fd95c00000,0x000000fd95d00000) (1024K)]
  0x0000028efca93a40 WorkerThread "G1 Conc#1"                       [id=12324, stack(0x000000fd97f00000,0x000000fd98000000) (1024K)]
  0x0000028ef65721d0 ConcurrentGCThread "G1 Refine#0"               [id=11236, stack(0x000000fd95d00000,0x000000fd95e00000) (1024K)]
  0x0000028ef65739d0 ConcurrentGCThread "G1 Service"                [id=10748, stack(0x000000fd95e00000,0x000000fd95f00000) (1024K)]
Total: 15

Threads with active compile tasks:
C2 CompilerThread0    42799 6546 %     4       org.gradle.internal.instantiation.generator.AbstractClassGenerator::inspectType @ 77 (560 bytes)
C2 CompilerThread1    42799 6659       4       sun.reflect.generics.parser.SignatureParser::parsePackageNameAndSimpleClassTypeSignature (119 bytes)
C2 CompilerThread2    42799 6792       4       jdk.internal.org.objectweb.asm.MethodWriter::putMethodInfo (1274 bytes)
Total: 3

VM state: not at safepoint (normal execution)

VM Mutex/Monitor currently owned by a thread: None

Heap address: 0x00000000e0000000, size: 512 MB, Compressed Oops mode: 32-bit

CDS archive(s) mapped at: [0x0000028e80000000-0x0000028e80c90000-0x0000028e80c90000), size 13172736, SharedBaseAddress: 0x0000028e80000000, ArchiveRelocationMode: 1.
Compressed class space mapped at: 0x0000028e81000000-0x0000028e95000000, reserved size: 335544320
Narrow klass base: 0x0000028e80000000, Narrow klass shift: 0, Narrow klass range: 0x100000000

GC Precious Log:
 CardTable entry size: 512
 Card Set container configuration: InlinePtr #cards 5 size 8 Array Of Cards #cards 12 size 40 Howl #buckets 4 coarsen threshold 1843 Howl Bitmap #cards 512 size 80 coarsen threshold 460 Card regions per heap region 1 cards per card region 2048
 CPUs: 8 total, 8 available
 Memory: 16215M
 Large Page Support: Disabled
 NUMA Support: Disabled
 Compressed Oops: Enabled (32-bit)
 Heap Region Size: 1M
 Heap Min Capacity: 256M
 Heap Initial Capacity: 256M
 Heap Max Capacity: 512M
 Pre-touch: Disabled
 Parallel Workers: 8
 Concurrent Workers: 2
 Concurrent Refinement Workers: 8
 Periodic GC: Disabled

Heap:
 garbage-first heap   total 262144K, used 108928K [0x00000000e0000000, 0x0000000100000000)
  region size 1024K, 84 young (86016K), 16 survivors (16384K)
 Metaspace       used 53565K, committed 55424K, reserved 393216K
  class space    used 7762K, committed 8704K, reserved 327680K

Heap Regions: E=young(eden), S=young(survivor), O=old, HS=humongous(starts), HC=humongous(continues), CS=collection set, F=free, TAMS=top-at-mark-start, PB=parsable bottom
|   0|0x00000000e0000000, 0x00000000e0100000, 0x00000000e0100000|100%|HS|  |TAMS 0x00000000e0000000| PB 0x00000000e0000000| Complete 
|   1|0x00000000e0100000, 0x00000000e0200000, 0x00000000e0200000|100%|HC|  |TAMS 0x00000000e0100000| PB 0x00000000e0100000| Complete 
|   2|0x00000000e0200000, 0x00000000e0300000, 0x00000000e0300000|100%|HC|  |TAMS 0x00000000e0200000| PB 0x00000000e0200000| Complete 
|   3|0x00000000e0300000, 0x00000000e0400000, 0x00000000e0400000|100%|HC|  |TAMS 0x00000000e0300000| PB 0x00000000e0300000| Complete 
|   4|0x00000000e0400000, 0x00000000e0500000, 0x00000000e0500000|100%| O|  |TAMS 0x00000000e0400000| PB 0x00000000e0400000| Untracked 
|   5|0x00000000e0500000, 0x00000000e0600000, 0x00000000e0600000|100%| O|  |TAMS 0x00000000e0500000| PB 0x00000000e0500000| Untracked 
|   6|0x00000000e0600000, 0x00000000e0700000, 0x00000000e0700000|100%| O|  |TAMS 0x00000000e0600000| PB 0x00000000e0600000| Untracked 
|   7|0x00000000e0700000, 0x00000000e0800000, 0x00000000e0800000|100%| O|  |TAMS 0x00000000e0700000| PB 0x00000000e0700000| Untracked 
|   8|0x00000000e0800000, 0x00000000e0800000, 0x00000000e0900000|  0%| F|  |TAMS 0x00000000e0800000| PB 0x00000000e0800000| Untracked 
|   9|0x00000000e0900000, 0x00000000e0a00000, 0x00000000e0a00000|100%| O|  |TAMS 0x00000000e0900000| PB 0x00000000e0900000| Untracked 
|  10|0x00000000e0a00000, 0x00000000e0b00000, 0x00000000e0b00000|100%| O|  |TAMS 0x00000000e0a00000| PB 0x00000000e0a00000| Untracked 
|  11|0x00000000e0b00000, 0x00000000e0c00000, 0x00000000e0c00000|100%|HS|  |TAMS 0x00000000e0b00000| PB 0x00000000e0b00000| Complete 
|  12|0x00000000e0c00000, 0x00000000e0d00000, 0x00000000e0d00000|100%| O|  |TAMS 0x00000000e0c00000| PB 0x00000000e0c00000| Untracked 
|  13|0x00000000e0d00000, 0x00000000e0e00000, 0x00000000e0e00000|100%| O|  |TAMS 0x00000000e0d00000| PB 0x00000000e0d00000| Untracked 
|  14|0x00000000e0e00000, 0x00000000e0f00000, 0x00000000e0f00000|100%| O|  |TAMS 0x00000000e0e00000| PB 0x00000000e0e00000| Untracked 
|  15|0x00000000e0f00000, 0x00000000e1000000, 0x00000000e1000000|100%| O|  |TAMS 0x00000000e0f00000| PB 0x00000000e0f00000| Untracked 
|  16|0x00000000e1000000, 0x00000000e1100000, 0x00000000e1100000|100%| O|  |TAMS 0x00000000e1000000| PB 0x00000000e1000000| Untracked 
|  17|0x00000000e1100000, 0x00000000e1200000, 0x00000000e1200000|100%| O|  |TAMS 0x00000000e1100000| PB 0x00000000e1100000| Untracked 
|  18|0x00000000e1200000, 0x00000000e1300000, 0x00000000e1300000|100%| O|  |TAMS 0x00000000e1200000| PB 0x00000000e1200000| Untracked 
|  19|0x00000000e1300000, 0x00000000e1400000, 0x00000000e1400000|100%| O|  |TAMS 0x00000000e1300000| PB 0x00000000e1300000| Untracked 
|  20|0x00000000e1400000, 0x00000000e1500000, 0x00000000e1500000|100%| O|  |TAMS 0x00000000e1400000| PB 0x00000000e1400000| Untracked 
|  21|0x00000000e1500000, 0x00000000e1600000, 0x00000000e1600000|100%| O|  |TAMS 0x00000000e1500000| PB 0x00000000e1500000| Untracked 
|  22|0x00000000e1600000, 0x00000000e1700000, 0x00000000e1700000|100%| O|  |TAMS 0x00000000e1600000| PB 0x00000000e1600000| Untracked 
|  23|0x00000000e1700000, 0x00000000e1800000, 0x00000000e1800000|100%| O|Cm|TAMS 0x00000000e1700000| PB 0x00000000e1700000| Complete 
|  24|0x00000000e1800000, 0x00000000e1889a38, 0x00000000e1900000| 53%| O|  |TAMS 0x00000000e1800000| PB 0x00000000e1800000| Untracked 
|  25|0x00000000e1900000, 0x00000000e1900000, 0x00000000e1a00000|  0%| F|  |TAMS 0x00000000e1900000| PB 0x00000000e1900000| Untracked 
|  26|0x00000000e1a00000, 0x00000000e1a00000, 0x00000000e1b00000|  0%| F|  |TAMS 0x00000000e1a00000| PB 0x00000000e1a00000| Untracked 
|  27|0x00000000e1b00000, 0x00000000e1b00000, 0x00000000e1c00000|  0%| F|  |TAMS 0x00000000e1b00000| PB 0x00000000e1b00000| Untracked 
|  28|0x00000000e1c00000, 0x00000000e1c00000, 0x00000000e1d00000|  0%| F|  |TAMS 0x00000000e1c00000| PB 0x00000000e1c00000| Untracked 
|  29|0x00000000e1d00000, 0x00000000e1d00000, 0x00000000e1e00000|  0%| F|  |TAMS 0x00000000e1d00000| PB 0x00000000e1d00000| Untracked 
|  30|0x00000000e1e00000, 0x00000000e1e00000, 0x00000000e1f00000|  0%| F|  |TAMS 0x00000000e1e00000| PB 0x00000000e1e00000| Untracked 
|  31|0x00000000e1f00000, 0x00000000e1f00000, 0x00000000e2000000|  0%| F|  |TAMS 0x00000000e1f00000| PB 0x00000000e1f00000| Untracked 
|  32|0x00000000e2000000, 0x00000000e2000000, 0x00000000e2100000|  0%| F|  |TAMS 0x00000000e2000000| PB 0x00000000e2000000| Untracked 
|  33|0x00000000e2100000, 0x00000000e2100000, 0x00000000e2200000|  0%| F|  |TAMS 0x00000000e2100000| PB 0x00000000e2100000| Untracked 
|  34|0x00000000e2200000, 0x00000000e2200000, 0x00000000e2300000|  0%| F|  |TAMS 0x00000000e2200000| PB 0x00000000e2200000| Untracked 
|  35|0x00000000e2300000, 0x00000000e2300000, 0x00000000e2400000|  0%| F|  |TAMS 0x00000000e2300000| PB 0x00000000e2300000| Untracked 
|  36|0x00000000e2400000, 0x00000000e2400000, 0x00000000e2500000|  0%| F|  |TAMS 0x00000000e2400000| PB 0x00000000e2400000| Untracked 
|  37|0x00000000e2500000, 0x00000000e2500000, 0x00000000e2600000|  0%| F|  |TAMS 0x00000000e2500000| PB 0x00000000e2500000| Untracked 
|  38|0x00000000e2600000, 0x00000000e2600000, 0x00000000e2700000|  0%| F|  |TAMS 0x00000000e2600000| PB 0x00000000e2600000| Untracked 
|  39|0x00000000e2700000, 0x00000000e2700000, 0x00000000e2800000|  0%| F|  |TAMS 0x00000000e2700000| PB 0x00000000e2700000| Untracked 
|  40|0x00000000e2800000, 0x00000000e2800000, 0x00000000e2900000|  0%| F|  |TAMS 0x00000000e2800000| PB 0x00000000e2800000| Untracked 
|  41|0x00000000e2900000, 0x00000000e2900000, 0x00000000e2a00000|  0%| F|  |TAMS 0x00000000e2900000| PB 0x00000000e2900000| Untracked 
|  42|0x00000000e2a00000, 0x00000000e2a00000, 0x00000000e2b00000|  0%| F|  |TAMS 0x00000000e2a00000| PB 0x00000000e2a00000| Untracked 
|  43|0x00000000e2b00000, 0x00000000e2b00000, 0x00000000e2c00000|  0%| F|  |TAMS 0x00000000e2b00000| PB 0x00000000e2b00000| Untracked 
|  44|0x00000000e2c00000, 0x00000000e2c00000, 0x00000000e2d00000|  0%| F|  |TAMS 0x00000000e2c00000| PB 0x00000000e2c00000| Untracked 
|  45|0x00000000e2d00000, 0x00000000e2d00000, 0x00000000e2e00000|  0%| F|  |TAMS 0x00000000e2d00000| PB 0x00000000e2d00000| Untracked 
|  46|0x00000000e2e00000, 0x00000000e2e00000, 0x00000000e2f00000|  0%| F|  |TAMS 0x00000000e2e00000| PB 0x00000000e2e00000| Untracked 
|  47|0x00000000e2f00000, 0x00000000e2f00000, 0x00000000e3000000|  0%| F|  |TAMS 0x00000000e2f00000| PB 0x00000000e2f00000| Untracked 
|  48|0x00000000e3000000, 0x00000000e3000000, 0x00000000e3100000|  0%| F|  |TAMS 0x00000000e3000000| PB 0x00000000e3000000| Untracked 
|  49|0x00000000e3100000, 0x00000000e3100000, 0x00000000e3200000|  0%| F|  |TAMS 0x00000000e3100000| PB 0x00000000e3100000| Untracked 
|  50|0x00000000e3200000, 0x00000000e3200000, 0x00000000e3300000|  0%| F|  |TAMS 0x00000000e3200000| PB 0x00000000e3200000| Untracked 
|  51|0x00000000e3300000, 0x00000000e3300000, 0x00000000e3400000|  0%| F|  |TAMS 0x00000000e3300000| PB 0x00000000e3300000| Untracked 
|  52|0x00000000e3400000, 0x00000000e3400000, 0x00000000e3500000|  0%| F|  |TAMS 0x00000000e3400000| PB 0x00000000e3400000| Untracked 
|  53|0x00000000e3500000, 0x00000000e3500000, 0x00000000e3600000|  0%| F|  |TAMS 0x00000000e3500000| PB 0x00000000e3500000| Untracked 
|  54|0x00000000e3600000, 0x00000000e3600000, 0x00000000e3700000|  0%| F|  |TAMS 0x00000000e3600000| PB 0x00000000e3600000| Untracked 
|  55|0x00000000e3700000, 0x00000000e3700000, 0x00000000e3800000|  0%| F|  |TAMS 0x00000000e3700000| PB 0x00000000e3700000| Untracked 
|  56|0x00000000e3800000, 0x00000000e3800000, 0x00000000e3900000|  0%| F|  |TAMS 0x00000000e3800000| PB 0x00000000e3800000| Untracked 
|  57|0x00000000e3900000, 0x00000000e3900000, 0x00000000e3a00000|  0%| F|  |TAMS 0x00000000e3900000| PB 0x00000000e3900000| Untracked 
|  58|0x00000000e3a00000, 0x00000000e3a00000, 0x00000000e3b00000|  0%| F|  |TAMS 0x00000000e3a00000| PB 0x00000000e3a00000| Untracked 
|  59|0x00000000e3b00000, 0x00000000e3b00000, 0x00000000e3c00000|  0%| F|  |TAMS 0x00000000e3b00000| PB 0x00000000e3b00000| Untracked 
|  60|0x00000000e3c00000, 0x00000000e3c00000, 0x00000000e3d00000|  0%| F|  |TAMS 0x00000000e3c00000| PB 0x00000000e3c00000| Untracked 
|  61|0x00000000e3d00000, 0x00000000e3d00000, 0x00000000e3e00000|  0%| F|  |TAMS 0x00000000e3d00000| PB 0x00000000e3d00000| Untracked 
|  62|0x00000000e3e00000, 0x00000000e3e00000, 0x00000000e3f00000|  0%| F|  |TAMS 0x00000000e3e00000| PB 0x00000000e3e00000| Untracked 
|  63|0x00000000e3f00000, 0x00000000e3f00000, 0x00000000e4000000|  0%| F|  |TAMS 0x00000000e3f00000| PB 0x00000000e3f00000| Untracked 
|  64|0x00000000e4000000, 0x00000000e4000000, 0x00000000e4100000|  0%| F|  |TAMS 0x00000000e4000000| PB 0x00000000e4000000| Untracked 
|  65|0x00000000e4100000, 0x00000000e4100000, 0x00000000e4200000|  0%| F|  |TAMS 0x00000000e4100000| PB 0x00000000e4100000| Untracked 
|  66|0x00000000e4200000, 0x00000000e4200000, 0x00000000e4300000|  0%| F|  |TAMS 0x00000000e4200000| PB 0x00000000e4200000| Untracked 
|  67|0x00000000e4300000, 0x00000000e4300000, 0x00000000e4400000|  0%| F|  |TAMS 0x00000000e4300000| PB 0x00000000e4300000| Untracked 
|  68|0x00000000e4400000, 0x00000000e4400000, 0x00000000e4500000|  0%| F|  |TAMS 0x00000000e4400000| PB 0x00000000e4400000| Untracked 
|  69|0x00000000e4500000, 0x00000000e4500000, 0x00000000e4600000|  0%| F|  |TAMS 0x00000000e4500000| PB 0x00000000e4500000| Untracked 
|  70|0x00000000e4600000, 0x00000000e4600000, 0x00000000e4700000|  0%| F|  |TAMS 0x00000000e4600000| PB 0x00000000e4600000| Untracked 
|  71|0x00000000e4700000, 0x00000000e4700000, 0x00000000e4800000|  0%| F|  |TAMS 0x00000000e4700000| PB 0x00000000e4700000| Untracked 
|  72|0x00000000e4800000, 0x00000000e4800000, 0x00000000e4900000|  0%| F|  |TAMS 0x00000000e4800000| PB 0x00000000e4800000| Untracked 
|  73|0x00000000e4900000, 0x00000000e4900000, 0x00000000e4a00000|  0%| F|  |TAMS 0x00000000e4900000| PB 0x00000000e4900000| Untracked 
|  74|0x00000000e4a00000, 0x00000000e4a00000, 0x00000000e4b00000|  0%| F|  |TAMS 0x00000000e4a00000| PB 0x00000000e4a00000| Untracked 
|  75|0x00000000e4b00000, 0x00000000e4b00000, 0x00000000e4c00000|  0%| F|  |TAMS 0x00000000e4b00000| PB 0x00000000e4b00000| Untracked 
|  76|0x00000000e4c00000, 0x00000000e4c00000, 0x00000000e4d00000|  0%| F|  |TAMS 0x00000000e4c00000| PB 0x00000000e4c00000| Untracked 
|  77|0x00000000e4d00000, 0x00000000e4d00000, 0x00000000e4e00000|  0%| F|  |TAMS 0x00000000e4d00000| PB 0x00000000e4d00000| Untracked 
|  78|0x00000000e4e00000, 0x00000000e4e00000, 0x00000000e4f00000|  0%| F|  |TAMS 0x00000000e4e00000| PB 0x00000000e4e00000| Untracked 
|  79|0x00000000e4f00000, 0x00000000e4f00000, 0x00000000e5000000|  0%| F|  |TAMS 0x00000000e4f00000| PB 0x00000000e4f00000| Untracked 
|  80|0x00000000e5000000, 0x00000000e5000000, 0x00000000e5100000|  0%| F|  |TAMS 0x00000000e5000000| PB 0x00000000e5000000| Untracked 
|  81|0x00000000e5100000, 0x00000000e5100000, 0x00000000e5200000|  0%| F|  |TAMS 0x00000000e5100000| PB 0x00000000e5100000| Untracked 
|  82|0x00000000e5200000, 0x00000000e5200000, 0x00000000e5300000|  0%| F|  |TAMS 0x00000000e5200000| PB 0x00000000e5200000| Untracked 
|  83|0x00000000e5300000, 0x00000000e5300000, 0x00000000e5400000|  0%| F|  |TAMS 0x00000000e5300000| PB 0x00000000e5300000| Untracked 
|  84|0x00000000e5400000, 0x00000000e5400000, 0x00000000e5500000|  0%| F|  |TAMS 0x00000000e5400000| PB 0x00000000e5400000| Untracked 
|  85|0x00000000e5500000, 0x00000000e5500000, 0x00000000e5600000|  0%| F|  |TAMS 0x00000000e5500000| PB 0x00000000e5500000| Untracked 
|  86|0x00000000e5600000, 0x00000000e5600000, 0x00000000e5700000|  0%| F|  |TAMS 0x00000000e5600000| PB 0x00000000e5600000| Untracked 
|  87|0x00000000e5700000, 0x00000000e57d6650, 0x00000000e5800000| 83%| S|CS|TAMS 0x00000000e5700000| PB 0x00000000e5700000| Complete 
|  88|0x00000000e5800000, 0x00000000e5900000, 0x00000000e5900000|100%| S|CS|TAMS 0x00000000e5800000| PB 0x00000000e5800000| Complete 
|  89|0x00000000e5900000, 0x00000000e5a00000, 0x00000000e5a00000|100%| S|CS|TAMS 0x00000000e5900000| PB 0x00000000e5900000| Complete 
|  90|0x00000000e5a00000, 0x00000000e5b00000, 0x00000000e5b00000|100%| S|CS|TAMS 0x00000000e5a00000| PB 0x00000000e5a00000| Complete 
|  91|0x00000000e5b00000, 0x00000000e5c00000, 0x00000000e5c00000|100%| S|CS|TAMS 0x00000000e5b00000| PB 0x00000000e5b00000| Complete 
|  92|0x00000000e5c00000, 0x00000000e5d00000, 0x00000000e5d00000|100%| S|CS|TAMS 0x00000000e5c00000| PB 0x00000000e5c00000| Complete 
|  93|0x00000000e5d00000, 0x00000000e5e00000, 0x00000000e5e00000|100%| S|CS|TAMS 0x00000000e5d00000| PB 0x00000000e5d00000| Complete 
|  94|0x00000000e5e00000, 0x00000000e5f00000, 0x00000000e5f00000|100%| S|CS|TAMS 0x00000000e5e00000| PB 0x00000000e5e00000| Complete 
|  95|0x00000000e5f00000, 0x00000000e6000000, 0x00000000e6000000|100%| S|CS|TAMS 0x00000000e5f00000| PB 0x00000000e5f00000| Complete 
|  96|0x00000000e6000000, 0x00000000e6100000, 0x00000000e6100000|100%| S|CS|TAMS 0x00000000e6000000| PB 0x00000000e6000000| Complete 
|  97|0x00000000e6100000, 0x00000000e6200000, 0x00000000e6200000|100%| S|CS|TAMS 0x00000000e6100000| PB 0x00000000e6100000| Complete 
|  98|0x00000000e6200000, 0x00000000e6300000, 0x00000000e6300000|100%| S|CS|TAMS 0x00000000e6200000| PB 0x00000000e6200000| Complete 
|  99|0x00000000e6300000, 0x00000000e6400000, 0x00000000e6400000|100%| S|CS|TAMS 0x00000000e6300000| PB 0x00000000e6300000| Complete 
| 100|0x00000000e6400000, 0x00000000e6500000, 0x00000000e6500000|100%| S|CS|TAMS 0x00000000e6400000| PB 0x00000000e6400000| Complete 
| 101|0x00000000e6500000, 0x00000000e6600000, 0x00000000e6600000|100%| S|CS|TAMS 0x00000000e6500000| PB 0x00000000e6500000| Complete 
| 102|0x00000000e6600000, 0x00000000e6700000, 0x00000000e6700000|100%| S|CS|TAMS 0x00000000e6600000| PB 0x00000000e6600000| Complete 
| 103|0x00000000e6700000, 0x00000000e6700000, 0x00000000e6800000|  0%| F|  |TAMS 0x00000000e6700000| PB 0x00000000e6700000| Untracked 
| 104|0x00000000e6800000, 0x00000000e6800000, 0x00000000e6900000|  0%| F|  |TAMS 0x00000000e6800000| PB 0x00000000e6800000| Untracked 
| 105|0x00000000e6900000, 0x00000000e6900000, 0x00000000e6a00000|  0%| F|  |TAMS 0x00000000e6900000| PB 0x00000000e6900000| Untracked 
| 106|0x00000000e6a00000, 0x00000000e6a00000, 0x00000000e6b00000|  0%| F|  |TAMS 0x00000000e6a00000| PB 0x00000000e6a00000| Untracked 
| 107|0x00000000e6b00000, 0x00000000e6b00000, 0x00000000e6c00000|  0%| F|  |TAMS 0x00000000e6b00000| PB 0x00000000e6b00000| Untracked 
| 108|0x00000000e6c00000, 0x00000000e6c00000, 0x00000000e6d00000|  0%| F|  |TAMS 0x00000000e6c00000| PB 0x00000000e6c00000| Untracked 
| 109|0x00000000e6d00000, 0x00000000e6d00000, 0x00000000e6e00000|  0%| F|  |TAMS 0x00000000e6d00000| PB 0x00000000e6d00000| Untracked 
| 110|0x00000000e6e00000, 0x00000000e6e00000, 0x00000000e6f00000|  0%| F|  |TAMS 0x00000000e6e00000| PB 0x00000000e6e00000| Untracked 
| 111|0x00000000e6f00000, 0x00000000e6f00000, 0x00000000e7000000|  0%| F|  |TAMS 0x00000000e6f00000| PB 0x00000000e6f00000| Untracked 
| 112|0x00000000e7000000, 0x00000000e7000000, 0x00000000e7100000|  0%| F|  |TAMS 0x00000000e7000000| PB 0x00000000e7000000| Untracked 
| 113|0x00000000e7100000, 0x00000000e7100000, 0x00000000e7200000|  0%| F|  |TAMS 0x00000000e7100000| PB 0x00000000e7100000| Untracked 
| 114|0x00000000e7200000, 0x00000000e7200000, 0x00000000e7300000|  0%| F|  |TAMS 0x00000000e7200000| PB 0x00000000e7200000| Untracked 
| 115|0x00000000e7300000, 0x00000000e7300000, 0x00000000e7400000|  0%| F|  |TAMS 0x00000000e7300000| PB 0x00000000e7300000| Untracked 
| 116|0x00000000e7400000, 0x00000000e7400000, 0x00000000e7500000|  0%| F|  |TAMS 0x00000000e7400000| PB 0x00000000e7400000| Untracked 
| 117|0x00000000e7500000, 0x00000000e7500000, 0x00000000e7600000|  0%| F|  |TAMS 0x00000000e7500000| PB 0x00000000e7500000| Untracked 
| 118|0x00000000e7600000, 0x00000000e7600000, 0x00000000e7700000|  0%| F|  |TAMS 0x00000000e7600000| PB 0x00000000e7600000| Untracked 
| 119|0x00000000e7700000, 0x00000000e7700000, 0x00000000e7800000|  0%| F|  |TAMS 0x00000000e7700000| PB 0x00000000e7700000| Untracked 
| 120|0x00000000e7800000, 0x00000000e7800000, 0x00000000e7900000|  0%| F|  |TAMS 0x00000000e7800000| PB 0x00000000e7800000| Untracked 
| 121|0x00000000e7900000, 0x00000000e7900000, 0x00000000e7a00000|  0%| F|  |TAMS 0x00000000e7900000| PB 0x00000000e7900000| Untracked 
| 122|0x00000000e7a00000, 0x00000000e7a00000, 0x00000000e7b00000|  0%| F|  |TAMS 0x00000000e7a00000| PB 0x00000000e7a00000| Untracked 
| 123|0x00000000e7b00000, 0x00000000e7b00000, 0x00000000e7c00000|  0%| F|  |TAMS 0x00000000e7b00000| PB 0x00000000e7b00000| Untracked 
| 124|0x00000000e7c00000, 0x00000000e7c00000, 0x00000000e7d00000|  0%| F|  |TAMS 0x00000000e7c00000| PB 0x00000000e7c00000| Untracked 
| 125|0x00000000e7d00000, 0x00000000e7d00000, 0x00000000e7e00000|  0%| F|  |TAMS 0x00000000e7d00000| PB 0x00000000e7d00000| Untracked 
| 126|0x00000000e7e00000, 0x00000000e7e00000, 0x00000000e7f00000|  0%| F|  |TAMS 0x00000000e7e00000| PB 0x00000000e7e00000| Untracked 
| 127|0x00000000e7f00000, 0x00000000e7f00000, 0x00000000e8000000|  0%| F|  |TAMS 0x00000000e7f00000| PB 0x00000000e7f00000| Untracked 
| 128|0x00000000e8000000, 0x00000000e8000000, 0x00000000e8100000|  0%| F|  |TAMS 0x00000000e8000000| PB 0x00000000e8000000| Untracked 
| 129|0x00000000e8100000, 0x00000000e8100000, 0x00000000e8200000|  0%| F|  |TAMS 0x00000000e8100000| PB 0x00000000e8100000| Untracked 
| 130|0x00000000e8200000, 0x00000000e8200000, 0x00000000e8300000|  0%| F|  |TAMS 0x00000000e8200000| PB 0x00000000e8200000| Untracked 
| 131|0x00000000e8300000, 0x00000000e8300000, 0x00000000e8400000|  0%| F|  |TAMS 0x00000000e8300000| PB 0x00000000e8300000| Untracked 
| 132|0x00000000e8400000, 0x00000000e8400000, 0x00000000e8500000|  0%| F|  |TAMS 0x00000000e8400000| PB 0x00000000e8400000| Untracked 
| 133|0x00000000e8500000, 0x00000000e8500000, 0x00000000e8600000|  0%| F|  |TAMS 0x00000000e8500000| PB 0x00000000e8500000| Untracked 
| 134|0x00000000e8600000, 0x00000000e8600000, 0x00000000e8700000|  0%| F|  |TAMS 0x00000000e8600000| PB 0x00000000e8600000| Untracked 
| 135|0x00000000e8700000, 0x00000000e8700000, 0x00000000e8800000|  0%| F|  |TAMS 0x00000000e8700000| PB 0x00000000e8700000| Untracked 
| 136|0x00000000e8800000, 0x00000000e8800000, 0x00000000e8900000|  0%| F|  |TAMS 0x00000000e8800000| PB 0x00000000e8800000| Untracked 
| 137|0x00000000e8900000, 0x00000000e8900000, 0x00000000e8a00000|  0%| F|  |TAMS 0x00000000e8900000| PB 0x00000000e8900000| Untracked 
| 138|0x00000000e8a00000, 0x00000000e8a00000, 0x00000000e8b00000|  0%| F|  |TAMS 0x00000000e8a00000| PB 0x00000000e8a00000| Untracked 
| 139|0x00000000e8b00000, 0x00000000e8b00000, 0x00000000e8c00000|  0%| F|  |TAMS 0x00000000e8b00000| PB 0x00000000e8b00000| Untracked 
| 140|0x00000000e8c00000, 0x00000000e8c00000, 0x00000000e8d00000|  0%| F|  |TAMS 0x00000000e8c00000| PB 0x00000000e8c00000| Untracked 
| 141|0x00000000e8d00000, 0x00000000e8d00000, 0x00000000e8e00000|  0%| F|  |TAMS 0x00000000e8d00000| PB 0x00000000e8d00000| Untracked 
| 142|0x00000000e8e00000, 0x00000000e8e00000, 0x00000000e8f00000|  0%| F|  |TAMS 0x00000000e8e00000| PB 0x00000000e8e00000| Untracked 
| 143|0x00000000e8f00000, 0x00000000e8f00000, 0x00000000e9000000|  0%| F|  |TAMS 0x00000000e8f00000| PB 0x00000000e8f00000| Untracked 
| 144|0x00000000e9000000, 0x00000000e9000000, 0x00000000e9100000|  0%| F|  |TAMS 0x00000000e9000000| PB 0x00000000e9000000| Untracked 
| 145|0x00000000e9100000, 0x00000000e9100000, 0x00000000e9200000|  0%| F|  |TAMS 0x00000000e9100000| PB 0x00000000e9100000| Untracked 
| 146|0x00000000e9200000, 0x00000000e9200000, 0x00000000e9300000|  0%| F|  |TAMS 0x00000000e9200000| PB 0x00000000e9200000| Untracked 
| 147|0x00000000e9300000, 0x00000000e9300000, 0x00000000e9400000|  0%| F|  |TAMS 0x00000000e9300000| PB 0x00000000e9300000| Untracked 
| 148|0x00000000e9400000, 0x00000000e9400000, 0x00000000e9500000|  0%| F|  |TAMS 0x00000000e9400000| PB 0x00000000e9400000| Untracked 
| 149|0x00000000e9500000, 0x00000000e9500000, 0x00000000e9600000|  0%| F|  |TAMS 0x00000000e9500000| PB 0x00000000e9500000| Untracked 
| 150|0x00000000e9600000, 0x00000000e9600000, 0x00000000e9700000|  0%| F|  |TAMS 0x00000000e9600000| PB 0x00000000e9600000| Untracked 
| 151|0x00000000e9700000, 0x00000000e9700000, 0x00000000e9800000|  0%| F|  |TAMS 0x00000000e9700000| PB 0x00000000e9700000| Untracked 
| 152|0x00000000e9800000, 0x00000000e9800000, 0x00000000e9900000|  0%| F|  |TAMS 0x00000000e9800000| PB 0x00000000e9800000| Untracked 
| 153|0x00000000e9900000, 0x00000000e9900000, 0x00000000e9a00000|  0%| F|  |TAMS 0x00000000e9900000| PB 0x00000000e9900000| Untracked 
| 154|0x00000000e9a00000, 0x00000000e9a00000, 0x00000000e9b00000|  0%| F|  |TAMS 0x00000000e9a00000| PB 0x00000000e9a00000| Untracked 
| 155|0x00000000e9b00000, 0x00000000e9b00000, 0x00000000e9c00000|  0%| F|  |TAMS 0x00000000e9b00000| PB 0x00000000e9b00000| Untracked 
| 156|0x00000000e9c00000, 0x00000000e9c00000, 0x00000000e9d00000|  0%| F|  |TAMS 0x00000000e9c00000| PB 0x00000000e9c00000| Untracked 
| 157|0x00000000e9d00000, 0x00000000e9d00000, 0x00000000e9e00000|  0%| F|  |TAMS 0x00000000e9d00000| PB 0x00000000e9d00000| Untracked 
| 158|0x00000000e9e00000, 0x00000000e9e00000, 0x00000000e9f00000|  0%| F|  |TAMS 0x00000000e9e00000| PB 0x00000000e9e00000| Untracked 
| 159|0x00000000e9f00000, 0x00000000e9f00000, 0x00000000ea000000|  0%| F|  |TAMS 0x00000000e9f00000| PB 0x00000000e9f00000| Untracked 
| 160|0x00000000ea000000, 0x00000000ea000000, 0x00000000ea100000|  0%| F|  |TAMS 0x00000000ea000000| PB 0x00000000ea000000| Untracked 
| 161|0x00000000ea100000, 0x00000000ea100000, 0x00000000ea200000|  0%| F|  |TAMS 0x00000000ea100000| PB 0x00000000ea100000| Untracked 
| 162|0x00000000ea200000, 0x00000000ea200000, 0x00000000ea300000|  0%| F|  |TAMS 0x00000000ea200000| PB 0x00000000ea200000| Untracked 
| 163|0x00000000ea300000, 0x00000000ea300000, 0x00000000ea400000|  0%| F|  |TAMS 0x00000000ea300000| PB 0x00000000ea300000| Untracked 
| 164|0x00000000ea400000, 0x00000000ea400000, 0x00000000ea500000|  0%| F|  |TAMS 0x00000000ea400000| PB 0x00000000ea400000| Untracked 
| 165|0x00000000ea500000, 0x00000000ea500000, 0x00000000ea600000|  0%| F|  |TAMS 0x00000000ea500000| PB 0x00000000ea500000| Untracked 
| 166|0x00000000ea600000, 0x00000000ea600000, 0x00000000ea700000|  0%| F|  |TAMS 0x00000000ea600000| PB 0x00000000ea600000| Untracked 
| 167|0x00000000ea700000, 0x00000000ea700000, 0x00000000ea800000|  0%| F|  |TAMS 0x00000000ea700000| PB 0x00000000ea700000| Untracked 
| 168|0x00000000ea800000, 0x00000000ea800000, 0x00000000ea900000|  0%| F|  |TAMS 0x00000000ea800000| PB 0x00000000ea800000| Untracked 
| 169|0x00000000ea900000, 0x00000000ea900000, 0x00000000eaa00000|  0%| F|  |TAMS 0x00000000ea900000| PB 0x00000000ea900000| Untracked 
| 170|0x00000000eaa00000, 0x00000000eaa00000, 0x00000000eab00000|  0%| F|  |TAMS 0x00000000eaa00000| PB 0x00000000eaa00000| Untracked 
| 171|0x00000000eab00000, 0x00000000eab00000, 0x00000000eac00000|  0%| F|  |TAMS 0x00000000eab00000| PB 0x00000000eab00000| Untracked 
| 172|0x00000000eac00000, 0x00000000eac00000, 0x00000000ead00000|  0%| F|  |TAMS 0x00000000eac00000| PB 0x00000000eac00000| Untracked 
| 173|0x00000000ead00000, 0x00000000ead00000, 0x00000000eae00000|  0%| F|  |TAMS 0x00000000ead00000| PB 0x00000000ead00000| Untracked 
| 174|0x00000000eae00000, 0x00000000eae00000, 0x00000000eaf00000|  0%| F|  |TAMS 0x00000000eae00000| PB 0x00000000eae00000| Untracked 
| 175|0x00000000eaf00000, 0x00000000eaf00000, 0x00000000eb000000|  0%| F|  |TAMS 0x00000000eaf00000| PB 0x00000000eaf00000| Untracked 
| 176|0x00000000eb000000, 0x00000000eb000000, 0x00000000eb100000|  0%| F|  |TAMS 0x00000000eb000000| PB 0x00000000eb000000| Untracked 
| 177|0x00000000eb100000, 0x00000000eb100000, 0x00000000eb200000|  0%| F|  |TAMS 0x00000000eb100000| PB 0x00000000eb100000| Untracked 
| 178|0x00000000eb200000, 0x00000000eb200000, 0x00000000eb300000|  0%| F|  |TAMS 0x00000000eb200000| PB 0x00000000eb200000| Untracked 
| 179|0x00000000eb300000, 0x00000000eb300000, 0x00000000eb400000|  0%| F|  |TAMS 0x00000000eb300000| PB 0x00000000eb300000| Untracked 
| 180|0x00000000eb400000, 0x00000000eb400000, 0x00000000eb500000|  0%| F|  |TAMS 0x00000000eb400000| PB 0x00000000eb400000| Untracked 
| 181|0x00000000eb500000, 0x00000000eb500000, 0x00000000eb600000|  0%| F|  |TAMS 0x00000000eb500000| PB 0x00000000eb500000| Untracked 
| 182|0x00000000eb600000, 0x00000000eb600000, 0x00000000eb700000|  0%| F|  |TAMS 0x00000000eb600000| PB 0x00000000eb600000| Untracked 
| 183|0x00000000eb700000, 0x00000000eb700000, 0x00000000eb800000|  0%| F|  |TAMS 0x00000000eb700000| PB 0x00000000eb700000| Untracked 
| 184|0x00000000eb800000, 0x00000000eb800000, 0x00000000eb900000|  0%| F|  |TAMS 0x00000000eb800000| PB 0x00000000eb800000| Untracked 
| 185|0x00000000eb900000, 0x00000000eb900000, 0x00000000eba00000|  0%| F|  |TAMS 0x00000000eb900000| PB 0x00000000eb900000| Untracked 
| 186|0x00000000eba00000, 0x00000000eba00000, 0x00000000ebb00000|  0%| F|  |TAMS 0x00000000eba00000| PB 0x00000000eba00000| Untracked 
| 187|0x00000000ebb00000, 0x00000000ebb00000, 0x00000000ebc00000|  0%| F|  |TAMS 0x00000000ebb00000| PB 0x00000000ebb00000| Untracked 
| 188|0x00000000ebc00000, 0x00000000ebd00000, 0x00000000ebd00000|100%| E|  |TAMS 0x00000000ebc00000| PB 0x00000000ebc00000| Complete 
| 189|0x00000000ebd00000, 0x00000000ebe00000, 0x00000000ebe00000|100%| E|CS|TAMS 0x00000000ebd00000| PB 0x00000000ebd00000| Complete 
| 190|0x00000000ebe00000, 0x00000000ebf00000, 0x00000000ebf00000|100%| E|CS|TAMS 0x00000000ebe00000| PB 0x00000000ebe00000| Complete 
| 191|0x00000000ebf00000, 0x00000000ec000000, 0x00000000ec000000|100%| E|CS|TAMS 0x00000000ebf00000| PB 0x00000000ebf00000| Complete 
| 192|0x00000000ec000000, 0x00000000ec100000, 0x00000000ec100000|100%| E|CS|TAMS 0x00000000ec000000| PB 0x00000000ec000000| Complete 
| 193|0x00000000ec100000, 0x00000000ec200000, 0x00000000ec200000|100%| E|CS|TAMS 0x00000000ec100000| PB 0x00000000ec100000| Complete 
| 194|0x00000000ec200000, 0x00000000ec300000, 0x00000000ec300000|100%| E|CS|TAMS 0x00000000ec200000| PB 0x00000000ec200000| Complete 
| 195|0x00000000ec300000, 0x00000000ec400000, 0x00000000ec400000|100%| E|CS|TAMS 0x00000000ec300000| PB 0x00000000ec300000| Complete 
| 196|0x00000000ec400000, 0x00000000ec500000, 0x00000000ec500000|100%| E|CS|TAMS 0x00000000ec400000| PB 0x00000000ec400000| Complete 
| 197|0x00000000ec500000, 0x00000000ec600000, 0x00000000ec600000|100%| E|CS|TAMS 0x00000000ec500000| PB 0x00000000ec500000| Complete 
| 198|0x00000000ec600000, 0x00000000ec700000, 0x00000000ec700000|100%| E|CS|TAMS 0x00000000ec600000| PB 0x00000000ec600000| Complete 
| 199|0x00000000ec700000, 0x00000000ec800000, 0x00000000ec800000|100%| E|CS|TAMS 0x00000000ec700000| PB 0x00000000ec700000| Complete 
| 200|0x00000000ec800000, 0x00000000ec900000, 0x00000000ec900000|100%| E|CS|TAMS 0x00000000ec800000| PB 0x00000000ec800000| Complete 
| 201|0x00000000ec900000, 0x00000000eca00000, 0x00000000eca00000|100%| E|CS|TAMS 0x00000000ec900000| PB 0x00000000ec900000| Complete 
| 202|0x00000000eca00000, 0x00000000ecb00000, 0x00000000ecb00000|100%| E|CS|TAMS 0x00000000eca00000| PB 0x00000000eca00000| Complete 
| 203|0x00000000ecb00000, 0x00000000ecc00000, 0x00000000ecc00000|100%| E|CS|TAMS 0x00000000ecb00000| PB 0x00000000ecb00000| Complete 
| 204|0x00000000ecc00000, 0x00000000ecd00000, 0x00000000ecd00000|100%| E|CS|TAMS 0x00000000ecc00000| PB 0x00000000ecc00000| Complete 
| 205|0x00000000ecd00000, 0x00000000ece00000, 0x00000000ece00000|100%| E|CS|TAMS 0x00000000ecd00000| PB 0x00000000ecd00000| Complete 
| 206|0x00000000ece00000, 0x00000000ecf00000, 0x00000000ecf00000|100%| E|CS|TAMS 0x00000000ece00000| PB 0x00000000ece00000| Complete 
| 207|0x00000000ecf00000, 0x00000000ed000000, 0x00000000ed000000|100%| E|CS|TAMS 0x00000000ecf00000| PB 0x00000000ecf00000| Complete 
| 208|0x00000000ed000000, 0x00000000ed100000, 0x00000000ed100000|100%| E|CS|TAMS 0x00000000ed000000| PB 0x00000000ed000000| Complete 
| 209|0x00000000ed100000, 0x00000000ed200000, 0x00000000ed200000|100%| E|CS|TAMS 0x00000000ed100000| PB 0x00000000ed100000| Complete 
| 210|0x00000000ed200000, 0x00000000ed300000, 0x00000000ed300000|100%| E|CS|TAMS 0x00000000ed200000| PB 0x00000000ed200000| Complete 
| 211|0x00000000ed300000, 0x00000000ed400000, 0x00000000ed400000|100%| E|CS|TAMS 0x00000000ed300000| PB 0x00000000ed300000| Complete 
| 212|0x00000000ed400000, 0x00000000ed500000, 0x00000000ed500000|100%| E|CS|TAMS 0x00000000ed400000| PB 0x00000000ed400000| Complete 
| 213|0x00000000ed500000, 0x00000000ed600000, 0x00000000ed600000|100%| E|CS|TAMS 0x00000000ed500000| PB 0x00000000ed500000| Complete 
| 214|0x00000000ed600000, 0x00000000ed700000, 0x00000000ed700000|100%| E|CS|TAMS 0x00000000ed600000| PB 0x00000000ed600000| Complete 
| 215|0x00000000ed700000, 0x00000000ed800000, 0x00000000ed800000|100%| E|CS|TAMS 0x00000000ed700000| PB 0x00000000ed700000| Complete 
| 216|0x00000000ed800000, 0x00000000ed900000, 0x00000000ed900000|100%| E|CS|TAMS 0x00000000ed800000| PB 0x00000000ed800000| Complete 
| 217|0x00000000ed900000, 0x00000000eda00000, 0x00000000eda00000|100%| E|CS|TAMS 0x00000000ed900000| PB 0x00000000ed900000| Complete 
| 218|0x00000000eda00000, 0x00000000edb00000, 0x00000000edb00000|100%| E|CS|TAMS 0x00000000eda00000| PB 0x00000000eda00000| Complete 
| 219|0x00000000edb00000, 0x00000000edc00000, 0x00000000edc00000|100%| E|CS|TAMS 0x00000000edb00000| PB 0x00000000edb00000| Complete 
| 220|0x00000000edc00000, 0x00000000edd00000, 0x00000000edd00000|100%| E|CS|TAMS 0x00000000edc00000| PB 0x00000000edc00000| Complete 
| 221|0x00000000edd00000, 0x00000000ede00000, 0x00000000ede00000|100%| E|CS|TAMS 0x00000000edd00000| PB 0x00000000edd00000| Complete 
| 222|0x00000000ede00000, 0x00000000edf00000, 0x00000000edf00000|100%| E|CS|TAMS 0x00000000ede00000| PB 0x00000000ede00000| Complete 
| 223|0x00000000edf00000, 0x00000000ee000000, 0x00000000ee000000|100%| E|CS|TAMS 0x00000000edf00000| PB 0x00000000edf00000| Complete 
| 224|0x00000000ee000000, 0x00000000ee100000, 0x00000000ee100000|100%| E|CS|TAMS 0x00000000ee000000| PB 0x00000000ee000000| Complete 
| 225|0x00000000ee100000, 0x00000000ee200000, 0x00000000ee200000|100%| E|CS|TAMS 0x00000000ee100000| PB 0x00000000ee100000| Complete 
| 226|0x00000000ee200000, 0x00000000ee300000, 0x00000000ee300000|100%| E|CS|TAMS 0x00000000ee200000| PB 0x00000000ee200000| Complete 
| 227|0x00000000ee300000, 0x00000000ee400000, 0x00000000ee400000|100%| E|CS|TAMS 0x00000000ee300000| PB 0x00000000ee300000| Complete 
| 228|0x00000000ee400000, 0x00000000ee500000, 0x00000000ee500000|100%| E|CS|TAMS 0x00000000ee400000| PB 0x00000000ee400000| Complete 
| 229|0x00000000ee500000, 0x00000000ee600000, 0x00000000ee600000|100%| E|CS|TAMS 0x00000000ee500000| PB 0x00000000ee500000| Complete 
| 230|0x00000000ee600000, 0x00000000ee700000, 0x00000000ee700000|100%| E|CS|TAMS 0x00000000ee600000| PB 0x00000000ee600000| Complete 
| 231|0x00000000ee700000, 0x00000000ee800000, 0x00000000ee800000|100%| E|CS|TAMS 0x00000000ee700000| PB 0x00000000ee700000| Complete 
| 232|0x00000000ee800000, 0x00000000ee900000, 0x00000000ee900000|100%| E|CS|TAMS 0x00000000ee800000| PB 0x00000000ee800000| Complete 
| 233|0x00000000ee900000, 0x00000000eea00000, 0x00000000eea00000|100%| E|CS|TAMS 0x00000000ee900000| PB 0x00000000ee900000| Complete 
| 234|0x00000000eea00000, 0x00000000eeb00000, 0x00000000eeb00000|100%| E|CS|TAMS 0x00000000eea00000| PB 0x00000000eea00000| Complete 
| 235|0x00000000eeb00000, 0x00000000eec00000, 0x00000000eec00000|100%| E|CS|TAMS 0x00000000eeb00000| PB 0x00000000eeb00000| Complete 
| 236|0x00000000eec00000, 0x00000000eed00000, 0x00000000eed00000|100%| E|CS|TAMS 0x00000000eec00000| PB 0x00000000eec00000| Complete 
| 237|0x00000000eed00000, 0x00000000eee00000, 0x00000000eee00000|100%| E|CS|TAMS 0x00000000eed00000| PB 0x00000000eed00000| Complete 
| 238|0x00000000eee00000, 0x00000000eef00000, 0x00000000eef00000|100%| E|CS|TAMS 0x00000000eee00000| PB 0x00000000eee00000| Complete 
| 239|0x00000000eef00000, 0x00000000ef000000, 0x00000000ef000000|100%| E|CS|TAMS 0x00000000eef00000| PB 0x00000000eef00000| Complete 
| 240|0x00000000ef000000, 0x00000000ef100000, 0x00000000ef100000|100%| E|CS|TAMS 0x00000000ef000000| PB 0x00000000ef000000| Complete 
| 241|0x00000000ef100000, 0x00000000ef200000, 0x00000000ef200000|100%| E|CS|TAMS 0x00000000ef100000| PB 0x00000000ef100000| Complete 
| 242|0x00000000ef200000, 0x00000000ef300000, 0x00000000ef300000|100%| E|CS|TAMS 0x00000000ef200000| PB 0x00000000ef200000| Complete 
| 243|0x00000000ef300000, 0x00000000ef400000, 0x00000000ef400000|100%| E|CS|TAMS 0x00000000ef300000| PB 0x00000000ef300000| Complete 
| 244|0x00000000ef400000, 0x00000000ef500000, 0x00000000ef500000|100%| E|CS|TAMS 0x00000000ef400000| PB 0x00000000ef400000| Complete 
| 245|0x00000000ef500000, 0x00000000ef600000, 0x00000000ef600000|100%| E|CS|TAMS 0x00000000ef500000| PB 0x00000000ef500000| Complete 
| 246|0x00000000ef600000, 0x00000000ef700000, 0x00000000ef700000|100%| E|CS|TAMS 0x00000000ef600000| PB 0x00000000ef600000| Complete 
| 247|0x00000000ef700000, 0x00000000ef800000, 0x00000000ef800000|100%| E|CS|TAMS 0x00000000ef700000| PB 0x00000000ef700000| Complete 
| 248|0x00000000ef800000, 0x00000000ef900000, 0x00000000ef900000|100%| E|CS|TAMS 0x00000000ef800000| PB 0x00000000ef800000| Complete 
| 249|0x00000000ef900000, 0x00000000efa00000, 0x00000000efa00000|100%| E|CS|TAMS 0x00000000ef900000| PB 0x00000000ef900000| Complete 
| 250|0x00000000efa00000, 0x00000000efb00000, 0x00000000efb00000|100%| E|CS|TAMS 0x00000000efa00000| PB 0x00000000efa00000| Complete 
| 251|0x00000000efb00000, 0x00000000efc00000, 0x00000000efc00000|100%| E|CS|TAMS 0x00000000efb00000| PB 0x00000000efb00000| Complete 
| 252|0x00000000efc00000, 0x00000000efd00000, 0x00000000efd00000|100%| E|CS|TAMS 0x00000000efc00000| PB 0x00000000efc00000| Complete 
| 253|0x00000000efd00000, 0x00000000efe00000, 0x00000000efe00000|100%| E|CS|TAMS 0x00000000efd00000| PB 0x00000000efd00000| Complete 
| 254|0x00000000efe00000, 0x00000000eff00000, 0x00000000eff00000|100%| E|CS|TAMS 0x00000000efe00000| PB 0x00000000efe00000| Complete 
| 255|0x00000000eff00000, 0x00000000f0000000, 0x00000000f0000000|100%| E|CS|TAMS 0x00000000eff00000| PB 0x00000000eff00000| Complete 

Card table byte_map: [0x0000028ef3360000,0x0000028ef3460000] _byte_map_base: 0x0000028ef2c60000

Marking Bits: (CMBitMap*) 0x0000028edbae95d0
 Bits: [0x0000028ef3460000, 0x0000028ef3c60000)

Polling page: 0x0000028ed9950000

Metaspace:

Usage:
  Non-class:     44.75 MB used.
      Class:      7.59 MB used.
       Both:     52.34 MB used.

Virtual space:
  Non-class space:       64.00 MB reserved,      45.69 MB ( 71%) committed,  1 nodes.
      Class space:      320.00 MB reserved,       8.50 MB (  3%) committed,  1 nodes.
             Both:      384.00 MB reserved,      54.19 MB ( 14%) committed. 

Chunk freelists:
   Non-Class:  1.55 MB
       Class:  7.41 MB
        Both:  8.96 MB

MaxMetaspaceSize: 384.00 MB
CompressedClassSpaceSize: 320.00 MB
Initial GC threshold: 21.00 MB
Current GC threshold: 59.81 MB
CDS: on
 - commit_granule_bytes: 65536.
 - commit_granule_words: 8192.
 - virtual_space_node_default_size: 8388608.
 - enlarge_chunks_in_place: 1.
 - use_allocation_guard: 0.


Internal statistics:

num_allocs_failed_limit: 12.
num_arena_births: 3258.
num_arena_deaths: 0.
num_vsnodes_births: 2.
num_vsnodes_deaths: 0.
num_space_committed: 867.
num_space_uncommitted: 0.
num_chunks_returned_to_freelist: 12.
num_chunks_taken_from_freelist: 5841.
num_chunk_merges: 9.
num_chunk_splits: 3785.
num_chunks_enlarged: 2304.
num_inconsistent_stats: 0.

CodeHeap 'non-profiled nmethods': size=120000Kb used=3728Kb max_used=3728Kb free=116271Kb
 bounds [0x0000028eeba00000, 0x0000028eebdb0000, 0x0000028ef2f30000]
CodeHeap 'profiled nmethods': size=120000Kb used=12414Kb max_used=12414Kb free=107585Kb
 bounds [0x0000028ee3f30000, 0x0000028ee4b50000, 0x0000028eeb460000]
CodeHeap 'non-nmethods': size=5760Kb used=2734Kb max_used=2841Kb free=3025Kb
 bounds [0x0000028eeb460000, 0x0000028eeb730000, 0x0000028eeba00000]
 total_blobs=7160 nmethods=6295 adapters=768
 compilation: enabled
              stopped_count=0, restarted_count=0
 full_count=0

Compilation events (20 events):
Event: 42.749 Thread 0x0000028ef68356d0 6780       3       com.google.common.collect.ImmutableMap::builderWithExpectedSize (16 bytes)
Event: 42.749 Thread 0x0000028ef68356d0 nmethod 6780 0x0000028ee4b3b590 code [0x0000028ee4b3b740, 0x0000028ee4b3ba88]
Event: 42.749 Thread 0x0000028ef68356d0 6781       3       com.google.common.collect.AbstractMapBasedMultimap::createCollection (5 bytes)
Event: 42.749 Thread 0x0000028ef68356d0 nmethod 6781 0x0000028ee4b3bb90 code [0x0000028ee4b3bd40, 0x0000028ee4b3bf08]
Event: 42.749 Thread 0x0000028ef68356d0 6784       3       com.google.common.collect.ImmutableCollection$Builder::addAll (34 bytes)
Event: 42.749 Thread 0x0000028ef68356d0 nmethod 6784 0x0000028ee4b3bf90 code [0x0000028ee4b3c180, 0x0000028ee4b3c660]
Event: 42.749 Thread 0x0000028ef68356d0 6783       3       com.google.common.collect.AbstractMapBasedMultimap$KeySet$1::hasNext (10 bytes)
Event: 42.750 Thread 0x0000028ef68356d0 nmethod 6783 0x0000028ee4b3c810 code [0x0000028ee4b3c9c0, 0x0000028ee4b3cb98]
Event: 42.750 Thread 0x0000028ef68356d0 6782       3       com.google.common.collect.AbstractMultimap::keySet (23 bytes)
Event: 42.750 Thread 0x0000028ef68356d0 nmethod 6782 0x0000028ee4b3cc90 code [0x0000028ee4b3ce40, 0x0000028ee4b3d0e8]
Event: 42.750 Thread 0x0000028ef68356d0 6785       3       com.google.common.collect.ImmutableSet$Builder::addAll (8 bytes)
Event: 42.750 Thread 0x0000028ef68356d0 nmethod 6785 0x0000028ee4b3d190 code [0x0000028ee4b3d380, 0x0000028ee4b3d8b8]
Event: 42.750 Thread 0x0000028ef68356d0 6786       3       java.util.TreeMap::entrySet (27 bytes)
Event: 42.751 Thread 0x0000028ef68356d0 nmethod 6786 0x0000028ee4b3da90 code [0x0000028ee4b3dc60, 0x0000028ee4b3e048]
Event: 42.751 Thread 0x0000028ef68356d0 6788       3       com.google.common.collect.Maps::immutableEntry (10 bytes)
Event: 42.751 Thread 0x0000028ef68356d0 nmethod 6788 0x0000028ee4b3e190 code [0x0000028ee4b3e340, 0x0000028ee4b3e658]
Event: 42.751 Thread 0x0000028ef68356d0 6787       3       java.util.TreeMap$EntrySet::<init> (10 bytes)
Event: 42.752 Thread 0x0000028ef68356d0 nmethod 6787 0x0000028ee4b3e790 code [0x0000028ee4b3e940, 0x0000028ee4b3ebc0]
Event: 42.757 Thread 0x0000028efc9c3330 nmethod 6774 0x0000028eebda1490 code [0x0000028eebda1640, 0x0000028eebda1c00]
Event: 42.757 Thread 0x0000028efc9c3330 6775       4       java.util.TreeMap::get (19 bytes)

GC Heap History (14 events):
Event: 10.769 GC heap before
{Heap before GC invocations=0 (full 0):
 garbage-first heap   total 262144K, used 27648K [0x00000000e0000000, 0x0000000100000000)
  region size 1024K, 23 young (23552K), 0 survivors (0K)
 Metaspace       used 2220K, committed 2368K, reserved 393216K
  class space    used 241K, committed 320K, reserved 327680K
}
Event: 11.806 GC heap after
{Heap after GC invocations=1 (full 0):
 garbage-first heap   total 262144K, used 10581K [0x00000000e0000000, 0x0000000100000000)
  region size 1024K, 3 young (3072K), 3 survivors (3072K)
 Metaspace       used 2220K, committed 2368K, reserved 393216K
  class space    used 241K, committed 320K, reserved 327680K
}
Event: 15.793 GC heap before
{Heap before GC invocations=1 (full 0):
 garbage-first heap   total 262144K, used 40277K [0x00000000e0000000, 0x0000000100000000)
  region size 1024K, 32 young (32768K), 3 survivors (3072K)
 Metaspace       used 4196K, committed 4416K, reserved 393216K
  class space    used 517K, committed 640K, reserved 327680K
}
Event: 15.799 GC heap after
{Heap after GC invocations=2 (full 0):
 garbage-first heap   total 262144K, used 12303K [0x00000000e0000000, 0x0000000100000000)
  region size 1024K, 2 young (2048K), 2 survivors (2048K)
 Metaspace       used 4196K, committed 4416K, reserved 393216K
  class space    used 517K, committed 640K, reserved 327680K
}
Event: 25.124 GC heap before
{Heap before GC invocations=2 (full 0):
 garbage-first heap   total 262144K, used 128015K [0x00000000e0000000, 0x0000000100000000)
  region size 1024K, 114 young (116736K), 2 survivors (2048K)
 Metaspace       used 20840K, committed 21504K, reserved 393216K
  class space    used 3009K, committed 3264K, reserved 327680K
}
Event: 25.221 GC heap after
{Heap after GC invocations=3 (full 0):
 garbage-first heap   total 262144K, used 24534K [0x00000000e0000000, 0x0000000100000000)
  region size 1024K, 13 young (13312K), 13 survivors (13312K)
 Metaspace       used 20840K, committed 21504K, reserved 393216K
  class space    used 3009K, committed 3264K, reserved 327680K
}
Event: 32.972 GC heap before
{Heap before GC invocations=4 (full 0):
 garbage-first heap   total 262144K, used 112598K [0x00000000e0000000, 0x0000000100000000)
  region size 1024K, 101 young (103424K), 13 survivors (13312K)
 Metaspace       used 34774K, committed 35968K, reserved 393216K
  class space    used 5045K, committed 5632K, reserved 327680K
}
Event: 32.990 GC heap after
{Heap after GC invocations=5 (full 0):
 garbage-first heap   total 262144K, used 30895K [0x00000000e0000000, 0x0000000100000000)
  region size 1024K, 7 young (7168K), 7 survivors (7168K)
 Metaspace       used 34774K, committed 35968K, reserved 393216K
  class space    used 5045K, committed 5632K, reserved 327680K
}
Event: 33.123 GC heap before
{Heap before GC invocations=5 (full 0):
 garbage-first heap   total 262144K, used 32943K [0x00000000e0000000, 0x0000000100000000)
  region size 1024K, 10 young (10240K), 7 survivors (7168K)
 Metaspace       used 35151K, committed 36288K, reserved 393216K
  class space    used 5082K, committed 5632K, reserved 327680K
}
Event: 33.132 GC heap after
{Heap after GC invocations=6 (full 0):
 garbage-first heap   total 262144K, used 32220K [0x00000000e0000000, 0x0000000100000000)
  region size 1024K, 8 young (8192K), 8 survivors (8192K)
 Metaspace       used 35151K, committed 36288K, reserved 393216K
  class space    used 5082K, committed 5632K, reserved 327680K
}
Event: 33.296 GC heap before
{Heap before GC invocations=6 (full 0):
 garbage-first heap   total 262144K, used 34268K [0x00000000e0000000, 0x0000000100000000)
  region size 1024K, 11 young (11264K), 8 survivors (8192K)
 Metaspace       used 35367K, committed 36608K, reserved 393216K
  class space    used 5098K, committed 5696K, reserved 327680K
}
Event: 33.302 GC heap after
{Heap after GC invocations=7 (full 0):
 garbage-first heap   total 262144K, used 31742K [0x00000000e0000000, 0x0000000100000000)
  region size 1024K, 8 young (8192K), 8 survivors (8192K)
 Metaspace       used 35367K, committed 36608K, reserved 393216K
  class space    used 5098K, committed 5696K, reserved 327680K
}
Event: 41.370 GC heap before
{Heap before GC invocations=8 (full 0):
 garbage-first heap   total 262144K, used 186366K [0x00000000e0000000, 0x0000000100000000)
  region size 1024K, 153 young (156672K), 8 survivors (8192K)
 Metaspace       used 48882K, committed 50560K, reserved 393216K
  class space    used 6975K, committed 7744K, reserved 327680K
}
Event: 41.387 GC heap after
{Heap after GC invocations=9 (full 0):
 garbage-first heap   total 262144K, used 40320K [0x00000000e0000000, 0x0000000100000000)
  region size 1024K, 16 young (16384K), 16 survivors (16384K)
 Metaspace       used 48882K, committed 50560K, reserved 393216K
  class space    used 6975K, committed 7744K, reserved 327680K
}

Dll operation events (15 events):
Event: 0.236 Loaded shared library C:\Program Files\Java\jdk-21\bin\java.dll
Event: 0.395 Loaded shared library C:\Program Files\Java\jdk-21\bin\jsvml.dll
Event: 1.746 Loaded shared library C:\Program Files\Java\jdk-21\bin\zip.dll
Event: 1.811 Loaded shared library C:\Program Files\Java\jdk-21\bin\instrument.dll
Event: 1.836 Loaded shared library C:\Program Files\Java\jdk-21\bin\net.dll
Event: 1.879 Loaded shared library C:\Program Files\Java\jdk-21\bin\nio.dll
Event: 1.901 Loaded shared library C:\Program Files\Java\jdk-21\bin\zip.dll
Event: 5.988 Loaded shared library C:\Program Files\Java\jdk-21\bin\jimage.dll
Event: 8.811 Loaded shared library C:\Program Files\Java\jdk-21\bin\verify.dll
Event: 11.897 Loaded shared library C:\Users\taing\.gradle\native\c067742578af261105cb4f569cf0c3c89f3d7b1fecec35dd04571415982c5e48\windows-amd64\native-platform.dll
Event: 11.972 Loaded shared library C:\Users\taing\.gradle\native\100fb08df4bc3b14c8652ba06237920a3bd2aa13389f12d3474272988ae205f9\windows-amd64\native-platform-file-events.dll
Event: 17.951 Loaded shared library C:\Program Files\Java\jdk-21\bin\management.dll
Event: 17.956 Loaded shared library C:\Program Files\Java\jdk-21\bin\management_ext.dll
Event: 18.351 Loaded shared library C:\Program Files\Java\jdk-21\bin\extnet.dll
Event: 18.554 Loaded shared library C:\Program Files\Java\jdk-21\bin\sunmscapi.dll

Deoptimization events (20 events):
Event: 42.450 Thread 0x0000028efb98d640 Uncommon trap: trap_request=0xffffffbe fr.pc=0x0000028eebd8eac8 relative=0x0000000000000368
Event: 42.450 Thread 0x0000028efb98d640 Uncommon trap: reason=profile_predicate action=maybe_recompile pc=0x0000028eebd8eac8 method=sun.instrument.TransformerManager.transform(Ljava/lang/Module;Ljava/lang/ClassLoader;Ljava/lang/String;Ljava/lang/Class;Ljava/security/ProtectionDomain;[B)[B @ 21 
Event: 42.450 Thread 0x0000028efb98d640 DEOPT PACKING pc=0x0000028eebd8eac8 sp=0x000000fd977f3400
Event: 42.450 Thread 0x0000028efb98d640 DEOPT UNPACKING pc=0x0000028eeb4b46a2 sp=0x000000fd977f32d0 mode 2
Event: 42.451 Thread 0x0000028efb98d640 Uncommon trap: trap_request=0xffffffbe fr.pc=0x0000028eebd8eac8 relative=0x0000000000000368
Event: 42.451 Thread 0x0000028efb98d640 Uncommon trap: reason=profile_predicate action=maybe_recompile pc=0x0000028eebd8eac8 method=sun.instrument.TransformerManager.transform(Ljava/lang/Module;Ljava/lang/ClassLoader;Ljava/lang/String;Ljava/lang/Class;Ljava/security/ProtectionDomain;[B)[B @ 21 
Event: 42.451 Thread 0x0000028efb98d640 DEOPT PACKING pc=0x0000028eebd8eac8 sp=0x000000fd977f3400
Event: 42.451 Thread 0x0000028efb98d640 DEOPT UNPACKING pc=0x0000028eeb4b46a2 sp=0x000000fd977f32d0 mode 2
Event: 42.451 Thread 0x0000028efb98d640 Uncommon trap: trap_request=0xffffffbe fr.pc=0x0000028eebd8eac8 relative=0x0000000000000368
Event: 42.451 Thread 0x0000028efb98d640 Uncommon trap: reason=profile_predicate action=maybe_recompile pc=0x0000028eebd8eac8 method=sun.instrument.TransformerManager.transform(Ljava/lang/Module;Ljava/lang/ClassLoader;Ljava/lang/String;Ljava/lang/Class;Ljava/security/ProtectionDomain;[B)[B @ 21 
Event: 42.451 Thread 0x0000028efb98d640 DEOPT PACKING pc=0x0000028eebd8eac8 sp=0x000000fd977f1bd0
Event: 42.451 Thread 0x0000028efb98d640 DEOPT UNPACKING pc=0x0000028eeb4b46a2 sp=0x000000fd977f1aa0 mode 2
Event: 42.514 Thread 0x0000028efb98d640 Uncommon trap: trap_request=0xffffff45 fr.pc=0x0000028eebd8ff08 relative=0x0000000000000b08
Event: 42.514 Thread 0x0000028efb98d640 Uncommon trap: reason=unstable_if action=reinterpret pc=0x0000028eebd8ff08 method=java.util.WeakHashMap.put(Ljava/lang/Object;Ljava/lang/Object;)Ljava/lang/Object; @ 57 c2
Event: 42.514 Thread 0x0000028efb98d640 DEOPT PACKING pc=0x0000028eebd8ff08 sp=0x000000fd977f6b70
Event: 42.514 Thread 0x0000028efb98d640 DEOPT UNPACKING pc=0x0000028eeb4b46a2 sp=0x000000fd977f6b50 mode 2
Event: 42.690 Thread 0x0000028efb98d640 Uncommon trap: trap_request=0xffffff45 fr.pc=0x0000028eebb7a6c0 relative=0x00000000000000a0
Event: 42.690 Thread 0x0000028efb98d640 Uncommon trap: reason=unstable_if action=reinterpret pc=0x0000028eebb7a6c0 method=java.util.regex.Pattern$LastNode.match(Ljava/util/regex/Matcher;ILjava/lang/CharSequence;)Z @ 13 c2
Event: 42.690 Thread 0x0000028efb98d640 DEOPT PACKING pc=0x0000028eebb7a6c0 sp=0x000000fd977fa610
Event: 42.690 Thread 0x0000028efb98d640 DEOPT UNPACKING pc=0x0000028eeb4b46a2 sp=0x000000fd977fa588 mode 2

Classes loaded (20 events):
Event: 42.438 Loading class sun/reflect/generics/tree/BooleanSignature
Event: 42.438 Loading class sun/reflect/generics/tree/BooleanSignature done
Event: 42.448 Loading class org/xml/sax/Locator
Event: 42.448 Loading class org/xml/sax/Locator done
Event: 42.449 Loading class org/xml/sax/SAXParseException
Event: 42.449 Loading class org/xml/sax/SAXParseException done
Event: 42.450 Loading class org/xml/sax/Attributes
Event: 42.451 Loading class org/xml/sax/Attributes done
Event: 42.513 Loading class java/util/AbstractCollectionBeanInfo
Event: 42.513 Loading class java/util/AbstractCollectionBeanInfo done
Event: 42.513 Loading class java/util/AbstractCollectionBeanInfo
Event: 42.513 Loading class java/util/AbstractCollectionBeanInfo done
Event: 42.513 Loading class java/util/AbstractCollectionCustomizer
Event: 42.513 Loading class java/util/AbstractCollectionCustomizer done
Event: 42.514 Loading class java/util/AbstractCollectionCustomizer
Event: 42.514 Loading class java/util/AbstractCollectionCustomizer done
Event: 42.515 Loading class sun/reflect/generics/reflectiveObjects/GenericArrayTypeImpl
Event: 42.515 Loading class sun/reflect/generics/reflectiveObjects/GenericArrayTypeImpl done
Event: 42.643 Loading class sun/reflect/generics/tree/LongSignature
Event: 42.643 Loading class sun/reflect/generics/tree/LongSignature done

Classes unloaded (0 events):
No events

Classes redefined (0 events):
No events

Internal exceptions (20 events):
Event: 42.563 Thread 0x0000028efb98d640 Exception <a 'java/lang/ClassNotFoundException'{0x00000000ecadc220}: org/gradle/api/internal/artifacts/repositories/DefaultMavenArtifactRepository_DecoratedCustomizer> (0x00000000ecadc220) 
thrown [s\open\src\hotspot\share\classfile\systemDictionary.cpp, line 312]
Event: 42.568 Thread 0x0000028efb98d640 Exception <a 'java/lang/NoSuchMethodError'{0x00000000ec9450b8}: 'void java.lang.invoke.DirectMethodHandle$Holder.invokeInterface(java.lang.Object, java.lang.Object, java.lang.Object, java.lang.Object)'> (0x00000000ec9450b8) 
thrown [s\open\src\hotspot\share\interpreter\linkResolver.cpp, line 773]
Event: 42.587 Thread 0x0000028efb98d640 Exception <a 'java/lang/ClassNotFoundException'{0x00000000ec80e698}: groovy/lang/GString$1BeanInfo> (0x00000000ec80e698) 
thrown [s\open\src\hotspot\share\classfile\systemDictionary.cpp, line 312]
Event: 42.588 Thread 0x0000028efb98d640 Exception <a 'java/lang/ClassNotFoundException'{0x00000000ec821280}: groovy/lang/GStringBeanInfo> (0x00000000ec821280) 
thrown [s\open\src\hotspot\share\classfile\systemDictionary.cpp, line 312]
Event: 42.589 Thread 0x0000028efb98d640 Exception <a 'java/lang/ClassNotFoundException'{0x00000000ec833368}: groovy/lang/GStringCustomizer> (0x00000000ec833368) 
thrown [s\open\src\hotspot\share\classfile\systemDictionary.cpp, line 312]
Event: 42.591 Thread 0x0000028efb98d640 Exception <a 'java/lang/ClassNotFoundException'{0x00000000ec8514c0}: groovy/lang/GString$1Customizer> (0x00000000ec8514c0) 
thrown [s\open\src\hotspot\share\classfile\systemDictionary.cpp, line 312]
Event: 42.597 Thread 0x0000028efb98d640 Exception <a 'java/lang/ClassNotFoundException'{0x00000000ec88b888}: groovy/lang/GroovyObjectBeanInfo> (0x00000000ec88b888) 
thrown [s\open\src\hotspot\share\classfile\systemDictionary.cpp, line 312]
Event: 42.598 Thread 0x0000028efb98d640 Exception <a 'java/lang/ClassNotFoundException'{0x00000000ec89eba8}: groovy/lang/GroovyObjectCustomizer> (0x00000000ec89eba8) 
thrown [s\open\src\hotspot\share\classfile\systemDictionary.cpp, line 312]
Event: 42.600 Thread 0x0000028efb98d640 Exception <a 'java/lang/ClassNotFoundException'{0x00000000ec8b3f90}: io/spring/gradle/dependencymanagement/dsl/ImportsHandlerBeanInfo> (0x00000000ec8b3f90) 
thrown [s\open\src\hotspot\share\classfile\systemDictionary.cpp, line 312]
Event: 42.600 Thread 0x0000028efb98d640 Exception <a 'java/lang/ClassNotFoundException'{0x00000000ec8be400}: io/spring/gradle/dependencymanagement/dsl/ImportsHandlerCustomizer> (0x00000000ec8be400) 
thrown [s\open\src\hotspot\share\classfile\systemDictionary.cpp, line 312]
Event: 42.607 Thread 0x0000028efb98d640 Exception <a 'java/lang/ClassNotFoundException'{0x00000000ec7bfdf8}: org/codehaus/groovy/runtime/GStringImplBeanInfo> (0x00000000ec7bfdf8) 
thrown [s\open\src\hotspot\share\classfile\systemDictionary.cpp, line 312]
Event: 42.608 Thread 0x0000028efb98d640 Exception <a 'java/lang/ClassNotFoundException'{0x00000000ec7d25a8}: org/codehaus/groovy/runtime/GStringImplCustomizer> (0x00000000ec7d25a8) 
thrown [s\open\src\hotspot\share\classfile\systemDictionary.cpp, line 312]
Event: 42.628 Thread 0x0000028efb98d640 Exception <a 'java/lang/ClassNotFoundException'{0x00000000ec3618a8}: org/gradle/api/internal/tasks/DefaultTaskContainer_DecoratedBeanInfo> (0x00000000ec3618a8) 
thrown [s\open\src\hotspot\share\classfile\systemDictionary.cpp, line 312]
Event: 42.629 Thread 0x0000028efb98d640 Exception <a 'java/lang/ClassNotFoundException'{0x00000000ec371ff0}: org/gradle/api/internal/tasks/DefaultTaskContainerBeanInfo> (0x00000000ec371ff0) 
thrown [s\open\src\hotspot\share\classfile\systemDictionary.cpp, line 312]
Event: 42.630 Thread 0x0000028efb98d640 Exception <a 'java/lang/ClassNotFoundException'{0x00000000ec3829d8}: org/gradle/api/internal/tasks/DefaultTaskCollectionBeanInfo> (0x00000000ec3829d8) 
thrown [s\open\src\hotspot\share\classfile\systemDictionary.cpp, line 312]
Event: 42.631 Thread 0x0000028efb98d640 Exception <a 'java/lang/ClassNotFoundException'{0x00000000ec3933d8}: org/gradle/api/internal/DefaultNamedDomainObjectSetBeanInfo> (0x00000000ec3933d8) 
thrown [s\open\src\hotspot\share\classfile\systemDictionary.cpp, line 312]
Event: 42.633 Thread 0x0000028efb98d640 Exception <a 'java/lang/ClassNotFoundException'{0x00000000ec3a3db8}: org/gradle/api/internal/DefaultNamedDomainObjectSetCustomizer> (0x00000000ec3a3db8) 
thrown [s\open\src\hotspot\share\classfile\systemDictionary.cpp, line 312]
Event: 42.636 Thread 0x0000028efb98d640 Exception <a 'java/lang/ClassNotFoundException'{0x00000000ec3e39d0}: org/gradle/api/internal/tasks/DefaultTaskCollectionCustomizer> (0x00000000ec3e39d0) 
thrown [s\open\src\hotspot\share\classfile\systemDictionary.cpp, line 312]
Event: 42.641 Thread 0x0000028efb98d640 Exception <a 'java/lang/ClassNotFoundException'{0x00000000ec248568}: org/gradle/api/internal/tasks/DefaultTaskContainerCustomizer> (0x00000000ec248568) 
thrown [s\open\src\hotspot\share\classfile\systemDictionary.cpp, line 312]
Event: 42.647 Thread 0x0000028efb98d640 Exception <a 'java/lang/ClassNotFoundException'{0x00000000ec2d4128}: org/gradle/api/internal/tasks/DefaultTaskContainer_DecoratedCustomizer> (0x00000000ec2d4128) 
thrown [s\open\src\hotspot\share\classfile\systemDictionary.cpp, line 312]

ZGC Phase Switch (0 events):
No events

VM Operations (20 events):
Event: 38.448 Executing VM operation: Cleanup
Event: 38.448 Executing VM operation: Cleanup done
Event: 38.481 Executing VM operation: HandshakeAllThreads (Deoptimize)
Event: 38.481 Executing VM operation: HandshakeAllThreads (Deoptimize) done
Event: 39.486 Executing VM operation: Cleanup
Event: 39.486 Executing VM operation: Cleanup done
Event: 39.728 Executing VM operation: HandshakeAllThreads (Deoptimize)
Event: 39.728 Executing VM operation: HandshakeAllThreads (Deoptimize) done
Event: 40.255 Executing VM operation: HandshakeAllThreads (Deoptimize)
Event: 40.255 Executing VM operation: HandshakeAllThreads (Deoptimize) done
Event: 40.955 Executing VM operation: ICBufferFull
Event: 40.956 Executing VM operation: ICBufferFull done
Event: 41.314 Executing VM operation: ICBufferFull
Event: 41.316 Executing VM operation: ICBufferFull done
Event: 41.360 Executing VM operation: G1CollectForAllocation (G1 Evacuation Pause)
Event: 41.393 Executing VM operation: G1CollectForAllocation (G1 Evacuation Pause) done
Event: 42.070 Executing VM operation: ICBufferFull
Event: 42.070 Executing VM operation: ICBufferFull done
Event: 42.447 Executing VM operation: ICBufferFull
Event: 42.447 Executing VM operation: ICBufferFull done

Events (20 events):
Event: 40.927 Thread 0x0000028efda8e3d0 Thread added: 0x0000028efda8e3d0
Event: 40.928 Thread 0x0000028efda8d020 Thread added: 0x0000028efda8d020
Event: 40.931 Thread 0x0000028efda8c990 Thread added: 0x0000028efda8c990
Event: 40.966 Thread 0x0000028efda8c300 Thread added: 0x0000028efda8c300
Event: 40.968 Thread 0x0000028efda8ea60 Thread added: 0x0000028efda8ea60
Event: 40.970 Thread 0x0000028efda8f0f0 Thread added: 0x0000028efda8f0f0
Event: 40.982 Thread 0x0000028efda8d6b0 Thread added: 0x0000028efda8d6b0
Event: 40.984 Thread 0x0000028efda8bc70 Thread added: 0x0000028efda8bc70
Event: 40.987 Thread 0x0000028efda8dd40 Thread added: 0x0000028efda8dd40
Event: 40.996 Thread 0x0000028efda8f780 Thread added: 0x0000028efda8f780
Event: 41.129 Thread 0x0000028efd0d3490 Thread added: 0x0000028efd0d3490
Event: 41.132 Thread 0x0000028efd0d2770 Thread added: 0x0000028efd0d2770
Event: 41.133 Thread 0x0000028efd0d1a50 Thread added: 0x0000028efd0d1a50
Event: 41.134 Thread 0x0000028efd0d3b20 Thread added: 0x0000028efd0d3b20
Event: 41.135 Thread 0x0000028efd0d41b0 Thread added: 0x0000028efd0d41b0
Event: 41.137 Thread 0x0000028efd0d0d30 Thread added: 0x0000028efd0d0d30
Event: 41.138 Thread 0x0000028efd0d20e0 Thread added: 0x0000028efd0d20e0
Event: 41.764 Thread 0x0000028efd0d2e00 Thread added: 0x0000028efd0d2e00
Event: 42.122 Thread 0x0000028efc9c1ec0 Thread added: 0x0000028efc9c1ec0
Event: 42.622 Thread 0x0000028efc9c3330 Thread added: 0x0000028efc9c3330


Dynamic libraries:
0x00007ff78d310000 - 0x00007ff78d320000 	C:\Program Files\Java\jdk-21\bin\java.exe
0x00007ffc7f240000 - 0x00007ffc7f4a9000 	C:\WINDOWS\SYSTEM32\ntdll.dll
0x00007ffc7d380000 - 0x00007ffc7d449000 	C:\WINDOWS\System32\KERNEL32.DLL
0x00007ffc7c5f0000 - 0x00007ffc7c9e3000 	C:\WINDOWS\System32\KERNELBASE.dll
0x00007ffc7c4a0000 - 0x00007ffc7c5eb000 	C:\WINDOWS\System32\ucrtbase.dll
0x00007ffc61820000 - 0x00007ffc61839000 	C:\Program Files\Java\jdk-21\bin\jli.dll
0x00007ffc7e880000 - 0x00007ffc7e934000 	C:\WINDOWS\System32\ADVAPI32.dll
0x00007ffc7e5f0000 - 0x00007ffc7e699000 	C:\WINDOWS\System32\msvcrt.dll
0x00007ffc7d2d0000 - 0x00007ffc7d376000 	C:\WINDOWS\System32\sechost.dll
0x00007ffc7eec0000 - 0x00007ffc7efd8000 	C:\WINDOWS\System32\RPCRT4.dll
0x00007ffc7f030000 - 0x00007ffc7f1f4000 	C:\WINDOWS\System32\USER32.dll
0x00007ffc7c3d0000 - 0x00007ffc7c3f7000 	C:\WINDOWS\System32\win32u.dll
0x00007ffc7e1a0000 - 0x00007ffc7e1cb000 	C:\WINDOWS\System32\GDI32.dll
0x00007ffc7caa0000 - 0x00007ffc7cbcd000 	C:\WINDOWS\System32\gdi32full.dll
0x00007ffc7c9f0000 - 0x00007ffc7ca93000 	C:\WINDOWS\System32\msvcp_win.dll
0x00007ffc601a0000 - 0x00007ffc601bb000 	C:\Program Files\Java\jdk-21\bin\VCRUNTIME140.dll
0x00007ffc676c0000 - 0x00007ffc67953000 	C:\WINDOWS\WinSxS\amd64_microsoft.windows.common-controls_6595b64144ccf1df_6.0.26100.5074_none_3e0d6f78e32fd63f\COMCTL32.dll
0x00007ffc75ff0000 - 0x00007ffc75ffb000 	C:\WINDOWS\SYSTEM32\VERSION.dll
0x00007ffc7e6a0000 - 0x00007ffc7e6cf000 	C:\WINDOWS\System32\IMM32.DLL
0x00007ffc61870000 - 0x00007ffc6187c000 	C:\Program Files\Java\jdk-21\bin\vcruntime140_1.dll
0x00007ffc1d890000 - 0x00007ffc1d91e000 	C:\Program Files\Java\jdk-21\bin\msvcp140.dll
0x00007ffc05600000 - 0x00007ffc06313000 	C:\Program Files\Java\jdk-21\bin\server\jvm.dll
0x00007ffc7e0f0000 - 0x00007ffc7e164000 	C:\WINDOWS\System32\WS2_32.dll
0x00007ffc7c230000 - 0x00007ffc7c28e000 	C:\WINDOWS\SYSTEM32\POWRPROF.dll
0x00007ffc6bc20000 - 0x00007ffc6bc55000 	C:\WINDOWS\SYSTEM32\WINMM.dll
0x00007ffc7c210000 - 0x00007ffc7c224000 	C:\WINDOWS\SYSTEM32\UMPDC.dll
0x00007ffc7b170000 - 0x00007ffc7b18b000 	C:\WINDOWS\SYSTEM32\kernel.appcore.dll
0x00007ffc61810000 - 0x00007ffc6181a000 	C:\Program Files\Java\jdk-21\bin\jimage.dll
0x00007ffc79690000 - 0x00007ffc798d2000 	C:\WINDOWS\SYSTEM32\DBGHELP.DLL
0x00007ffc7e240000 - 0x00007ffc7e5bb000 	C:\WINDOWS\System32\combase.dll
0x00007ffc7d010000 - 0x00007ffc7d0e7000 	C:\WINDOWS\System32\OLEAUT32.dll
0x00007ffc572d0000 - 0x00007ffc5730d000 	C:\WINDOWS\SYSTEM32\dbgcore.DLL
0x00007ffc7c400000 - 0x00007ffc7c499000 	C:\WINDOWS\System32\bcryptPrimitives.dll
0x00007ffc60190000 - 0x00007ffc6019f000 	C:\Program Files\Java\jdk-21\bin\instrument.dll
0x00007ffc60170000 - 0x00007ffc6018f000 	C:\Program Files\Java\jdk-21\bin\java.dll
0x00007ffc7d450000 - 0x00007ffc7db9d000 	C:\WINDOWS\System32\SHELL32.dll
0x00007ffc7cd20000 - 0x00007ffc7ce8c000 	C:\WINDOWS\System32\wintypes.dll
0x00007ffc7a010000 - 0x00007ffc7a869000 	C:\WINDOWS\SYSTEM32\windows.storage.dll
0x00007ffc7e940000 - 0x00007ffc7ea30000 	C:\WINDOWS\System32\SHCORE.dll
0x00007ffc7ee50000 - 0x00007ffc7eeb2000 	C:\WINDOWS\System32\shlwapi.dll
0x00007ffc7c2f0000 - 0x00007ffc7c319000 	C:\WINDOWS\SYSTEM32\profapi.dll
0x00007ffbfaf10000 - 0x00007ffbfafe7000 	C:\Program Files\Java\jdk-21\bin\jsvml.dll
0x00007ffc58ab0000 - 0x00007ffc58ac8000 	C:\Program Files\Java\jdk-21\bin\zip.dll
0x00007ffc60160000 - 0x00007ffc60170000 	C:\Program Files\Java\jdk-21\bin\net.dll
0x00007ffc74e40000 - 0x00007ffc74f5f000 	C:\WINDOWS\SYSTEM32\WINHTTP.dll
0x00007ffc7b6d0000 - 0x00007ffc7b73b000 	C:\WINDOWS\system32\mswsock.dll
0x00007ffc57090000 - 0x00007ffc570a6000 	C:\Program Files\Java\jdk-21\bin\nio.dll
0x00007ffc59030000 - 0x00007ffc59040000 	C:\Program Files\Java\jdk-21\bin\verify.dll
0x00007ffc56610000 - 0x00007ffc56637000 	C:\Users\taing\.gradle\native\c067742578af261105cb4f569cf0c3c89f3d7b1fecec35dd04571415982c5e48\windows-amd64\native-platform.dll
0x00007ffc40c30000 - 0x00007ffc40d74000 	C:\Users\taing\.gradle\native\100fb08df4bc3b14c8652ba06237920a3bd2aa13389f12d3474272988ae205f9\windows-amd64\native-platform-file-events.dll
0x00007ffc58aa0000 - 0x00007ffc58aaa000 	C:\Program Files\Java\jdk-21\bin\management.dll
0x00007ffc575e0000 - 0x00007ffc575eb000 	C:\Program Files\Java\jdk-21\bin\management_ext.dll
0x00007ffc7e230000 - 0x00007ffc7e238000 	C:\WINDOWS\System32\PSAPI.DLL
0x00007ffc7baa0000 - 0x00007ffc7babb000 	C:\WINDOWS\SYSTEM32\CRYPTSP.dll
0x00007ffc7b0d0000 - 0x00007ffc7b10b000 	C:\WINDOWS\system32\rsaenh.dll
0x00007ffc7b770000 - 0x00007ffc7b79b000 	C:\WINDOWS\SYSTEM32\USERENV.dll
0x00007ffc7c2c0000 - 0x00007ffc7c2e6000 	C:\WINDOWS\SYSTEM32\bcrypt.dll
0x00007ffc7b900000 - 0x00007ffc7b90c000 	C:\WINDOWS\SYSTEM32\CRYPTBASE.dll
0x00007ffc7ab70000 - 0x00007ffc7aba4000 	C:\WINDOWS\SYSTEM32\IPHLPAPI.DLL
0x00007ffc7e5c0000 - 0x00007ffc7e5ca000 	C:\WINDOWS\System32\NSI.dll
0x00007ffc56830000 - 0x00007ffc56839000 	C:\Program Files\Java\jdk-21\bin\extnet.dll
0x00007ffc55e10000 - 0x00007ffc55e1e000 	C:\Program Files\Java\jdk-21\bin\sunmscapi.dll
0x00007ffc7ce90000 - 0x00007ffc7d007000 	C:\WINDOWS\System32\CRYPT32.dll
0x00007ffc7bbf0000 - 0x00007ffc7bc20000 	C:\WINDOWS\SYSTEM32\ncrypt.dll
0x00007ffc7bba0000 - 0x00007ffc7bbdf000 	C:\WINDOWS\SYSTEM32\NTASN1.dll
0x00007ffc1f7c0000 - 0x00007ffc1f7c8000 	C:\WINDOWS\system32\wshunix.dll

dbghelp: loaded successfully - version: 4.0.5 - missing functions: none
symbol engine: initialized successfully - sym options: 0x614 - pdb path: .;C:\Program Files\Java\jdk-21\bin;C:\WINDOWS\SYSTEM32;C:\WINDOWS\WinSxS\amd64_microsoft.windows.common-controls_6595b64144ccf1df_6.0.26100.5074_none_3e0d6f78e32fd63f;C:\Program Files\Java\jdk-21\bin\server;C:\Users\taing\.gradle\native\c067742578af261105cb4f569cf0c3c89f3d7b1fecec35dd04571415982c5e48\windows-amd64;C:\Users\taing\.gradle\native\100fb08df4bc3b14c8652ba06237920a3bd2aa13389f12d3474272988ae205f9\windows-amd64

VM Arguments:
jvm_args: --add-opens=java.base/java.util=ALL-UNNAMED --add-opens=java.base/java.lang=ALL-UNNAMED --add-opens=java.base/java.lang.invoke=ALL-UNNAMED --add-opens=java.prefs/java.util.prefs=ALL-UNNAMED --add-opens=java.base/java.nio.charset=ALL-UNNAMED --add-opens=java.base/java.net=ALL-UNNAMED --add-opens=java.base/java.util.concurrent.atomic=ALL-UNNAMED -XX:MaxMetaspaceSize=384m -XX:+HeapDumpOnOutOfMemoryError -Xms256m -Xmx512m -Dfile.encoding=UTF-8 -Duser.country=VN -Duser.language=vi -Duser.variant -javaagent:C:\Users\taing\.gradle\wrapper\dists\gradle-8.8-bin\dl7vupf4psengwqhwktix4v1\gradle-8.8\lib\agents\gradle-instrumentation-agent-8.8.jar 
java_command: org.gradle.launcher.daemon.bootstrap.GradleDaemon 8.8
java_class_path (initial): C:\Users\taing\.gradle\wrapper\dists\gradle-8.8-bin\dl7vupf4psengwqhwktix4v1\gradle-8.8\lib\gradle-launcher-8.8.jar
Launcher Type: SUN_STANDARD

[Global flags]
     intx CICompilerCount                          = 4                                         {product} {ergonomic}
   size_t CompressedClassSpaceSize                 = 335544320                                 {product} {ergonomic}
     uint ConcGCThreads                            = 2                                         {product} {ergonomic}
     uint G1ConcRefinementThreads                  = 8                                         {product} {ergonomic}
   size_t G1HeapRegionSize                         = 1048576                                   {product} {ergonomic}
    uintx GCDrainStackTargetSize                   = 64                                        {product} {ergonomic}
     bool HeapDumpOnOutOfMemoryError               = true                                   {manageable} {command line}
   size_t InitialHeapSize                          = 268435456                                 {product} {command line}
   size_t MarkStackSize                            = 4194304                                   {product} {ergonomic}
   size_t MaxHeapSize                              = 536870912                                 {product} {command line}
   size_t MaxMetaspaceSize                         = 402653184                                 {product} {command line}
   size_t MaxNewSize                               = 321912832                                 {product} {ergonomic}
   size_t MinHeapDeltaBytes                        = 1048576                                   {product} {ergonomic}
   size_t MinHeapSize                              = 268435456                                 {product} {command line}
    uintx NonNMethodCodeHeapSize                   = 5839372                                {pd product} {ergonomic}
    uintx NonProfiledCodeHeapSize                  = 122909434                              {pd product} {ergonomic}
    uintx ProfiledCodeHeapSize                     = 122909434                              {pd product} {ergonomic}
    uintx ReservedCodeCacheSize                    = 251658240                              {pd product} {ergonomic}
     bool SegmentedCodeCache                       = true                                      {product} {ergonomic}
   size_t SoftMaxHeapSize                          = 536870912                              {manageable} {ergonomic}
     bool UseCompressedOops                        = true                           {product lp64_product} {ergonomic}
     bool UseG1GC                                  = true                                      {product} {ergonomic}
     bool UseLargePagesIndividualAllocation        = false                                  {pd product} {ergonomic}

Logging:
Log output configuration:
 #0: stdout all=warning uptime,level,tags foldmultilines=false
 #1: stderr all=off uptime,level,tags foldmultilines=false

Environment Variables:
PATH=C:\Program Files\Common Files\Oracle\Java\javapath;C:\Program Files (x86)\Common Files\Oracle\Java\java8path;C:\Program Files (x86)\Common Files\Oracle\Java\javapath;C:\WINDOWS\system32;C:\WINDOWS;C:\WINDOWS\System32\Wbem;C:\WINDOWS\System32\WindowsPowerShell\v1.0\;C:\WINDOWS\System32\OpenSSH\;C:\Program Files (x86)\Microsoft SQL Server\160\Tools\Binn\;C:\Program Files\Microsoft SQL Server\160\Tools\Binn\;C:\Program Files\Microsoft SQL Server\Client SDK\ODBC\170\Tools\Binn\;C:\Program Files\Microsoft SQL Server\160\DTS\Binn\;C:\Program Files (x86)\Microsoft SQL Server\160\DTS\Binn\;C:\Program Files\Azure Data Studio\bin;C:\Program Files\dotnet\;C:\Program Files (x86)\NVIDIA Corporation\PhysX\Common;C:\Program Files\NVIDIA Corporation\NVIDIA NvDLISR;C:\Program Files\nodejs\;C:\Program Files\Docker\Docker\resources\bin;c:\Users\taing\AppData\Local\Programs\cursor\resources\app\bin;C:\Program Files\Git\cmd;C:\Program Files\Cloudflare\Cloudflare WARP\;C:\Program Files (x86)\IVI Foundation\VISA\WinNT\Bin;C:\WINDOWS\system32;C:\WINDOWS;C:\WINDOWS\System32\Wbem;C:\WINDOWS\System32\WindowsPowerShell\v1.0\;C:\WINDOWS\System32\OpenSSH\;c:\page;C:\Users\taing\AppData\Local\Programs\Python\Python313\Scripts\;C:\Users\taing\AppData\Local\Programs\Python\Python313\;C:\Users\taing\AppData\Local\Microsoft\WindowsApps;C:\Program Files\Azure Data Studio\bin;C:\Users\taing\AppData\Local\Programs\Microsoft VS Code\bin;C:\Users\taing\AppData\Local\GitHubDesktop\bin;C:\Users\taing\AppData\Roaming\npm;C:\Users\taing\.lmstudio\bin;C:\Program Files\JetBrains\IntelliJ IDEA 2024.3\bin;;C:\Program Files\JetBrains\IntelliJ IDEA Community Edition 2025.1\bin;;C:\Users\taing\AppData\Local\Microsoft\WindowsApps;
USERNAME=taing
OS=Windows_NT
PROCESSOR_IDENTIFIER=Intel64 Family 6 Model 165 Stepping 2, GenuineIntel
TMP=C:\Users\taing\AppData\Local\Temp
TEMP=C:\Users\taing\AppData\Local\Temp




Periodic native trim disabled

---------------  S Y S T E M  ---------------

OS:
 Windows 11 , 64 bit Build 26100 (10.0.26100.5074)
OS uptime: 0 days 4:08 hours
Hyper-V role detected

CPU: total 8 (initial active 8) (4 cores per cpu, 2 threads per core) family 6 model 165 stepping 2 microcode 0xe0, cx8, cmov, fxsr, ht, mmx, 3dnowpref, sse, sse2, sse3, ssse3, sse4.1, sse4.2, popcnt, lzcnt, tsc, tscinvbit, avx, avx2, aes, erms, clmul, bmi1, bmi2, adx, fma, vzeroupper, clflush, clflushopt, hv, rdtscp, f16c
Processor Information for all 8 processors :
  Max Mhz: 2496, Current Mhz: 2496, Mhz Limit: 2496

Memory: 4k page, system-wide physical 16215M (1247M free)
TotalPageFile size 25156M (AvailPageFile size 18M)
current process WorkingSet (physical memory assigned to process): 394M, peak: 395M
current process commit charge ("private bytes"): 500M, peak: 502M

vm_info: Java HotSpot(TM) 64-Bit Server VM (21.0.4+8-LTS-274) for windows-amd64 JRE (21.0.4+8-LTS-274), built on 2024-06-05T05:23:33Z by "mach5one" with MS VC++ 17.6 (VS2022)

END.
